<?xml version="1.0" encoding="UTF-8"?>
<testsuites name="createUpdateDeleteContact" time="197.938" tests="3" failures="0" errors="0">
   <testsuite name="createUpdateDeleteContact" tests="3" failures="0" errors="0" time="197.938" skipped="0" timestamp="2023-06-08 15:29:33" hostname="deep - SF-CPU-460" id="Test Suites/Day-02/Cogmento/createUpdateDeleteContact">
      <properties>
         <property name="deviceName" value=""/>
         <property name="devicePlatform" value=""/>
         <property name="logFolder" value="/home/deep/git/KatalonProject/Reports/20230608_152920/Day-02/Cogmento/createUpdateDeleteContact/20230608_152921"/>
         <property name="logFiles" value="/home/deep/git/KatalonProject/Reports/20230608_152920/Day-02/Cogmento/createUpdateDeleteContact/20230608_152921/execution0.log"/>
         <property name="attachments" value="/home/deep/git/KatalonProject/Reports/20230608_152920/Day-02/Cogmento/createUpdateDeleteContact/20230608_152921/1686218464799.png, /home/deep/git/KatalonProject/Reports/20230608_152920/Day-02/Cogmento/createUpdateDeleteContact/20230608_152921/1686218508934.png"/>
         <property name="hostName" value="deep - SF-CPU-460"/>
         <property name="os" value="Linux 64bit"/>
         <property name="katalonVersion" value="8.6.0.208"/>
         <property name="browser" value="Chrome 109.0.0.0"/>
         <property name="hostAddress" value="127.0.1.1"/>
         <property name="sessionId" value="1160a59f3dd67061f6d594b473a66f5a"/>
         <property name="seleniumVersion" value="3.141.59"/>
         <property name="proxyInformation" value="ProxyInformation { proxyOption=NO_PROXY, proxyServerType=HTTP, username=, password=********, proxyServerAddress=, proxyServerPort=0, executionList=&quot;&quot;, isApplyToDesiredCapabilities=true }"/>
         <property name="platform" value="Linux"/>
      </properties>
      <testcase name="Test Cases/Day-02/Cogmento/CreateContact" time="40.944" classname="Test Cases/Day-02/Cogmento/CreateContact" status="PASSED">
         <system-out><![CDATA[2023-06-08 15:29:37 - [TEST_CASE][PASSED] - Test Cases/Day-02/Cogmento/CreateContact: Test Cases/Day-02/Cogmento/CreateContact

2023-06-08 15:29:37 - [TEST_STEP][PASSED] - Start listener action : maximize: Current window maximized

2023-06-08 15:29:37 - [TEST_STEP][PASSED] - maximizeWindow(): Current window maximized

2023-06-08 15:29:38 - [MESSAGE][PASSED] - Current window maximized

2023-06-08 15:29:38 - [TEST_STEP][PASSED] - navigateToUrl(URL): Navigate to 'https://ui.cogmento.com' successfully

2023-06-08 15:29:43 - [MESSAGE][PASSED] - Navigate to 'https://ui.cogmento.com' successfully

2023-06-08 15:29:44 - [TEST_STEP][PASSED] - username_object = "Object Repository/Day-02/Cogmento/createContact/input_Login_email": null

2023-06-08 15:29:44 - [TEST_STEP][PASSED] - password_object = "Object Repository/Day-02/Cogmento/createContact/input_Login_password": null

2023-06-08 15:29:44 - [TEST_STEP][PASSED] - loginBtn_object = "Object Repository/Day-02/Cogmento/createContact/div_Login": null

2023-06-08 15:29:44 - [TEST_STEP][PASSED] - com.LoginCogmento.Login(username_object, password_object, loginBtn_object, username, password): com.LoginCogmento.Login is PASSED

2023-06-08 15:29:45 - [MESSAGE][PASSED] - Text 'deep.p@simformsolutions.com' is set on object 'Object Repository/Day-02/Cogmento/createContact/input_Login_email'

2023-06-08 15:29:45 - [MESSAGE][PASSED] - Text 'Deep@123' is set on object 'Object Repository/Day-02/Cogmento/createContact/input_Login_password'

2023-06-08 15:29:46 - [MESSAGE][PASSED] - Object: 'Object Repository/Day-02/Cogmento/createContact/div_Login' is clicked on

2023-06-08 15:29:46 - [MESSAGE][PASSED] - com.LoginCogmento.Login is PASSED

2023-06-08 15:29:46 - [TEST_STEP][PASSED] - click(findTestObject("Object Repository/Day-02/Cogmento/createContact/i_Calendar_users icon")): Object: 'Object Repository/Day-02/Cogmento/createContact/i_Calendar_users icon' is clicked on

2023-06-08 15:29:50 - [MESSAGE][PASSED] - Object: 'Object Repository/Day-02/Cogmento/createContact/i_Calendar_users icon' is clicked on

2023-06-08 15:29:50 - [TEST_STEP][PASSED] - click(findTestObject("Object Repository/Day-02/Cogmento/createContact/button_Create")): Object: 'Object Repository/Day-02/Cogmento/createContact/button_Create' is clicked on

2023-06-08 15:29:52 - [MESSAGE][PASSED] - Object: 'Object Repository/Day-02/Cogmento/createContact/button_Create' is clicked on

2023-06-08 15:29:52 - [TEST_STEP][PASSED] - setText(findTestObject("Object Repository/Day-02/Cogmento/createContact/input_First Name_first_name"), firstName): Text 'Deep' is set on object 'Object Repository/Day-02/Cogmento/createContact/input_First Name_first_name'

2023-06-08 15:29:54 - [MESSAGE][PASSED] - Text 'Deep' is set on object 'Object Repository/Day-02/Cogmento/createContact/input_First Name_first_name'

2023-06-08 15:29:54 - [TEST_STEP][PASSED] - setText(findTestObject("Object Repository/Day-02/Cogmento/createContact/input_Last Name_last_name"), lastName): Text 'Patel' is set on object 'Object Repository/Day-02/Cogmento/createContact/input_Last Name_last_name'

2023-06-08 15:29:55 - [MESSAGE][PASSED] - Text 'Patel' is set on object 'Object Repository/Day-02/Cogmento/createContact/input_Last Name_last_name'

2023-06-08 15:29:55 - [TEST_STEP][PASSED] - setText(findTestObject("Object Repository/Day-02/Cogmento/createContact/input_Company_search"), company): Text 'Simform' is set on object 'Object Repository/Day-02/Cogmento/createContact/input_Company_search'

2023-06-08 15:29:56 - [MESSAGE][INFO] - Unable to find the element located by 'By.xpath: //input[@value='Simform']'. Please recheck the objects properties to make sure the desired element is located. 

2023-06-08 15:29:56 - [MESSAGE][WARNING] - [SELF-HEALING] Failed to find element with id 'Object Repository/Day-02/Cogmento/createContact/input_Company_search'. Try using Self-healing.

2023-06-08 15:29:57 - [MESSAGE][WARNING] - [SELF-HEALING] The current locator of test object 'Object Repository/Day-02/Cogmento/createContact/input_Company_search' was broken. Propose an alternative one: '//div[@id='main-content']/div/div[2]/form/div[2]/div[2]/div/div/input'.

2023-06-08 15:29:58 - [MESSAGE][INFO] - Unable to find the element located by 'By.xpath: //input[@value='Simform']'. Please recheck the objects properties to make sure the desired element is located. 

2023-06-08 15:29:58 - [MESSAGE][WARNING] - [SELF-HEALING] Failed to find element with id 'Object Repository/Day-02/Cogmento/createContact/input_Company_search'. Try using Self-healing.

2023-06-08 15:29:58 - [MESSAGE][WARNING] - [SELF-HEALING] The current locator of test object 'Object Repository/Day-02/Cogmento/createContact/input_Company_search' was broken. Propose an alternative one: '//div[@id='main-content']/div/div[2]/form/div[2]/div[2]/div/div/input'.

2023-06-08 15:29:58 - [MESSAGE][PASSED] - Text 'Simform' is set on object 'Object Repository/Day-02/Cogmento/createContact/input_Company_search'

2023-06-08 15:29:58 - [TEST_STEP][PASSED] - setText(findTestObject("Object Repository/Day-02/Cogmento/createContact/input_Email_value"), mailId): Text 'deep@gmail.com' is set on object 'Object Repository/Day-02/Cogmento/createContact/input_Email_value'

2023-06-08 15:30:00 - [MESSAGE][PASSED] - Text 'deep@gmail.com' is set on object 'Object Repository/Day-02/Cogmento/createContact/input_Email_value'

2023-06-08 15:30:00 - [TEST_STEP][PASSED] - click(findTestObject("Object Repository/Day-02/Cogmento/createContact/div_SelectLeadCustomerContactAffiliate")): Object: 'Object Repository/Day-02/Cogmento/createContact/div_SelectLeadCustomerContactAffiliate' is clicked on

2023-06-08 15:30:01 - [MESSAGE][PASSED] - Object: 'Object Repository/Day-02/Cogmento/createContact/div_SelectLeadCustomerContactAffiliate' is clicked on

2023-06-08 15:30:01 - [TEST_STEP][PASSED] - click(findTestObject("Object Repository/Day-02/Cogmento/createContact/div_Customer")): Object: 'Object Repository/Day-02/Cogmento/createContact/div_Customer' is clicked on

2023-06-08 15:30:01 - [MESSAGE][PASSED] - Object: 'Object Repository/Day-02/Cogmento/createContact/div_Customer' is clicked on

2023-06-08 15:30:01 - [TEST_STEP][PASSED] - click(findTestObject("Object Repository/Day-02/Cogmento/createContact/div_SelectNewActiveInactiveOn HoldTerminatedHot")): Object: 'Object Repository/Day-02/Cogmento/createContact/div_SelectNewActiveInactiveOn HoldTerminatedHot' is clicked on

2023-06-08 15:30:02 - [MESSAGE][PASSED] - Object: 'Object Repository/Day-02/Cogmento/createContact/div_SelectNewActiveInactiveOn HoldTerminatedHot' is clicked on

2023-06-08 15:30:02 - [TEST_STEP][PASSED] - click(findTestObject("Object Repository/Day-02/Cogmento/createContact/div_New")): Object: 'Object Repository/Day-02/Cogmento/createContact/div_New' is clicked on

2023-06-08 15:30:02 - [MESSAGE][PASSED] - Object: 'Object Repository/Day-02/Cogmento/createContact/div_New' is clicked on

2023-06-08 15:30:02 - [TEST_STEP][PASSED] - setText(findTestObject("Object Repository/Day-02/Cogmento/createContact/textarea_deep"), firstName + " " + lastName): Text 'Deep Patel' is set on object 'Object Repository/Day-02/Cogmento/createContact/textarea_deep'

2023-06-08 15:30:04 - [MESSAGE][PASSED] - Text 'Deep Patel' is set on object 'Object Repository/Day-02/Cogmento/createContact/textarea_deep'

2023-06-08 15:30:04 - [TEST_STEP][PASSED] - click(findTestObject("Object Repository/Day-02/Cogmento/createContact/label_Do not Text")): Object: 'Object Repository/Day-02/Cogmento/createContact/label_Do not Text' is clicked on

2023-06-08 15:30:04 - [MESSAGE][PASSED] - Object: 'Object Repository/Day-02/Cogmento/createContact/label_Do not Text' is clicked on

2023-06-08 15:30:04 - [TEST_STEP][PASSED] - setText(findTestObject("Object Repository/Day-02/Cogmento/createContact/input_Birthday_day"), "22"): Text '22' is set on object 'Object Repository/Day-02/Cogmento/createContact/input_Birthday_day'

2023-06-08 15:30:05 - [MESSAGE][PASSED] - Text '22' is set on object 'Object Repository/Day-02/Cogmento/createContact/input_Birthday_day'

2023-06-08 15:30:05 - [TEST_STEP][PASSED] - setText(findTestObject("Object Repository/Day-02/Cogmento/createContact/input_December_year"), "2002"): Text '2002' is set on object 'Object Repository/Day-02/Cogmento/createContact/input_December_year'

2023-06-08 15:30:06 - [MESSAGE][PASSED] - Text '2002' is set on object 'Object Repository/Day-02/Cogmento/createContact/input_December_year'

2023-06-08 15:30:06 - [TEST_STEP][PASSED] - click(findTestObject("Object Repository/Day-02/Cogmento/createContact/div_Month JanuaryFebruaryMarchAprilMayJuneJ_b508fe")): Object: 'Object Repository/Day-02/Cogmento/createContact/div_Month JanuaryFebruaryMarchAprilMayJuneJ_b508fe' is clicked on

2023-06-08 15:30:07 - [MESSAGE][PASSED] - Object: 'Object Repository/Day-02/Cogmento/createContact/div_Month JanuaryFebruaryMarchAprilMayJuneJ_b508fe' is clicked on

2023-06-08 15:30:07 - [TEST_STEP][PASSED] - click(findTestObject("Object Repository/Day-02/Cogmento/createContact/span_December")): Object: 'Object Repository/Day-02/Cogmento/createContact/span_December' is clicked on

2023-06-08 15:30:08 - [MESSAGE][PASSED] - Object: 'Object Repository/Day-02/Cogmento/createContact/span_December' is clicked on

2023-06-08 15:30:08 - [TEST_STEP][PASSED] - setText(findTestObject("Object Repository/Day-02/Cogmento/createContact/input_Image_image"), "/home/deep/Pictures/Wallpapers/Simform_Wallpaper4.png"): Text '/home/deep/Pictures/Wallpapers/Simform_Wallpaper4.png' is set on object 'Object Repository/Day-02/Cogmento/createContact/input_Image_image'

2023-06-08 15:30:09 - [MESSAGE][PASSED] - Text '/home/deep/Pictures/Wallpapers/Simform_Wallpaper4.png' is set on object 'Object Repository/Day-02/Cogmento/createContact/input_Image_image'

2023-06-08 15:30:09 - [TEST_STEP][PASSED] - click(findTestObject("Object Repository/Day-02/Cogmento/createContact/input_Identifier_identifier")): Object: 'Object Repository/Day-02/Cogmento/createContact/input_Identifier_identifier' is clicked on

2023-06-08 15:30:10 - [MESSAGE][PASSED] - Object: 'Object Repository/Day-02/Cogmento/createContact/input_Identifier_identifier' is clicked on

2023-06-08 15:30:10 - [TEST_STEP][PASSED] - click(findTestObject("Object Repository/Day-02/Cogmento/createContact/button_Save")): Object: 'Object Repository/Day-02/Cogmento/createContact/button_Save' is clicked on

2023-06-08 15:30:10 - [MESSAGE][PASSED] - Object: 'Object Repository/Day-02/Cogmento/createContact/button_Save' is clicked on

2023-06-08 15:30:10 - [TEST_STEP][PASSED] - click(findTestObject("Object Repository/Day-02/Cogmento/createContact/i_Home_home icon")): Object: 'Object Repository/Day-02/Cogmento/createContact/i_Home_home icon' is clicked on

2023-06-08 15:30:12 - [MESSAGE][PASSED] - Object: 'Object Repository/Day-02/Cogmento/createContact/i_Home_home icon' is clicked on

2023-06-08 15:30:12 - [TEST_STEP][PASSED] - mouseOver(findTestObject("Day-04/Create Contact with CSV/i_Free account_settings icon")): Object: 'Object Repository/Day-04/Create Contact with CSV/i_Free account_settings icon' is hovered

2023-06-08 15:30:13 - [MESSAGE][PASSED] - Object: 'Object Repository/Day-04/Create Contact with CSV/i_Free account_settings icon' is hovered

2023-06-08 15:30:13 - [TEST_STEP][PASSED] - click(findTestObject("Object Repository/Day-02/Cogmento/createContact/a_Deep Patel")): Object: 'Object Repository/Day-02/Cogmento/createContact/a_Deep Patel' is clicked on

2023-06-08 15:30:14 - [MESSAGE][PASSED] - Object: 'Object Repository/Day-02/Cogmento/createContact/a_Deep Patel' is clicked on

2023-06-08 15:30:14 - [TEST_STEP][PASSED] - click(findTestObject("Object Repository/Day-02/Cogmento/createContact/div_Record meta data")): Object: 'Object Repository/Day-02/Cogmento/createContact/div_Record meta data' is clicked on

2023-06-08 15:30:16 - [MESSAGE][PASSED] - Object: 'Object Repository/Day-02/Cogmento/createContact/div_Record meta data' is clicked on

2023-06-08 15:30:16 - [TEST_STEP][PASSED] - verifyTextPresent(firstName + " " + lastName, false): Text 'Deep Patel' is present on page 

2023-06-08 15:30:16 - [MESSAGE][PASSED] - Text 'Deep Patel' is present on page 

2023-06-08 15:30:16 - [TEST_STEP][PASSED] - verifyTextPresent(company, false): Text 'Simform' is present on page 

2023-06-08 15:30:16 - [MESSAGE][PASSED] - Text 'Simform' is present on page 

2023-06-08 15:30:16 - [TEST_STEP][PASSED] - verifyTextPresent(mailId, false): Text 'deep@gmail.com' is present on page 

2023-06-08 15:30:17 - [MESSAGE][PASSED] - Text 'deep@gmail.com' is present on page 

2023-06-08 15:30:17 - [TEST_STEP][PASSED] - verifyTextPresent(firstName + " " + lastName, false): Text 'Deep Patel' is present on page 

2023-06-08 15:30:17 - [MESSAGE][PASSED] - Text 'Deep Patel' is present on page 

2023-06-08 15:30:17 - [TEST_STEP][PASSED] - verifyTextPresent(firstName + " " + lastName, false): Text 'Deep Patel' is present on page 

2023-06-08 15:30:18 - [MESSAGE][PASSED] - Text 'Deep Patel' is present on page 

2023-06-08 15:30:18 - [TEST_STEP][PASSED] - Start listener action : assertmessage: null

2023-06-08 15:30:18 - [TEST_STEP][PASSED] - println("Testcase Run successfully."): null]]></system-out>
         <system-err><![CDATA[]]></system-err>
      </testcase>
      <testcase name="Test Cases/Day-02/Cogmento/updateContact" time="49.296" classname="Test Cases/Day-02/Cogmento/updateContact" status="PASSED">
         <system-out><![CDATA[2023-06-08 15:31:49 - [TEST_CASE][PASSED] - Test Cases/Day-02/Cogmento/updateContact: Test Cases/Day-02/Cogmento/updateContact

2023-06-08 15:31:49 - [TEST_STEP][PASSED] - Start listener action : maximize: Current window maximized

2023-06-08 15:31:49 - [TEST_STEP][PASSED] - maximizeWindow(): Current window maximized

2023-06-08 15:31:49 - [MESSAGE][PASSED] - Current window maximized

2023-06-08 15:31:49 - [TEST_STEP][PASSED] - navigateToUrl("https://ui.cogmento.com/"): Navigate to 'https://ui.cogmento.com/' successfully

2023-06-08 15:31:51 - [MESSAGE][PASSED] - Navigate to 'https://ui.cogmento.com/' successfully

2023-06-08 15:31:51 - [TEST_STEP][PASSED] - username_object = "Object Repository/Day-02/Cogmento/createContact/input_Login_email": null

2023-06-08 15:31:51 - [TEST_STEP][PASSED] - password_object = "Object Repository/Day-02/Cogmento/createContact/input_Login_password": null

2023-06-08 15:31:51 - [TEST_STEP][PASSED] - loginBtn_object = "Object Repository/Day-02/Cogmento/createContact/div_Login": null

2023-06-08 15:31:51 - [TEST_STEP][PASSED] - com.LoginCogmento.Login(username_object, password_object, loginBtn_object, username, password): com.LoginCogmento.Login is PASSED

2023-06-08 15:31:53 - [MESSAGE][INFO] - Unable to find the element located by 'By.xpath: //input[@name='email']'. Please recheck the objects properties to make sure the desired element is located. 

2023-06-08 15:31:53 - [MESSAGE][WARNING] - [SELF-HEALING] Failed to find element with id 'Object Repository/Day-02/Cogmento/createContact/input_Login_email'. Try using Self-healing.

2023-06-08 15:31:53 - [MESSAGE][WARNING] - [SELF-HEALING] The current locator of test object 'Object Repository/Day-02/Cogmento/createContact/input_Login_email' was broken. Propose an alternative one: '//input'.

2023-06-08 15:31:54 - [MESSAGE][INFO] - Unable to find the element located by 'By.xpath: //input[@name='email']'. Please recheck the objects properties to make sure the desired element is located. 

2023-06-08 15:31:54 - [MESSAGE][WARNING] - [SELF-HEALING] Failed to find element with id 'Object Repository/Day-02/Cogmento/createContact/input_Login_email'. Try using Self-healing.

2023-06-08 15:31:55 - [MESSAGE][WARNING] - [SELF-HEALING] The current locator of test object 'Object Repository/Day-02/Cogmento/createContact/input_Login_email' was broken. Propose an alternative one: '//input'.

2023-06-08 15:31:55 - [MESSAGE][PASSED] - Text 'deep.p@simformsolutions.com' is set on object 'Object Repository/Day-02/Cogmento/createContact/input_Login_email'

2023-06-08 15:31:56 - [MESSAGE][INFO] - Unable to find the element located by 'By.xpath: //input[@name='password']'. Please recheck the objects properties to make sure the desired element is located. 

2023-06-08 15:31:56 - [MESSAGE][WARNING] - [SELF-HEALING] Failed to find element with id 'Object Repository/Day-02/Cogmento/createContact/input_Login_password'. Try using Self-healing.

2023-06-08 15:31:56 - [MESSAGE][WARNING] - [SELF-HEALING] The current locator of test object 'Object Repository/Day-02/Cogmento/createContact/input_Login_password' was broken. Propose an alternative one: '//div[2]/div/input'.

2023-06-08 15:31:57 - [MESSAGE][INFO] - Unable to find the element located by 'By.xpath: //input[@name='password']'. Please recheck the objects properties to make sure the desired element is located. 

2023-06-08 15:31:57 - [MESSAGE][WARNING] - [SELF-HEALING] Failed to find element with id 'Object Repository/Day-02/Cogmento/createContact/input_Login_password'. Try using Self-healing.

2023-06-08 15:31:58 - [MESSAGE][WARNING] - [SELF-HEALING] The current locator of test object 'Object Repository/Day-02/Cogmento/createContact/input_Login_password' was broken. Propose an alternative one: '//div[2]/div/input'.

2023-06-08 15:31:58 - [MESSAGE][PASSED] - Text 'Deep@123' is set on object 'Object Repository/Day-02/Cogmento/createContact/input_Login_password'

2023-06-08 15:31:59 - [MESSAGE][INFO] - Unable to find the element located by 'By.xpath: //div[@id='ui']/div/div/form/div/div[3]'. Please recheck the objects properties to make sure the desired element is located. 

2023-06-08 15:31:59 - [MESSAGE][WARNING] - [SELF-HEALING] Failed to find element with id 'Object Repository/Day-02/Cogmento/createContact/div_Login'. Try using Self-healing.

2023-06-08 15:31:59 - [MESSAGE][WARNING] - [SELF-HEALING] The current locator of test object 'Object Repository/Day-02/Cogmento/createContact/div_Login' was broken. Propose an alternative one: '//div/div[3]'.

2023-06-08 15:31:59 - [MESSAGE][PASSED] - Object: 'Object Repository/Day-02/Cogmento/createContact/div_Login' is clicked on

2023-06-08 15:31:59 - [MESSAGE][PASSED] - com.LoginCogmento.Login is PASSED

2023-06-08 15:31:59 - [TEST_STEP][PASSED] - click(findTestObject("Object Repository/Day-02/Cogmento/updateContact/a_Deep Patel")): Object: 'Object Repository/Day-02/Cogmento/updateContact/a_Deep Patel' is clicked on

2023-06-08 15:32:01 - [MESSAGE][INFO] - Unable to find the element located by 'By.xpath: //div[@id='main-content']/div/div/div/div/div[2]/div/div/div/div/div[2]/div[2]/div/span/a'. Please recheck the objects properties to make sure the desired element is located. 

2023-06-08 15:32:01 - [MESSAGE][WARNING] - [SELF-HEALING] Failed to find element with id 'Object Repository/Day-02/Cogmento/updateContact/a_Deep Patel'. Try using Self-healing.

2023-06-08 15:32:01 - [MESSAGE][WARNING] - [SELF-HEALING] The current locator of test object 'Object Repository/Day-02/Cogmento/updateContact/a_Deep Patel' was broken. Propose an alternative one: '//a[contains(text(),'Deep Patel')]'.

2023-06-08 15:32:26 - [MESSAGE][PASSED] - Object: 'Object Repository/Day-02/Cogmento/updateContact/a_Deep Patel' is clicked on

2023-06-08 15:32:26 - [TEST_STEP][PASSED] - click(findTestObject("Object Repository/Day-02/Cogmento/updateContact/button_Deep Patel_ui icon button")): Object: 'Object Repository/Day-02/Cogmento/updateContact/button_Deep Patel_ui icon button' is clicked on

2023-06-08 15:32:28 - [MESSAGE][PASSED] - Object: 'Object Repository/Day-02/Cogmento/updateContact/button_Deep Patel_ui icon button' is clicked on

2023-06-08 15:32:28 - [TEST_STEP][PASSED] - clearText(findTestObject("Object Repository/Day-02/Cogmento/updateContact/input_Middle Name(s)_middle_name")): Text of object 'Object Repository/Day-02/Cogmento/updateContact/input_Middle Name(s)_middle_name' is cleared

2023-06-08 15:32:29 - [MESSAGE][PASSED] - Text of object 'Object Repository/Day-02/Cogmento/updateContact/input_Middle Name(s)_middle_name' is cleared

2023-06-08 15:32:29 - [TEST_STEP][PASSED] - setText(findTestObject("Object Repository/Day-02/Cogmento/updateContact/input_Middle Name(s)_middle_name"), middleName): Text 'Rakeshbhai' is set on object 'Object Repository/Day-02/Cogmento/updateContact/input_Middle Name(s)_middle_name'

2023-06-08 15:32:30 - [MESSAGE][PASSED] - Text 'Rakeshbhai' is set on object 'Object Repository/Day-02/Cogmento/updateContact/input_Middle Name(s)_middle_name'

2023-06-08 15:32:30 - [TEST_STEP][PASSED] - click(findTestObject("Object Repository/Day-02/Cogmento/updateContact/i_Public_unlock icon")): Object: 'Object Repository/Day-02/Cogmento/updateContact/i_Public_unlock icon' is clicked on

2023-06-08 15:32:31 - [MESSAGE][PASSED] - Object: 'Object Repository/Day-02/Cogmento/updateContact/i_Public_unlock icon' is clicked on

2023-06-08 15:32:31 - [TEST_STEP][PASSED] - sendKeys(findTestObject("Object Repository/Day-02/Cogmento/updateContact/input_Tags_search"), Keys.chord(ENTER)): Keys 'ENTER + ' sent to object: 'Object Repository/Day-02/Cogmento/updateContact/input_Tags_search'

2023-06-08 15:32:32 - [MESSAGE][INFO] - Unable to find the element located by 'By.xpath: //input[@value='tester']'. Please recheck the objects properties to make sure the desired element is located. 

2023-06-08 15:32:32 - [MESSAGE][WARNING] - [SELF-HEALING] Failed to find element with id 'Object Repository/Day-02/Cogmento/updateContact/input_Tags_search'. Try using Self-healing.

2023-06-08 15:32:32 - [MESSAGE][WARNING] - [SELF-HEALING] The current locator of test object 'Object Repository/Day-02/Cogmento/updateContact/input_Tags_search' was broken. Propose an alternative one: '//div[@id='main-content']/div/div[2]/form/div[3]/div[2]/div/label[2]/div/input'.

2023-06-08 15:32:32 - [MESSAGE][PASSED] - Keys 'ENTER + ' sent to object: 'Object Repository/Day-02/Cogmento/updateContact/input_Tags_search'

2023-06-08 15:32:32 - [TEST_STEP][PASSED] - click(findTestObject("Object Repository/Day-02/Cogmento/updateContact/div_testerNo results found")): Object: 'Object Repository/Day-02/Cogmento/updateContact/div_testerNo results found' is clicked on

2023-06-08 15:32:33 - [MESSAGE][PASSED] - Object: 'Object Repository/Day-02/Cogmento/updateContact/div_testerNo results found' is clicked on

2023-06-08 15:32:33 - [TEST_STEP][PASSED] - click(findTestObject("Object Repository/Day-02/Cogmento/updateContact/label_Do not Call")): Object: 'Object Repository/Day-02/Cogmento/updateContact/label_Do not Call' is clicked on

2023-06-08 15:32:33 - [MESSAGE][PASSED] - Object: 'Object Repository/Day-02/Cogmento/updateContact/label_Do not Call' is clicked on

2023-06-08 15:32:33 - [TEST_STEP][PASSED] - click(findTestObject("Object Repository/Day-02/Cogmento/updateContact/label_Do not Email")): Object: 'Object Repository/Day-02/Cogmento/updateContact/label_Do not Email' is clicked on

2023-06-08 15:32:34 - [MESSAGE][PASSED] - Object: 'Object Repository/Day-02/Cogmento/updateContact/label_Do not Email' is clicked on

2023-06-08 15:32:34 - [TEST_STEP][PASSED] - click(findTestObject("Object Repository/Day-02/Cogmento/updateContact/button_Save")): Object: 'Object Repository/Day-02/Cogmento/updateContact/button_Save' is clicked on

2023-06-08 15:32:34 - [MESSAGE][PASSED] - Object: 'Object Repository/Day-02/Cogmento/updateContact/button_Save' is clicked on

2023-06-08 15:32:34 - [TEST_STEP][PASSED] - click(findTestObject("Object Repository/Day-02/Cogmento/updateContact/div_AccessOnly you can see this record")): Object: 'Object Repository/Day-02/Cogmento/updateContact/div_AccessOnly you can see this record' is clicked on

2023-06-08 15:32:36 - [MESSAGE][PASSED] - Object: 'Object Repository/Day-02/Cogmento/updateContact/div_AccessOnly you can see this record' is clicked on

2023-06-08 15:32:36 - [TEST_STEP][PASSED] - click(findTestObject("Object Repository/Day-02/Cogmento/updateContact/div_Do not CallYes")): Object: 'Object Repository/Day-02/Cogmento/updateContact/div_Do not CallYes' is clicked on

2023-06-08 15:32:36 - [MESSAGE][PASSED] - Object: 'Object Repository/Day-02/Cogmento/updateContact/div_Do not CallYes' is clicked on

2023-06-08 15:32:36 - [TEST_STEP][PASSED] - click(findTestObject("Object Repository/Day-02/Cogmento/updateContact/div_Do not Text")): Object: 'Object Repository/Day-02/Cogmento/updateContact/div_Do not Text' is clicked on

2023-06-08 15:32:37 - [MESSAGE][PASSED] - Object: 'Object Repository/Day-02/Cogmento/updateContact/div_Do not Text' is clicked on

2023-06-08 15:32:37 - [TEST_STEP][PASSED] - click(findTestObject("Object Repository/Day-02/Cogmento/updateContact/div_Do not Email")): Object: 'Object Repository/Day-02/Cogmento/updateContact/div_Do not Email' is clicked on

2023-06-08 15:32:37 - [MESSAGE][PASSED] - Object: 'Object Repository/Day-02/Cogmento/updateContact/div_Do not Email' is clicked on

2023-06-08 15:32:37 - [TEST_STEP][PASSED] - verifyTextPresent(middleName, false): Text 'Rakeshbhai' is present on page 

2023-06-08 15:32:38 - [MESSAGE][PASSED] - Text 'Rakeshbhai' is present on page 

2023-06-08 15:32:38 - [TEST_STEP][PASSED] - Start listener action : assertmessage: null

2023-06-08 15:32:38 - [TEST_STEP][PASSED] - println("Testcase Run successfully."): null]]></system-out>
         <system-err><![CDATA[]]></system-err>
      </testcase>
      <testcase name="Test Cases/Day-02/Cogmento/deleteContact" time="12.745" classname="Test Cases/Day-02/Cogmento/deleteContact" status="PASSED">
         <system-out><![CDATA[2023-06-08 15:32:38 - [TEST_CASE][PASSED] - Test Cases/Day-02/Cogmento/deleteContact: Test Cases/Day-02/Cogmento/deleteContact

2023-06-08 15:32:38 - [TEST_STEP][PASSED] - Start listener action : maximize: Current window maximized

2023-06-08 15:32:38 - [TEST_STEP][PASSED] - maximizeWindow(): Current window maximized

2023-06-08 15:32:38 - [MESSAGE][PASSED] - Current window maximized

2023-06-08 15:32:38 - [TEST_STEP][PASSED] - navigateToUrl("https://ui.cogmento.com/"): Navigate to 'https://ui.cogmento.com/' successfully

2023-06-08 15:32:40 - [MESSAGE][PASSED] - Navigate to 'https://ui.cogmento.com/' successfully

2023-06-08 15:32:40 - [TEST_STEP][PASSED] - username_object = "Object Repository/Day-02/Cogmento/createContact/input_Login_email": null

2023-06-08 15:32:40 - [TEST_STEP][PASSED] - password_object = "Object Repository/Day-02/Cogmento/createContact/input_Login_password": null

2023-06-08 15:32:40 - [TEST_STEP][PASSED] - loginBtn_object = "Object Repository/Day-02/Cogmento/createContact/div_Login": null

2023-06-08 15:32:40 - [TEST_STEP][PASSED] - com.LoginCogmento.Login(username_object, password_object, loginBtn_object, username, password): com.LoginCogmento.Login is PASSED

2023-06-08 15:32:42 - [MESSAGE][INFO] - Unable to find the element located by 'By.xpath: //input[@name='email']'. Please recheck the objects properties to make sure the desired element is located. 

2023-06-08 15:32:42 - [MESSAGE][WARNING] - [SELF-HEALING] Failed to find element with id 'Object Repository/Day-02/Cogmento/createContact/input_Login_email'. Try using Self-healing.

2023-06-08 15:32:42 - [MESSAGE][WARNING] - [SELF-HEALING] The current locator of test object 'Object Repository/Day-02/Cogmento/createContact/input_Login_email' was broken. Propose an alternative one: '//input'.

2023-06-08 15:32:43 - [MESSAGE][INFO] - Unable to find the element located by 'By.xpath: //input[@name='email']'. Please recheck the objects properties to make sure the desired element is located. 

2023-06-08 15:32:43 - [MESSAGE][WARNING] - [SELF-HEALING] Failed to find element with id 'Object Repository/Day-02/Cogmento/createContact/input_Login_email'. Try using Self-healing.

2023-06-08 15:32:44 - [MESSAGE][WARNING] - [SELF-HEALING] The current locator of test object 'Object Repository/Day-02/Cogmento/createContact/input_Login_email' was broken. Propose an alternative one: '//input'.

2023-06-08 15:32:44 - [MESSAGE][PASSED] - Text 'deep.p@simformsolutions.com' is set on object 'Object Repository/Day-02/Cogmento/createContact/input_Login_email'

2023-06-08 15:32:45 - [MESSAGE][INFO] - Unable to find the element located by 'By.xpath: //input[@name='password']'. Please recheck the objects properties to make sure the desired element is located. 

2023-06-08 15:32:45 - [MESSAGE][WARNING] - [SELF-HEALING] Failed to find element with id 'Object Repository/Day-02/Cogmento/createContact/input_Login_password'. Try using Self-healing.

2023-06-08 15:32:45 - [MESSAGE][WARNING] - [SELF-HEALING] The current locator of test object 'Object Repository/Day-02/Cogmento/createContact/input_Login_password' was broken. Propose an alternative one: '//div[2]/div/input'.

2023-06-08 15:32:46 - [MESSAGE][INFO] - Unable to find the element located by 'By.xpath: //input[@name='password']'. Please recheck the objects properties to make sure the desired element is located. 

2023-06-08 15:32:46 - [MESSAGE][WARNING] - [SELF-HEALING] Failed to find element with id 'Object Repository/Day-02/Cogmento/createContact/input_Login_password'. Try using Self-healing.

2023-06-08 15:32:47 - [MESSAGE][WARNING] - [SELF-HEALING] The current locator of test object 'Object Repository/Day-02/Cogmento/createContact/input_Login_password' was broken. Propose an alternative one: '//div[2]/div/input'.

2023-06-08 15:32:47 - [MESSAGE][PASSED] - Text 'Deep@123' is set on object 'Object Repository/Day-02/Cogmento/createContact/input_Login_password'

2023-06-08 15:32:48 - [MESSAGE][INFO] - Unable to find the element located by 'By.xpath: //div[@id='ui']/div/div/form/div/div[3]'. Please recheck the objects properties to make sure the desired element is located. 

2023-06-08 15:32:48 - [MESSAGE][WARNING] - [SELF-HEALING] Failed to find element with id 'Object Repository/Day-02/Cogmento/createContact/div_Login'. Try using Self-healing.

2023-06-08 15:32:48 - [MESSAGE][WARNING] - [SELF-HEALING] The current locator of test object 'Object Repository/Day-02/Cogmento/createContact/div_Login' was broken. Propose an alternative one: '//div/div[3]'.

2023-06-08 15:32:49 - [MESSAGE][PASSED] - Object: 'Object Repository/Day-02/Cogmento/createContact/div_Login' is clicked on

2023-06-08 15:32:49 - [MESSAGE][PASSED] - com.LoginCogmento.Login is PASSED

2023-06-08 15:32:49 - [TEST_STEP][PASSED] - click(findTestObject("Object Repository/Day-02/Cogmento/deleteContact/i_Calendar_users icon")): Object: 'Object Repository/Day-02/Cogmento/deleteContact/i_Calendar_users icon' is clicked on

2023-06-08 15:32:50 - [MESSAGE][PASSED] - Object: 'Object Repository/Day-02/Cogmento/deleteContact/i_Calendar_users icon' is clicked on

2023-06-08 15:32:50 - [TEST_STEP][PASSED] - click(findTestObject("Object Repository/Day-02/Cogmento/deleteContact/i_deepgmail.com_trash icon")): Object: 'Object Repository/Day-02/Cogmento/deleteContact/i_deepgmail.com_trash icon' is clicked on

2023-06-08 15:32:50 - [MESSAGE][PASSED] - Object: 'Object Repository/Day-02/Cogmento/deleteContact/i_deepgmail.com_trash icon' is clicked on

2023-06-08 15:32:50 - [TEST_STEP][PASSED] - click(findTestObject("Object Repository/Day-02/Cogmento/deleteContact/button_Delete")): Object: 'Object Repository/Day-02/Cogmento/deleteContact/button_Delete' is clicked on

2023-06-08 15:32:51 - [MESSAGE][PASSED] - Object: 'Object Repository/Day-02/Cogmento/deleteContact/button_Delete' is clicked on

2023-06-08 15:32:51 - [TEST_STEP][PASSED] - Start listener action : assertmessage: null

2023-06-08 15:32:51 - [TEST_STEP][PASSED] - println("Testcase Run successfully."): null]]></system-out>
         <system-err><![CDATA[]]></system-err>
      </testcase>
      <system-out><![CDATA[2023-06-08 15:29:33 - [TEST_SUITE][FAILED] - createUpdateDeleteContact: Test Cases/Day-02/Cogmento/updateContact FAILED.
Reason:
com.kms.katalon.core.exception.StepFailedException: Unable to click on object 'Object Repository/Day-02/Cogmento/updateContact/a_Deep Patel'
	at com.kms.katalon.core.webui.keyword.internal.WebUIKeywordMain.stepFailed(WebUIKeywordMain.groovy:64)
	at com.kms.katalon.core.webui.keyword.internal.WebUIKeywordMain.runKeyword(WebUIKeywordMain.groovy:26)
	at com.kms.katalon.core.webui.keyword.builtin.ClickKeyword.click(ClickKeyword.groovy:74)
	at com.kms.katalon.core.webui.keyword.builtin.ClickKeyword.execute(ClickKeyword.groovy:40)
	at com.kms.katalon.core.keyword.internal.KeywordExecutor.executeKeywordForPlatform(KeywordExecutor.groovy:74)
	at com.kms.katalon.core.webui.keyword.WebUiBuiltInKeywords.click(WebUiBuiltInKeywords.groovy:620)
	at com.kms.katalon.core.webui.keyword.WebUiBuiltInKeywords$click$3.call(Unknown Source)
	at updateContact.run(updateContact:34)
	at com.kms.katalon.core.main.ScriptEngine.run(ScriptEngine.java:194)
	at com.kms.katalon.core.main.ScriptEngine.runScriptAsRawText(ScriptEngine.java:119)
	at com.kms.katalon.core.main.TestCaseExecutor.runScript(TestCaseExecutor.java:448)
	at com.kms.katalon.core.main.TestCaseExecutor.doExecute(TestCaseExecutor.java:439)
	at com.kms.katalon.core.main.TestCaseExecutor.processExecutionPhase(TestCaseExecutor.java:418)
	at com.kms.katalon.core.main.TestCaseExecutor.accessMainPhase(TestCaseExecutor.java:410)
	at com.kms.katalon.core.main.TestCaseExecutor.execute(TestCaseExecutor.java:285)
	at com.kms.katalon.core.common.CommonExecutor.accessTestCaseMainPhase(CommonExecutor.java:65)
	at com.kms.katalon.core.main.TestSuiteExecutor.accessTestSuiteMainPhase(TestSuiteExecutor.java:148)
	at com.kms.katalon.core.main.TestSuiteExecutor.execute(TestSuiteExecutor.java:106)
	at com.kms.katalon.core.main.TestCaseMain.startTestSuite(TestCaseMain.java:187)
	at com.kms.katalon.core.main.TestCaseMain$startTestSuite$0.call(Unknown Source)
	at TempTestSuite1686218361243.run(TempTestSuite1686218361243.groovy:36)
Caused by: org.openqa.selenium.ElementClickInterceptedException: element click intercepted: Element <a href="/contacts/69dc9630-cd90-45a9-a360-21d632af954c">...</a> is not clickable at point (132, 176). Other element would receive the click: <a class="item active" href="/contacts" aria-current="page">...</a>
  (Session info: chrome=109.0.5414.119)
Build info: version: '3.141.59', revision: 'e82be7d358', time: '2018-11-14T08:25:53'
System info: host: 'sf-cpu-460', ip: '127.0.1.1', os.name: 'Linux', os.arch: 'amd64', os.version: '5.15.0-73-generic', java.version: '1.8.0_362'
Driver info: com.kms.katalon.selenium.driver.CChromeDriver
Capabilities {acceptInsecureCerts: false, browserName: chrome, browserVersion: 109.0.5414.119, chrome: {chromedriverVersion: 109.0.5414.74 (e7c5703604da..., userDataDir: /tmp/.com.google.Chrome.VDpcT0}, goog:chromeOptions: {debuggerAddress: localhost:43079}, javascriptEnabled: true, networkConnectionEnabled: false, pageLoadStrategy: normal, platform: LINUX, platformName: LINUX, proxy: Proxy(), setWindowRect: true, strictFileInteractability: false, timeouts: {implicit: 0, pageLoad: 300000, script: 30000}, unhandledPromptBehavior: dismiss and notify, webauthn:extension:credBlob: true, webauthn:extension:largeBlob: true, webauthn:virtualAuthenticators: true}
Session ID: 1160a59f3dd67061f6d594b473a66f5a
	at org.openqa.selenium.remote.http.W3CHttpResponseCodec.createException(W3CHttpResponseCodec.java:187)
	at org.openqa.selenium.remote.http.W3CHttpResponseCodec.decode(W3CHttpResponseCodec.java:122)
	at org.openqa.selenium.remote.http.W3CHttpResponseCodec.decode(W3CHttpResponseCodec.java:49)
	at org.openqa.selenium.remote.HttpCommandExecutor.execute(HttpCommandExecutor.java:158)
	at org.openqa.selenium.remote.service.DriverCommandExecutor.execute(DriverCommandExecutor.java:83)
	at org.openqa.selenium.remote.RemoteWebDriver.execute(RemoteWebDriver.java:552)
	at com.kms.katalon.selenium.driver.CChromeDriver.execute(CChromeDriver.java:19)
	at org.openqa.selenium.remote.RemoteWebElement.execute(RemoteWebElement.java:285)
	at org.openqa.selenium.remote.RemoteWebElement.click(RemoteWebElement.java:84)
	at org.openqa.selenium.support.events.EventFiringWebDriver$EventFiringWebElement.lambda$new$0(EventFiringWebDriver.java:404)
	at com.sun.proxy.$Proxy14.click(Unknown Source)
	at org.openqa.selenium.support.events.EventFiringWebDriver$EventFiringWebElement.click(EventFiringWebDriver.java:417)
	at org.openqa.selenium.WebElement$click.call(Unknown Source)
	at com.kms.katalon.core.webui.keyword.builtin.ClickKeyword.clickUntilSuccessWithTimeout(ClickKeyword.groovy:81)
	at com.kms.katalon.core.webui.keyword.builtin.ClickKeyword.clickUntilSuccessWithTimeout(ClickKeyword.groovy)
	at com.kms.katalon.core.webui.keyword.builtin.ClickKeyword$_click_closure1.doCall(ClickKeyword.groovy:67)
	at com.kms.katalon.core.webui.keyword.builtin.ClickKeyword$_click_closure1.call(ClickKeyword.groovy)
	at com.kms.katalon.core.webui.keyword.internal.WebUIKeywordMain.runKeyword(WebUIKeywordMain.groovy:20)
	... 19 more]]></system-out>
      <system-err><![CDATA[2023-06-08 15:29:33 - [TEST_SUITE][FAILED] - createUpdateDeleteContact: Test Cases/Day-02/Cogmento/updateContact FAILED.
Reason:
com.kms.katalon.core.exception.StepFailedException: Unable to click on object 'Object Repository/Day-02/Cogmento/updateContact/a_Deep Patel'
	at com.kms.katalon.core.webui.keyword.internal.WebUIKeywordMain.stepFailed(WebUIKeywordMain.groovy:64)
	at com.kms.katalon.core.webui.keyword.internal.WebUIKeywordMain.runKeyword(WebUIKeywordMain.groovy:26)
	at com.kms.katalon.core.webui.keyword.builtin.ClickKeyword.click(ClickKeyword.groovy:74)
	at com.kms.katalon.core.webui.keyword.builtin.ClickKeyword.execute(ClickKeyword.groovy:40)
	at com.kms.katalon.core.keyword.internal.KeywordExecutor.executeKeywordForPlatform(KeywordExecutor.groovy:74)
	at com.kms.katalon.core.webui.keyword.WebUiBuiltInKeywords.click(WebUiBuiltInKeywords.groovy:620)
	at com.kms.katalon.core.webui.keyword.WebUiBuiltInKeywords$click$3.call(Unknown Source)
	at updateContact.run(updateContact:34)
	at com.kms.katalon.core.main.ScriptEngine.run(ScriptEngine.java:194)
	at com.kms.katalon.core.main.ScriptEngine.runScriptAsRawText(ScriptEngine.java:119)
	at com.kms.katalon.core.main.TestCaseExecutor.runScript(TestCaseExecutor.java:448)
	at com.kms.katalon.core.main.TestCaseExecutor.doExecute(TestCaseExecutor.java:439)
	at com.kms.katalon.core.main.TestCaseExecutor.processExecutionPhase(TestCaseExecutor.java:418)
	at com.kms.katalon.core.main.TestCaseExecutor.accessMainPhase(TestCaseExecutor.java:410)
	at com.kms.katalon.core.main.TestCaseExecutor.execute(TestCaseExecutor.java:285)
	at com.kms.katalon.core.common.CommonExecutor.accessTestCaseMainPhase(CommonExecutor.java:65)
	at com.kms.katalon.core.main.TestSuiteExecutor.accessTestSuiteMainPhase(TestSuiteExecutor.java:148)
	at com.kms.katalon.core.main.TestSuiteExecutor.execute(TestSuiteExecutor.java:106)
	at com.kms.katalon.core.main.TestCaseMain.startTestSuite(TestCaseMain.java:187)
	at com.kms.katalon.core.main.TestCaseMain$startTestSuite$0.call(Unknown Source)
	at TempTestSuite1686218361243.run(TempTestSuite1686218361243.groovy:36)
Caused by: org.openqa.selenium.ElementClickInterceptedException: element click intercepted: Element <a href="/contacts/69dc9630-cd90-45a9-a360-21d632af954c">...</a> is not clickable at point (132, 176). Other element would receive the click: <a class="item active" href="/contacts" aria-current="page">...</a>
  (Session info: chrome=109.0.5414.119)
Build info: version: '3.141.59', revision: 'e82be7d358', time: '2018-11-14T08:25:53'
System info: host: 'sf-cpu-460', ip: '127.0.1.1', os.name: 'Linux', os.arch: 'amd64', os.version: '5.15.0-73-generic', java.version: '1.8.0_362'
Driver info: com.kms.katalon.selenium.driver.CChromeDriver
Capabilities {acceptInsecureCerts: false, browserName: chrome, browserVersion: 109.0.5414.119, chrome: {chromedriverVersion: 109.0.5414.74 (e7c5703604da..., userDataDir: /tmp/.com.google.Chrome.VDpcT0}, goog:chromeOptions: {debuggerAddress: localhost:43079}, javascriptEnabled: true, networkConnectionEnabled: false, pageLoadStrategy: normal, platform: LINUX, platformName: LINUX, proxy: Proxy(), setWindowRect: true, strictFileInteractability: false, timeouts: {implicit: 0, pageLoad: 300000, script: 30000}, unhandledPromptBehavior: dismiss and notify, webauthn:extension:credBlob: true, webauthn:extension:largeBlob: true, webauthn:virtualAuthenticators: true}
Session ID: 1160a59f3dd67061f6d594b473a66f5a
	at org.openqa.selenium.remote.http.W3CHttpResponseCodec.createException(W3CHttpResponseCodec.java:187)
	at org.openqa.selenium.remote.http.W3CHttpResponseCodec.decode(W3CHttpResponseCodec.java:122)
	at org.openqa.selenium.remote.http.W3CHttpResponseCodec.decode(W3CHttpResponseCodec.java:49)
	at org.openqa.selenium.remote.HttpCommandExecutor.execute(HttpCommandExecutor.java:158)
	at org.openqa.selenium.remote.service.DriverCommandExecutor.execute(DriverCommandExecutor.java:83)
	at org.openqa.selenium.remote.RemoteWebDriver.execute(RemoteWebDriver.java:552)
	at com.kms.katalon.selenium.driver.CChromeDriver.execute(CChromeDriver.java:19)
	at org.openqa.selenium.remote.RemoteWebElement.execute(RemoteWebElement.java:285)
	at org.openqa.selenium.remote.RemoteWebElement.click(RemoteWebElement.java:84)
	at org.openqa.selenium.support.events.EventFiringWebDriver$EventFiringWebElement.lambda$new$0(EventFiringWebDriver.java:404)
	at com.sun.proxy.$Proxy14.click(Unknown Source)
	at org.openqa.selenium.support.events.EventFiringWebDriver$EventFiringWebElement.click(EventFiringWebDriver.java:417)
	at org.openqa.selenium.WebElement$click.call(Unknown Source)
	at com.kms.katalon.core.webui.keyword.builtin.ClickKeyword.clickUntilSuccessWithTimeout(ClickKeyword.groovy:81)
	at com.kms.katalon.core.webui.keyword.builtin.ClickKeyword.clickUntilSuccessWithTimeout(ClickKeyword.groovy)
	at com.kms.katalon.core.webui.keyword.builtin.ClickKeyword$_click_closure1.doCall(ClickKeyword.groovy:67)
	at com.kms.katalon.core.webui.keyword.builtin.ClickKeyword$_click_closure1.call(ClickKeyword.groovy)
	at com.kms.katalon.core.webui.keyword.internal.WebUIKeywordMain.runKeyword(WebUIKeywordMain.groovy:20)
	... 19 more]]></system-err>
   </testsuite>
</testsuites>
