<?xml version="1.0" encoding="UTF-8"?>
<testsuites name="Task1" time="21.679" tests="4" failures="0" errors="0">
   <testsuite name="Task1" tests="4" failures="0" errors="0" time="21.679" skipped="0" timestamp="2023-06-08 10:34:34" hostname="deep - SF-CPU-460" id="Test Suites/Day-04/Task1">
      <properties>
         <property name="deviceName" value=""/>
         <property name="devicePlatform" value=""/>
         <property name="logFolder" value="/home/deep/git/KatalonProject/Reports/20230608_103432/Day-04/Task1/20230608_103432"/>
         <property name="logFiles" value="/home/deep/git/KatalonProject/Reports/20230608_103432/Day-04/Task1/20230608_103432/execution0.log"/>
         <property name="attachments" value=""/>
         <property name="hostName" value="deep - SF-CPU-460"/>
         <property name="os" value="Linux 64bit"/>
         <property name="katalonVersion" value="8.6.0.208"/>
         <property name="browser" value="Chrome 109.0.0.0"/>
         <property name="hostAddress" value="127.0.1.1"/>
         <property name="sessionId" value="5320a4f823e4cb280b6b901a82d8cb35"/>
         <property name="seleniumVersion" value="3.141.59"/>
         <property name="proxyInformation" value="ProxyInformation { proxyOption=NO_PROXY, proxyServerType=HTTP, username=, password=********, proxyServerAddress=, proxyServerPort=0, executionList=&quot;&quot;, isApplyToDesiredCapabilities=true }"/>
         <property name="platform" value="Linux"/>
      </properties>
      <testcase name="Test Cases/Day-04/Assignment Task-1" time="6.857" classname="Test Cases/Day-04/Assignment Task-1" status="PASSED">
         <system-out><![CDATA[2023-06-08 10:34:35 - [TEST_CASE][PASSED] - Test Cases/Day-04/Assignment Task-1: Test Cases/Day-04/Assignment Task-1

2023-06-08 10:34:35 - [TEST_STEP][PASSED] - Start listener action : maximize: Current window maximized

2023-06-08 10:34:35 - [TEST_STEP][PASSED] - maximizeWindow(): Current window maximized

2023-06-08 10:34:35 - [MESSAGE][PASSED] - Current window maximized

2023-06-08 10:34:35 - [TEST_STEP][PASSED] - navigateToUrl("https://www.plus2net.com/javascript_tutorial/form-submit-demo.php"): Navigate to 'https://www.plus2net.com/javascript_tutorial/form-submit-demo.php' successfully

2023-06-08 10:34:36 - [MESSAGE][PASSED] - Navigate to 'https://www.plus2net.com/javascript_tutorial/form-submit-demo.php' successfully

2023-06-08 10:34:36 - [TEST_STEP][PASSED] - setText(findTestObject("Day-04/Tesk1/input_First Name_FirstName"), firstName): Text 'Deep' is set on object 'Object Repository/Day-04/Tesk1/input_First Name_FirstName'

2023-06-08 10:34:37 - [MESSAGE][PASSED] - Text 'Deep' is set on object 'Object Repository/Day-04/Tesk1/input_First Name_FirstName'

2023-06-08 10:34:37 - [TEST_STEP][PASSED] - male_object = "Object Repository/Day-04/Tesk1/input_MaleFemale_gender": null

2023-06-08 10:34:37 - [TEST_STEP][PASSED] - female_object = "Object Repository/Day-04/Tesk1/input_MaleFemale_gender (1)": null

2023-06-08 10:34:37 - [TEST_STEP][PASSED] - com.FormFillDay4.fillGender(male_object, female_object, gender): com.FormFillDay4.fillGender is PASSED

2023-06-08 10:34:38 - [MESSAGE][PASSED] - Object: 'Object Repository/Day-04/Tesk1/input_MaleFemale_gender' is clicked on

2023-06-08 10:34:38 - [MESSAGE][PASSED] - com.FormFillDay4.fillGender is PASSED

2023-06-08 10:34:38 - [TEST_STEP][PASSED] - selectOptionByValue(findTestObject("Object Repository/Day-04/Tesk1/select_Select OneFootBallTenisCricket"), "Tenis", true): All options with value 'Tenis' are selected in object 'Object Repository/Day-04/Tesk1/select_Select OneFootBallTenisCricket'  using regular expression

2023-06-08 10:34:39 - [MESSAGE][PASSED] - All options with value 'Tenis' are selected in object 'Object Repository/Day-04/Tesk1/select_Select OneFootBallTenisCricket'  using regular expression

2023-06-08 10:34:39 - [TEST_STEP][PASSED] - click(findTestObject("Object Repository/Day-04/Tesk1/input_Terms  Condition_agree")): Object: 'Object Repository/Day-04/Tesk1/input_Terms  Condition_agree' is clicked on

2023-06-08 10:34:40 - [MESSAGE][PASSED] - Object: 'Object Repository/Day-04/Tesk1/input_Terms  Condition_agree' is clicked on

2023-06-08 10:34:40 - [TEST_STEP][PASSED] - try: Object: 'Object Repository/Day-04/Tesk1/input_Terms  Condition_btnSignUp' is clicked on

2023-06-08 10:34:40 - [TEST_STEP][PASSED] - click(findTestObject("Object Repository/Day-04/Tesk1/input_Terms  Condition_btnSignUp")): Object: 'Object Repository/Day-04/Tesk1/input_Terms  Condition_btnSignUp' is clicked on

2023-06-08 10:34:42 - [MESSAGE][PASSED] - Object: 'Object Repository/Day-04/Tesk1/input_Terms  Condition_btnSignUp' is clicked on

2023-06-08 10:34:42 - [TEST_STEP][PASSED] - Start listener action : assertmessage: null

2023-06-08 10:34:42 - [TEST_STEP][PASSED] - println("Testcase Run successfully."): null]]></system-out>
         <system-err><![CDATA[]]></system-err>
      </testcase>
      <testcase name="Test Cases/Day-04/Assignment Task-1" time="4.317" classname="Test Cases/Day-04/Assignment Task-1" status="PASSED">
         <system-out><![CDATA[2023-06-08 10:34:42 - [TEST_CASE][PASSED] - Test Cases/Day-04/Assignment Task-1: Test Cases/Day-04/Assignment Task-1

2023-06-08 10:34:42 - [TEST_STEP][PASSED] - Start listener action : maximize: Current window maximized

2023-06-08 10:34:42 - [TEST_STEP][PASSED] - maximizeWindow(): Current window maximized

2023-06-08 10:34:42 - [MESSAGE][PASSED] - Current window maximized

2023-06-08 10:34:42 - [TEST_STEP][PASSED] - navigateToUrl("https://www.plus2net.com/javascript_tutorial/form-submit-demo.php"): Navigate to 'https://www.plus2net.com/javascript_tutorial/form-submit-demo.php' successfully

2023-06-08 10:34:42 - [MESSAGE][PASSED] - Navigate to 'https://www.plus2net.com/javascript_tutorial/form-submit-demo.php' successfully

2023-06-08 10:34:42 - [TEST_STEP][PASSED] - setText(findTestObject("Day-04/Tesk1/input_First Name_FirstName"), firstName): Text '' is set on object 'Object Repository/Day-04/Tesk1/input_First Name_FirstName'

2023-06-08 10:34:43 - [MESSAGE][PASSED] - Text '' is set on object 'Object Repository/Day-04/Tesk1/input_First Name_FirstName'

2023-06-08 10:34:43 - [TEST_STEP][PASSED] - male_object = "Object Repository/Day-04/Tesk1/input_MaleFemale_gender": null

2023-06-08 10:34:43 - [TEST_STEP][PASSED] - female_object = "Object Repository/Day-04/Tesk1/input_MaleFemale_gender (1)": null

2023-06-08 10:34:43 - [TEST_STEP][PASSED] - com.FormFillDay4.fillGender(male_object, female_object, gender): com.FormFillDay4.fillGender is PASSED

2023-06-08 10:34:44 - [MESSAGE][PASSED] - Object: 'Object Repository/Day-04/Tesk1/input_MaleFemale_gender (1)' is clicked on

2023-06-08 10:34:44 - [MESSAGE][PASSED] - com.FormFillDay4.fillGender is PASSED

2023-06-08 10:34:44 - [TEST_STEP][PASSED] - selectOptionByValue(findTestObject("Object Repository/Day-04/Tesk1/select_Select OneFootBallTenisCricket"), "Tenis", true): All options with value 'Tenis' are selected in object 'Object Repository/Day-04/Tesk1/select_Select OneFootBallTenisCricket'  using regular expression

2023-06-08 10:34:45 - [MESSAGE][PASSED] - All options with value 'Tenis' are selected in object 'Object Repository/Day-04/Tesk1/select_Select OneFootBallTenisCricket'  using regular expression

2023-06-08 10:34:45 - [TEST_STEP][PASSED] - click(findTestObject("Object Repository/Day-04/Tesk1/input_Terms  Condition_agree")): Object: 'Object Repository/Day-04/Tesk1/input_Terms  Condition_agree' is clicked on

2023-06-08 10:34:46 - [MESSAGE][PASSED] - Object: 'Object Repository/Day-04/Tesk1/input_Terms  Condition_agree' is clicked on

2023-06-08 10:34:46 - [TEST_STEP][PASSED] - try: Object: 'Object Repository/Day-04/Tesk1/input_Terms  Condition_btnSignUp' is clicked on

2023-06-08 10:34:46 - [TEST_STEP][PASSED] - click(findTestObject("Object Repository/Day-04/Tesk1/input_Terms  Condition_btnSignUp")): Object: 'Object Repository/Day-04/Tesk1/input_Terms  Condition_btnSignUp' is clicked on

2023-06-08 10:34:46 - [MESSAGE][PASSED] - Object: 'Object Repository/Day-04/Tesk1/input_Terms  Condition_btnSignUp' is clicked on

2023-06-08 10:34:46 - [TEST_STEP][PASSED] - Start listener action : assertmessage: null

2023-06-08 10:34:46 - [TEST_STEP][PASSED] - println("Testcase Run successfully."): null]]></system-out>
         <system-err><![CDATA[]]></system-err>
      </testcase>
      <testcase name="Test Cases/Day-04/Assignment Task-1" time="4.774" classname="Test Cases/Day-04/Assignment Task-1" status="PASSED">
         <system-out><![CDATA[2023-06-08 10:34:46 - [TEST_CASE][PASSED] - Test Cases/Day-04/Assignment Task-1: Test Cases/Day-04/Assignment Task-1

2023-06-08 10:34:46 - [TEST_STEP][PASSED] - Start listener action : maximize: Current window maximized

2023-06-08 10:34:46 - [TEST_STEP][PASSED] - maximizeWindow(): Current window maximized

2023-06-08 10:34:46 - [MESSAGE][PASSED] - Current window maximized

2023-06-08 10:34:46 - [TEST_STEP][PASSED] - navigateToUrl("https://www.plus2net.com/javascript_tutorial/form-submit-demo.php"): Navigate to 'https://www.plus2net.com/javascript_tutorial/form-submit-demo.php' successfully

2023-06-08 10:34:46 - [MESSAGE][PASSED] - Navigate to 'https://www.plus2net.com/javascript_tutorial/form-submit-demo.php' successfully

2023-06-08 10:34:46 - [TEST_STEP][PASSED] - setText(findTestObject("Day-04/Tesk1/input_First Name_FirstName"), firstName): Text 'Rushin' is set on object 'Object Repository/Day-04/Tesk1/input_First Name_FirstName'

2023-06-08 10:34:47 - [MESSAGE][PASSED] - Text 'Rushin' is set on object 'Object Repository/Day-04/Tesk1/input_First Name_FirstName'

2023-06-08 10:34:47 - [TEST_STEP][PASSED] - male_object = "Object Repository/Day-04/Tesk1/input_MaleFemale_gender": null

2023-06-08 10:34:47 - [TEST_STEP][PASSED] - female_object = "Object Repository/Day-04/Tesk1/input_MaleFemale_gender (1)": null

2023-06-08 10:34:47 - [TEST_STEP][PASSED] - com.FormFillDay4.fillGender(male_object, female_object, gender): com.FormFillDay4.fillGender is PASSED

2023-06-08 10:34:48 - [MESSAGE][PASSED] - Object: 'Object Repository/Day-04/Tesk1/input_MaleFemale_gender' is clicked on

2023-06-08 10:34:48 - [MESSAGE][PASSED] - com.FormFillDay4.fillGender is PASSED

2023-06-08 10:34:48 - [TEST_STEP][PASSED] - selectOptionByValue(findTestObject("Object Repository/Day-04/Tesk1/select_Select OneFootBallTenisCricket"), "Tenis", true): All options with value 'Tenis' are selected in object 'Object Repository/Day-04/Tesk1/select_Select OneFootBallTenisCricket'  using regular expression

2023-06-08 10:34:49 - [MESSAGE][PASSED] - All options with value 'Tenis' are selected in object 'Object Repository/Day-04/Tesk1/select_Select OneFootBallTenisCricket'  using regular expression

2023-06-08 10:34:49 - [TEST_STEP][PASSED] - click(findTestObject("Object Repository/Day-04/Tesk1/input_Terms  Condition_agree")): Object: 'Object Repository/Day-04/Tesk1/input_Terms  Condition_agree' is clicked on

2023-06-08 10:34:50 - [MESSAGE][PASSED] - Object: 'Object Repository/Day-04/Tesk1/input_Terms  Condition_agree' is clicked on

2023-06-08 10:34:50 - [TEST_STEP][PASSED] - try: Object: 'Object Repository/Day-04/Tesk1/input_Terms  Condition_btnSignUp' is clicked on

2023-06-08 10:34:50 - [TEST_STEP][PASSED] - click(findTestObject("Object Repository/Day-04/Tesk1/input_Terms  Condition_btnSignUp")): Object: 'Object Repository/Day-04/Tesk1/input_Terms  Condition_btnSignUp' is clicked on

2023-06-08 10:34:51 - [MESSAGE][PASSED] - Object: 'Object Repository/Day-04/Tesk1/input_Terms  Condition_btnSignUp' is clicked on

2023-06-08 10:34:51 - [TEST_STEP][PASSED] - Start listener action : assertmessage: null

2023-06-08 10:34:51 - [TEST_STEP][PASSED] - println("Testcase Run successfully."): null]]></system-out>
         <system-err><![CDATA[]]></system-err>
      </testcase>
      <testcase name="Test Cases/Day-04/Assignment Task-1" time="4.496" classname="Test Cases/Day-04/Assignment Task-1" status="PASSED">
         <system-out><![CDATA[2023-06-08 10:34:51 - [TEST_CASE][PASSED] - Test Cases/Day-04/Assignment Task-1: Test Cases/Day-04/Assignment Task-1

2023-06-08 10:34:51 - [TEST_STEP][PASSED] - Start listener action : maximize: Current window maximized

2023-06-08 10:34:51 - [TEST_STEP][PASSED] - maximizeWindow(): Current window maximized

2023-06-08 10:34:51 - [MESSAGE][PASSED] - Current window maximized

2023-06-08 10:34:51 - [TEST_STEP][PASSED] - navigateToUrl("https://www.plus2net.com/javascript_tutorial/form-submit-demo.php"): Navigate to 'https://www.plus2net.com/javascript_tutorial/form-submit-demo.php' successfully

2023-06-08 10:34:51 - [MESSAGE][PASSED] - Navigate to 'https://www.plus2net.com/javascript_tutorial/form-submit-demo.php' successfully

2023-06-08 10:34:51 - [TEST_STEP][PASSED] - setText(findTestObject("Day-04/Tesk1/input_First Name_FirstName"), firstName): Text 'Deepansh' is set on object 'Object Repository/Day-04/Tesk1/input_First Name_FirstName'

2023-06-08 10:34:52 - [MESSAGE][PASSED] - Text 'Deepansh' is set on object 'Object Repository/Day-04/Tesk1/input_First Name_FirstName'

2023-06-08 10:34:52 - [TEST_STEP][PASSED] - male_object = "Object Repository/Day-04/Tesk1/input_MaleFemale_gender": null

2023-06-08 10:34:52 - [TEST_STEP][PASSED] - female_object = "Object Repository/Day-04/Tesk1/input_MaleFemale_gender (1)": null

2023-06-08 10:34:52 - [TEST_STEP][PASSED] - com.FormFillDay4.fillGender(male_object, female_object, gender): com.FormFillDay4.fillGender is PASSED

2023-06-08 10:34:53 - [MESSAGE][PASSED] - Object: 'Object Repository/Day-04/Tesk1/input_MaleFemale_gender' is clicked on

2023-06-08 10:34:53 - [MESSAGE][PASSED] - com.FormFillDay4.fillGender is PASSED

2023-06-08 10:34:53 - [TEST_STEP][PASSED] - selectOptionByValue(findTestObject("Object Repository/Day-04/Tesk1/select_Select OneFootBallTenisCricket"), "Tenis", true): All options with value 'Tenis' are selected in object 'Object Repository/Day-04/Tesk1/select_Select OneFootBallTenisCricket'  using regular expression

2023-06-08 10:34:54 - [MESSAGE][PASSED] - All options with value 'Tenis' are selected in object 'Object Repository/Day-04/Tesk1/select_Select OneFootBallTenisCricket'  using regular expression

2023-06-08 10:34:54 - [TEST_STEP][PASSED] - click(findTestObject("Object Repository/Day-04/Tesk1/input_Terms  Condition_agree")): Object: 'Object Repository/Day-04/Tesk1/input_Terms  Condition_agree' is clicked on

2023-06-08 10:34:55 - [MESSAGE][PASSED] - Object: 'Object Repository/Day-04/Tesk1/input_Terms  Condition_agree' is clicked on

2023-06-08 10:34:55 - [TEST_STEP][PASSED] - try: Object: 'Object Repository/Day-04/Tesk1/input_Terms  Condition_btnSignUp' is clicked on

2023-06-08 10:34:55 - [TEST_STEP][PASSED] - click(findTestObject("Object Repository/Day-04/Tesk1/input_Terms  Condition_btnSignUp")): Object: 'Object Repository/Day-04/Tesk1/input_Terms  Condition_btnSignUp' is clicked on

2023-06-08 10:34:55 - [MESSAGE][PASSED] - Object: 'Object Repository/Day-04/Tesk1/input_Terms  Condition_btnSignUp' is clicked on

2023-06-08 10:34:55 - [TEST_STEP][PASSED] - Start listener action : assertmessage: null

2023-06-08 10:34:55 - [TEST_STEP][PASSED] - println("Testcase Run successfully."): null]]></system-out>
         <system-err><![CDATA[]]></system-err>
      </testcase>
      <system-out><![CDATA[2023-06-08 10:34:34 - [TEST_SUITE][PASSED] - Task1: Test Cases/Day-04/Assignment Task-1]]></system-out>
      <system-err><![CDATA[]]></system-err>
   </testsuite>
</testsuites>
