<?xml version="1.0" encoding="UTF-8"?>
<testsuites name="createContactusingCSV" time="149.358" tests="8" failures="0" errors="0">
   <testsuite name="createContactusingCSV" tests="8" failures="0" errors="0" time="149.358" skipped="0" timestamp="2023-06-07 14:55:32" hostname="deep - SF-CPU-460" id="Test Suites/Day-04/createContactusingCSV">
      <properties>
         <property name="deviceName" value=""/>
         <property name="devicePlatform" value=""/>
         <property name="logFolder" value="/home/deep/git/KatalonProject/Reports/20230607_145529/Day-04/createContactusingCSV/20230607_145530"/>
         <property name="logFiles" value="/home/deep/git/KatalonProject/Reports/20230607_145529/Day-04/createContactusingCSV/20230607_145530/execution0.log"/>
         <property name="attachments" value=""/>
         <property name="hostName" value="deep - SF-CPU-460"/>
         <property name="os" value="Linux 64bit"/>
         <property name="katalonVersion" value="8.6.0.208"/>
         <property name="browser" value="Chrome 109.0.0.0"/>
         <property name="hostAddress" value="127.0.1.1"/>
         <property name="sessionId" value="de1575e784c723661a099164a7fd2fcd"/>
         <property name="seleniumVersion" value="3.141.59"/>
         <property name="proxyInformation" value="ProxyInformation { proxyOption=NO_PROXY, proxyServerType=HTTP, username=, password=********, proxyServerAddress=, proxyServerPort=0, executionList=&quot;&quot;, isApplyToDesiredCapabilities=true }"/>
         <property name="platform" value="Linux"/>
      </properties>
      <testcase name="Test Cases/Day-04/createContactUsingCSV" time="34.574" classname="Test Cases/Day-04/createContactUsingCSV" status="PASSED">
         <system-out><![CDATA[2023-06-07 14:55:33 - [TEST_CASE][PASSED] - Test Cases/Day-04/createContactUsingCSV: Test Cases/Day-04/createContactUsingCSV

2023-06-07 14:55:33 - [TEST_STEP][PASSED] - Start listener action : login: Current window maximized

2023-06-07 14:55:33 - [TEST_STEP][PASSED] - maximizeWindow(): Current window maximized

2023-06-07 14:55:34 - [MESSAGE][PASSED] - Current window maximized

2023-06-07 14:55:34 - [TEST_STEP][PASSED] - Start setup action : login: Method 'login' complete successfully

2023-06-07 14:55:34 - [TEST_STEP][PASSED] - navigateToUrl(URL): Navigate to 'https://ui.cogmento.com' successfully

2023-06-07 14:55:45 - [MESSAGE][PASSED] - Navigate to 'https://ui.cogmento.com' successfully

2023-06-07 14:55:45 - [TEST_STEP][PASSED] - com.LoginCogmento.Login("deep.p@simformsolutions.com", "Deep@123"): com.LoginCogmento.Login is PASSED

2023-06-07 14:55:46 - [MESSAGE][PASSED] - Text 'deep.p@simformsolutions.com' is set on object 'Object Repository/Day-02/Cogmento/createContact/input_Login_email'

2023-06-07 14:55:47 - [MESSAGE][PASSED] - Text 'Deep@123' is set on object 'Object Repository/Day-02/Cogmento/createContact/input_Login_password'

2023-06-07 14:55:47 - [MESSAGE][PASSED] - Object: 'Object Repository/Day-02/Cogmento/createContact/div_Login' is clicked on

2023-06-07 14:55:47 - [MESSAGE][PASSED] - com.LoginCogmento.Login is PASSED

2023-06-07 14:55:47 - [MESSAGE][PASSED] - Method 'login' complete successfully

2023-06-07 14:55:47 - [TEST_STEP][PASSED] - click(findTestObject("Object Repository/Day-04/Create Contact with CSV/i_Calendar_users icon")): Object: 'Object Repository/Day-04/Create Contact with CSV/i_Calendar_users icon' is clicked on

2023-06-07 14:55:51 - [MESSAGE][PASSED] - Object: 'Object Repository/Day-04/Create Contact with CSV/i_Calendar_users icon' is clicked on

2023-06-07 14:55:51 - [TEST_STEP][PASSED] - click(findTestObject("Object Repository/Day-04/Create Contact with CSV/button_Create")): Object: 'Object Repository/Day-04/Create Contact with CSV/button_Create' is clicked on

2023-06-07 14:55:52 - [MESSAGE][PASSED] - Object: 'Object Repository/Day-04/Create Contact with CSV/button_Create' is clicked on

2023-06-07 14:55:52 - [TEST_STEP][PASSED] - setText(findTestObject("Object Repository/Day-04/Create Contact with CSV/input_First Name_first_name"), FirstName): Text 'Deep' is set on object 'Object Repository/Day-04/Create Contact with CSV/input_First Name_first_name'

2023-06-07 14:55:54 - [MESSAGE][PASSED] - Text 'Deep' is set on object 'Object Repository/Day-04/Create Contact with CSV/input_First Name_first_name'

2023-06-07 14:55:54 - [TEST_STEP][PASSED] - setText(findTestObject("Object Repository/Day-04/Create Contact with CSV/input_Last Name_last_name"), LastName): Text 'Patel' is set on object 'Object Repository/Day-04/Create Contact with CSV/input_Last Name_last_name'

2023-06-07 14:55:55 - [MESSAGE][PASSED] - Text 'Patel' is set on object 'Object Repository/Day-04/Create Contact with CSV/input_Last Name_last_name'

2023-06-07 14:55:55 - [TEST_STEP][PASSED] - click(findTestObject("Object Repository/Day-04/Create Contact with CSV/button_Save")): Object: 'Object Repository/Day-04/Create Contact with CSV/button_Save' is clicked on

2023-06-07 14:55:56 - [MESSAGE][PASSED] - Object: 'Object Repository/Day-04/Create Contact with CSV/button_Save' is clicked on

2023-06-07 14:55:56 - [TEST_STEP][PASSED] - try: Text 'Deep Patel' is present on page 

2023-06-07 14:55:56 - [TEST_STEP][PASSED] - verifyTextPresent(FirstName + " " + LastName, false): Text 'Deep Patel' is present on page 

2023-06-07 14:55:57 - [MESSAGE][PASSED] - Text 'Deep Patel' is present on page 

2023-06-07 14:55:57 - [TEST_STEP][PASSED] - Start tear down : logout: Method 'logout' complete successfully

2023-06-07 14:55:57 - [TEST_STEP][PASSED] - try: Text 'Forgot your password?' is present on page 

2023-06-07 14:55:57 - [TEST_STEP][PASSED] - waitForPageLoad(5): Wait for page load successfully

2023-06-07 14:55:57 - [MESSAGE][PASSED] - Wait for page load successfully

2023-06-07 14:55:57 - [TEST_STEP][PASSED] - click(findTestObject("Object Repository/Day-04/Create Contact with CSV/i_Free account_settings icon")): Object: 'Object Repository/Day-04/Create Contact with CSV/i_Free account_settings icon' is clicked on

2023-06-07 14:55:58 - [MESSAGE][PASSED] - Object: 'Object Repository/Day-04/Create Contact with CSV/i_Free account_settings icon' is clicked on

2023-06-07 14:55:58 - [TEST_STEP][PASSED] - click(findTestObject("Object Repository/Day-04/Create Contact with CSV/span_Log Out")): Object: 'Object Repository/Day-04/Create Contact with CSV/span_Log Out' is clicked on

2023-06-07 14:55:58 - [MESSAGE][PASSED] - Object: 'Object Repository/Day-04/Create Contact with CSV/span_Log Out' is clicked on

2023-06-07 14:55:58 - [TEST_STEP][PASSED] - waitForPageLoad(5): Wait for page load successfully

2023-06-07 14:55:59 - [MESSAGE][PASSED] - Wait for page load successfully

2023-06-07 14:55:59 - [TEST_STEP][PASSED] - verifyTextPresent("Forgot your password?", false): Text 'Forgot your password?' is present on page 

2023-06-07 14:56:08 - [MESSAGE][PASSED] - Text 'Forgot your password?' is present on page 

2023-06-07 14:56:08 - [MESSAGE][PASSED] - Method 'logout' complete successfully

2023-06-07 14:56:08 - [TEST_STEP][PASSED] - Start listener action : logout: null

2023-06-07 14:56:08 - [TEST_STEP][PASSED] - println("Testcase Run successfully."): null]]></system-out>
         <system-err><![CDATA[]]></system-err>
      </testcase>
      <testcase name="Test Cases/Day-04/createContactUsingCSV" time="16.078" classname="Test Cases/Day-04/createContactUsingCSV" status="PASSED">
         <system-out><![CDATA[2023-06-07 14:56:08 - [TEST_CASE][PASSED] - Test Cases/Day-04/createContactUsingCSV: Test Cases/Day-04/createContactUsingCSV

2023-06-07 14:56:08 - [TEST_STEP][PASSED] - Start listener action : login: Current window maximized

2023-06-07 14:56:08 - [TEST_STEP][PASSED] - maximizeWindow(): Current window maximized

2023-06-07 14:56:08 - [MESSAGE][PASSED] - Current window maximized

2023-06-07 14:56:08 - [TEST_STEP][PASSED] - Start setup action : login: Method 'login' complete successfully

2023-06-07 14:56:08 - [TEST_STEP][PASSED] - navigateToUrl(URL): Navigate to 'https://ui.cogmento.com' successfully

2023-06-07 14:56:10 - [MESSAGE][PASSED] - Navigate to 'https://ui.cogmento.com' successfully

2023-06-07 14:56:10 - [TEST_STEP][PASSED] - com.LoginCogmento.Login("deep.p@simformsolutions.com", "Deep@123"): com.LoginCogmento.Login is PASSED

2023-06-07 14:56:11 - [MESSAGE][PASSED] - Text 'deep.p@simformsolutions.com' is set on object 'Object Repository/Day-02/Cogmento/createContact/input_Login_email'

2023-06-07 14:56:11 - [MESSAGE][PASSED] - Text 'Deep@123' is set on object 'Object Repository/Day-02/Cogmento/createContact/input_Login_password'

2023-06-07 14:56:12 - [MESSAGE][PASSED] - Object: 'Object Repository/Day-02/Cogmento/createContact/div_Login' is clicked on

2023-06-07 14:56:12 - [MESSAGE][PASSED] - com.LoginCogmento.Login is PASSED

2023-06-07 14:56:12 - [MESSAGE][PASSED] - Method 'login' complete successfully

2023-06-07 14:56:12 - [TEST_STEP][PASSED] - click(findTestObject("Object Repository/Day-04/Create Contact with CSV/i_Calendar_users icon")): Object: 'Object Repository/Day-04/Create Contact with CSV/i_Calendar_users icon' is clicked on

2023-06-07 14:56:14 - [MESSAGE][PASSED] - Object: 'Object Repository/Day-04/Create Contact with CSV/i_Calendar_users icon' is clicked on

2023-06-07 14:56:14 - [TEST_STEP][PASSED] - click(findTestObject("Object Repository/Day-04/Create Contact with CSV/button_Create")): Object: 'Object Repository/Day-04/Create Contact with CSV/button_Create' is clicked on

2023-06-07 14:56:15 - [MESSAGE][PASSED] - Object: 'Object Repository/Day-04/Create Contact with CSV/button_Create' is clicked on

2023-06-07 14:56:15 - [TEST_STEP][PASSED] - setText(findTestObject("Object Repository/Day-04/Create Contact with CSV/input_First Name_first_name"), FirstName): Text 'Dharm' is set on object 'Object Repository/Day-04/Create Contact with CSV/input_First Name_first_name'

2023-06-07 14:56:17 - [MESSAGE][PASSED] - Text 'Dharm' is set on object 'Object Repository/Day-04/Create Contact with CSV/input_First Name_first_name'

2023-06-07 14:56:17 - [TEST_STEP][PASSED] - setText(findTestObject("Object Repository/Day-04/Create Contact with CSV/input_Last Name_last_name"), LastName): Text 'Patel' is set on object 'Object Repository/Day-04/Create Contact with CSV/input_Last Name_last_name'

2023-06-07 14:56:18 - [MESSAGE][PASSED] - Text 'Patel' is set on object 'Object Repository/Day-04/Create Contact with CSV/input_Last Name_last_name'

2023-06-07 14:56:18 - [TEST_STEP][PASSED] - click(findTestObject("Object Repository/Day-04/Create Contact with CSV/button_Save")): Object: 'Object Repository/Day-04/Create Contact with CSV/button_Save' is clicked on

2023-06-07 14:56:18 - [MESSAGE][PASSED] - Object: 'Object Repository/Day-04/Create Contact with CSV/button_Save' is clicked on

2023-06-07 14:56:18 - [TEST_STEP][PASSED] - try: Text 'Dharm Patel' is present on page 

2023-06-07 14:56:18 - [TEST_STEP][PASSED] - verifyTextPresent(FirstName + " " + LastName, false): Text 'Dharm Patel' is present on page 

2023-06-07 14:56:20 - [MESSAGE][PASSED] - Text 'Dharm Patel' is present on page 

2023-06-07 14:56:20 - [TEST_STEP][PASSED] - Start tear down : logout: Method 'logout' complete successfully

2023-06-07 14:56:20 - [TEST_STEP][PASSED] - try: Text 'Forgot your password?' is present on page 

2023-06-07 14:56:20 - [TEST_STEP][PASSED] - waitForPageLoad(5): Wait for page load successfully

2023-06-07 14:56:20 - [MESSAGE][PASSED] - Wait for page load successfully

2023-06-07 14:56:20 - [TEST_STEP][PASSED] - click(findTestObject("Object Repository/Day-04/Create Contact with CSV/i_Free account_settings icon")): Object: 'Object Repository/Day-04/Create Contact with CSV/i_Free account_settings icon' is clicked on

2023-06-07 14:56:21 - [MESSAGE][PASSED] - Object: 'Object Repository/Day-04/Create Contact with CSV/i_Free account_settings icon' is clicked on

2023-06-07 14:56:21 - [TEST_STEP][PASSED] - click(findTestObject("Object Repository/Day-04/Create Contact with CSV/span_Log Out")): Object: 'Object Repository/Day-04/Create Contact with CSV/span_Log Out' is clicked on

2023-06-07 14:56:21 - [MESSAGE][PASSED] - Object: 'Object Repository/Day-04/Create Contact with CSV/span_Log Out' is clicked on

2023-06-07 14:56:21 - [TEST_STEP][PASSED] - waitForPageLoad(5): Wait for page load successfully

2023-06-07 14:56:21 - [MESSAGE][PASSED] - Wait for page load successfully

2023-06-07 14:56:21 - [TEST_STEP][PASSED] - verifyTextPresent("Forgot your password?", false): Text 'Forgot your password?' is present on page 

2023-06-07 14:56:24 - [MESSAGE][PASSED] - Text 'Forgot your password?' is present on page 

2023-06-07 14:56:24 - [MESSAGE][PASSED] - Method 'logout' complete successfully

2023-06-07 14:56:24 - [TEST_STEP][PASSED] - Start listener action : logout: null

2023-06-07 14:56:24 - [TEST_STEP][PASSED] - println("Testcase Run successfully."): null]]></system-out>
         <system-err><![CDATA[]]></system-err>
      </testcase>
      <testcase name="Test Cases/Day-04/createContactUsingCSV" time="17.18" classname="Test Cases/Day-04/createContactUsingCSV" status="PASSED">
         <system-out><![CDATA[2023-06-07 14:56:24 - [TEST_CASE][PASSED] - Test Cases/Day-04/createContactUsingCSV: Test Cases/Day-04/createContactUsingCSV

2023-06-07 14:56:24 - [TEST_STEP][PASSED] - Start listener action : login: Current window maximized

2023-06-07 14:56:24 - [TEST_STEP][PASSED] - maximizeWindow(): Current window maximized

2023-06-07 14:56:24 - [MESSAGE][PASSED] - Current window maximized

2023-06-07 14:56:24 - [TEST_STEP][PASSED] - Start setup action : login: Method 'login' complete successfully

2023-06-07 14:56:24 - [TEST_STEP][PASSED] - navigateToUrl(URL): Navigate to 'https://ui.cogmento.com' successfully

2023-06-07 14:56:25 - [MESSAGE][PASSED] - Navigate to 'https://ui.cogmento.com' successfully

2023-06-07 14:56:25 - [TEST_STEP][PASSED] - com.LoginCogmento.Login("deep.p@simformsolutions.com", "Deep@123"): com.LoginCogmento.Login is PASSED

2023-06-07 14:56:26 - [MESSAGE][PASSED] - Text 'deep.p@simformsolutions.com' is set on object 'Object Repository/Day-02/Cogmento/createContact/input_Login_email'

2023-06-07 14:56:27 - [MESSAGE][PASSED] - Text 'Deep@123' is set on object 'Object Repository/Day-02/Cogmento/createContact/input_Login_password'

2023-06-07 14:56:27 - [MESSAGE][PASSED] - Object: 'Object Repository/Day-02/Cogmento/createContact/div_Login' is clicked on

2023-06-07 14:56:27 - [MESSAGE][PASSED] - com.LoginCogmento.Login is PASSED

2023-06-07 14:56:27 - [MESSAGE][PASSED] - Method 'login' complete successfully

2023-06-07 14:56:27 - [TEST_STEP][PASSED] - click(findTestObject("Object Repository/Day-04/Create Contact with CSV/i_Calendar_users icon")): Object: 'Object Repository/Day-04/Create Contact with CSV/i_Calendar_users icon' is clicked on

2023-06-07 14:56:30 - [MESSAGE][PASSED] - Object: 'Object Repository/Day-04/Create Contact with CSV/i_Calendar_users icon' is clicked on

2023-06-07 14:56:30 - [TEST_STEP][PASSED] - click(findTestObject("Object Repository/Day-04/Create Contact with CSV/button_Create")): Object: 'Object Repository/Day-04/Create Contact with CSV/button_Create' is clicked on

2023-06-07 14:56:31 - [MESSAGE][PASSED] - Object: 'Object Repository/Day-04/Create Contact with CSV/button_Create' is clicked on

2023-06-07 14:56:31 - [TEST_STEP][PASSED] - setText(findTestObject("Object Repository/Day-04/Create Contact with CSV/input_First Name_first_name"), FirstName): Text 'Kunj' is set on object 'Object Repository/Day-04/Create Contact with CSV/input_First Name_first_name'

2023-06-07 14:56:32 - [MESSAGE][PASSED] - Text 'Kunj' is set on object 'Object Repository/Day-04/Create Contact with CSV/input_First Name_first_name'

2023-06-07 14:56:32 - [TEST_STEP][PASSED] - setText(findTestObject("Object Repository/Day-04/Create Contact with CSV/input_Last Name_last_name"), LastName): Text 'Kaneria' is set on object 'Object Repository/Day-04/Create Contact with CSV/input_Last Name_last_name'

2023-06-07 14:56:33 - [MESSAGE][PASSED] - Text 'Kaneria' is set on object 'Object Repository/Day-04/Create Contact with CSV/input_Last Name_last_name'

2023-06-07 14:56:33 - [TEST_STEP][PASSED] - click(findTestObject("Object Repository/Day-04/Create Contact with CSV/button_Save")): Object: 'Object Repository/Day-04/Create Contact with CSV/button_Save' is clicked on

2023-06-07 14:56:34 - [MESSAGE][PASSED] - Object: 'Object Repository/Day-04/Create Contact with CSV/button_Save' is clicked on

2023-06-07 14:56:34 - [TEST_STEP][PASSED] - try: Text 'Kunj Kaneria' is present on page 

2023-06-07 14:56:34 - [TEST_STEP][PASSED] - verifyTextPresent(FirstName + " " + LastName, false): Text 'Kunj Kaneria' is present on page 

2023-06-07 14:56:36 - [MESSAGE][PASSED] - Text 'Kunj Kaneria' is present on page 

2023-06-07 14:56:36 - [TEST_STEP][PASSED] - Start tear down : logout: Method 'logout' complete successfully

2023-06-07 14:56:36 - [TEST_STEP][PASSED] - try: Text 'Forgot your password?' is present on page 

2023-06-07 14:56:36 - [TEST_STEP][PASSED] - waitForPageLoad(5): Wait for page load successfully

2023-06-07 14:56:36 - [MESSAGE][PASSED] - Wait for page load successfully

2023-06-07 14:56:36 - [TEST_STEP][PASSED] - click(findTestObject("Object Repository/Day-04/Create Contact with CSV/i_Free account_settings icon")): Object: 'Object Repository/Day-04/Create Contact with CSV/i_Free account_settings icon' is clicked on

2023-06-07 14:56:36 - [MESSAGE][PASSED] - Object: 'Object Repository/Day-04/Create Contact with CSV/i_Free account_settings icon' is clicked on

2023-06-07 14:56:36 - [TEST_STEP][PASSED] - click(findTestObject("Object Repository/Day-04/Create Contact with CSV/span_Log Out")): Object: 'Object Repository/Day-04/Create Contact with CSV/span_Log Out' is clicked on

2023-06-07 14:56:37 - [MESSAGE][PASSED] - Object: 'Object Repository/Day-04/Create Contact with CSV/span_Log Out' is clicked on

2023-06-07 14:56:37 - [TEST_STEP][PASSED] - waitForPageLoad(5): Wait for page load successfully

2023-06-07 14:56:37 - [MESSAGE][PASSED] - Wait for page load successfully

2023-06-07 14:56:37 - [TEST_STEP][PASSED] - verifyTextPresent("Forgot your password?", false): Text 'Forgot your password?' is present on page 

2023-06-07 14:56:41 - [MESSAGE][PASSED] - Text 'Forgot your password?' is present on page 

2023-06-07 14:56:41 - [MESSAGE][PASSED] - Method 'logout' complete successfully

2023-06-07 14:56:41 - [TEST_STEP][PASSED] - Start listener action : logout: null

2023-06-07 14:56:41 - [TEST_STEP][PASSED] - println("Testcase Run successfully."): null]]></system-out>
         <system-err><![CDATA[]]></system-err>
      </testcase>
      <testcase name="Test Cases/Day-04/createContactUsingCSV" time="15.771" classname="Test Cases/Day-04/createContactUsingCSV" status="PASSED">
         <system-out><![CDATA[2023-06-07 14:56:41 - [TEST_CASE][PASSED] - Test Cases/Day-04/createContactUsingCSV: Test Cases/Day-04/createContactUsingCSV

2023-06-07 14:56:41 - [TEST_STEP][PASSED] - Start listener action : login: Current window maximized

2023-06-07 14:56:41 - [TEST_STEP][PASSED] - maximizeWindow(): Current window maximized

2023-06-07 14:56:41 - [MESSAGE][PASSED] - Current window maximized

2023-06-07 14:56:41 - [TEST_STEP][PASSED] - Start setup action : login: Method 'login' complete successfully

2023-06-07 14:56:41 - [TEST_STEP][PASSED] - navigateToUrl(URL): Navigate to 'https://ui.cogmento.com' successfully

2023-06-07 14:56:43 - [MESSAGE][PASSED] - Navigate to 'https://ui.cogmento.com' successfully

2023-06-07 14:56:43 - [TEST_STEP][PASSED] - com.LoginCogmento.Login("deep.p@simformsolutions.com", "Deep@123"): com.LoginCogmento.Login is PASSED

2023-06-07 14:56:43 - [MESSAGE][PASSED] - Text 'deep.p@simformsolutions.com' is set on object 'Object Repository/Day-02/Cogmento/createContact/input_Login_email'

2023-06-07 14:56:44 - [MESSAGE][PASSED] - Text 'Deep@123' is set on object 'Object Repository/Day-02/Cogmento/createContact/input_Login_password'

2023-06-07 14:56:45 - [MESSAGE][PASSED] - Object: 'Object Repository/Day-02/Cogmento/createContact/div_Login' is clicked on

2023-06-07 14:56:45 - [MESSAGE][PASSED] - com.LoginCogmento.Login is PASSED

2023-06-07 14:56:45 - [MESSAGE][PASSED] - Method 'login' complete successfully

2023-06-07 14:56:45 - [TEST_STEP][PASSED] - click(findTestObject("Object Repository/Day-04/Create Contact with CSV/i_Calendar_users icon")): Object: 'Object Repository/Day-04/Create Contact with CSV/i_Calendar_users icon' is clicked on

2023-06-07 14:56:47 - [MESSAGE][PASSED] - Object: 'Object Repository/Day-04/Create Contact with CSV/i_Calendar_users icon' is clicked on

2023-06-07 14:56:47 - [TEST_STEP][PASSED] - click(findTestObject("Object Repository/Day-04/Create Contact with CSV/button_Create")): Object: 'Object Repository/Day-04/Create Contact with CSV/button_Create' is clicked on

2023-06-07 14:56:48 - [MESSAGE][PASSED] - Object: 'Object Repository/Day-04/Create Contact with CSV/button_Create' is clicked on

2023-06-07 14:56:48 - [TEST_STEP][PASSED] - setText(findTestObject("Object Repository/Day-04/Create Contact with CSV/input_First Name_first_name"), FirstName): Text 'Paresh' is set on object 'Object Repository/Day-04/Create Contact with CSV/input_First Name_first_name'

2023-06-07 14:56:49 - [MESSAGE][PASSED] - Text 'Paresh' is set on object 'Object Repository/Day-04/Create Contact with CSV/input_First Name_first_name'

2023-06-07 14:56:49 - [TEST_STEP][PASSED] - setText(findTestObject("Object Repository/Day-04/Create Contact with CSV/input_Last Name_last_name"), LastName): Text 'Mali' is set on object 'Object Repository/Day-04/Create Contact with CSV/input_Last Name_last_name'

2023-06-07 14:56:50 - [MESSAGE][PASSED] - Text 'Mali' is set on object 'Object Repository/Day-04/Create Contact with CSV/input_Last Name_last_name'

2023-06-07 14:56:50 - [TEST_STEP][PASSED] - click(findTestObject("Object Repository/Day-04/Create Contact with CSV/button_Save")): Object: 'Object Repository/Day-04/Create Contact with CSV/button_Save' is clicked on

2023-06-07 14:56:51 - [MESSAGE][PASSED] - Object: 'Object Repository/Day-04/Create Contact with CSV/button_Save' is clicked on

2023-06-07 14:56:51 - [TEST_STEP][PASSED] - try: Text 'Paresh Mali' is present on page 

2023-06-07 14:56:51 - [TEST_STEP][PASSED] - verifyTextPresent(FirstName + " " + LastName, false): Text 'Paresh Mali' is present on page 

2023-06-07 14:56:53 - [MESSAGE][PASSED] - Text 'Paresh Mali' is present on page 

2023-06-07 14:56:53 - [TEST_STEP][PASSED] - Start tear down : logout: Method 'logout' complete successfully

2023-06-07 14:56:53 - [TEST_STEP][PASSED] - try: Text 'Forgot your password?' is present on page 

2023-06-07 14:56:53 - [TEST_STEP][PASSED] - waitForPageLoad(5): Wait for page load successfully

2023-06-07 14:56:53 - [MESSAGE][PASSED] - Wait for page load successfully

2023-06-07 14:56:53 - [TEST_STEP][PASSED] - click(findTestObject("Object Repository/Day-04/Create Contact with CSV/i_Free account_settings icon")): Object: 'Object Repository/Day-04/Create Contact with CSV/i_Free account_settings icon' is clicked on

2023-06-07 14:56:53 - [MESSAGE][PASSED] - Object: 'Object Repository/Day-04/Create Contact with CSV/i_Free account_settings icon' is clicked on

2023-06-07 14:56:53 - [TEST_STEP][PASSED] - click(findTestObject("Object Repository/Day-04/Create Contact with CSV/span_Log Out")): Object: 'Object Repository/Day-04/Create Contact with CSV/span_Log Out' is clicked on

2023-06-07 14:56:54 - [MESSAGE][PASSED] - Object: 'Object Repository/Day-04/Create Contact with CSV/span_Log Out' is clicked on

2023-06-07 14:56:54 - [TEST_STEP][PASSED] - waitForPageLoad(5): Wait for page load successfully

2023-06-07 14:56:54 - [MESSAGE][PASSED] - Wait for page load successfully

2023-06-07 14:56:54 - [TEST_STEP][PASSED] - verifyTextPresent("Forgot your password?", false): Text 'Forgot your password?' is present on page 

2023-06-07 14:56:57 - [MESSAGE][PASSED] - Text 'Forgot your password?' is present on page 

2023-06-07 14:56:57 - [MESSAGE][PASSED] - Method 'logout' complete successfully

2023-06-07 14:56:57 - [TEST_STEP][PASSED] - Start listener action : logout: null

2023-06-07 14:56:57 - [TEST_STEP][PASSED] - println("Testcase Run successfully."): null]]></system-out>
         <system-err><![CDATA[]]></system-err>
      </testcase>
      <testcase name="Test Cases/Day-04/createContactUsingCSV" time="15.715" classname="Test Cases/Day-04/createContactUsingCSV" status="PASSED">
         <system-out><![CDATA[2023-06-07 14:56:57 - [TEST_CASE][PASSED] - Test Cases/Day-04/createContactUsingCSV: Test Cases/Day-04/createContactUsingCSV

2023-06-07 14:56:57 - [TEST_STEP][PASSED] - Start listener action : login: Current window maximized

2023-06-07 14:56:57 - [TEST_STEP][PASSED] - maximizeWindow(): Current window maximized

2023-06-07 14:56:57 - [MESSAGE][PASSED] - Current window maximized

2023-06-07 14:56:57 - [TEST_STEP][PASSED] - Start setup action : login: Method 'login' complete successfully

2023-06-07 14:56:57 - [TEST_STEP][PASSED] - navigateToUrl(URL): Navigate to 'https://ui.cogmento.com' successfully

2023-06-07 14:56:58 - [MESSAGE][PASSED] - Navigate to 'https://ui.cogmento.com' successfully

2023-06-07 14:56:58 - [TEST_STEP][PASSED] - com.LoginCogmento.Login("deep.p@simformsolutions.com", "Deep@123"): com.LoginCogmento.Login is PASSED

2023-06-07 14:56:59 - [MESSAGE][PASSED] - Text 'deep.p@simformsolutions.com' is set on object 'Object Repository/Day-02/Cogmento/createContact/input_Login_email'

2023-06-07 14:57:00 - [MESSAGE][PASSED] - Text 'Deep@123' is set on object 'Object Repository/Day-02/Cogmento/createContact/input_Login_password'

2023-06-07 14:57:00 - [MESSAGE][PASSED] - Object: 'Object Repository/Day-02/Cogmento/createContact/div_Login' is clicked on

2023-06-07 14:57:00 - [MESSAGE][PASSED] - com.LoginCogmento.Login is PASSED

2023-06-07 14:57:00 - [MESSAGE][PASSED] - Method 'login' complete successfully

2023-06-07 14:57:00 - [TEST_STEP][PASSED] - click(findTestObject("Object Repository/Day-04/Create Contact with CSV/i_Calendar_users icon")): Object: 'Object Repository/Day-04/Create Contact with CSV/i_Calendar_users icon' is clicked on

2023-06-07 14:57:03 - [MESSAGE][PASSED] - Object: 'Object Repository/Day-04/Create Contact with CSV/i_Calendar_users icon' is clicked on

2023-06-07 14:57:03 - [TEST_STEP][PASSED] - click(findTestObject("Object Repository/Day-04/Create Contact with CSV/button_Create")): Object: 'Object Repository/Day-04/Create Contact with CSV/button_Create' is clicked on

2023-06-07 14:57:04 - [MESSAGE][PASSED] - Object: 'Object Repository/Day-04/Create Contact with CSV/button_Create' is clicked on

2023-06-07 14:57:04 - [TEST_STEP][PASSED] - setText(findTestObject("Object Repository/Day-04/Create Contact with CSV/input_First Name_first_name"), FirstName): Text 'Saumya' is set on object 'Object Repository/Day-04/Create Contact with CSV/input_First Name_first_name'

2023-06-07 14:57:05 - [MESSAGE][PASSED] - Text 'Saumya' is set on object 'Object Repository/Day-04/Create Contact with CSV/input_First Name_first_name'

2023-06-07 14:57:05 - [TEST_STEP][PASSED] - setText(findTestObject("Object Repository/Day-04/Create Contact with CSV/input_Last Name_last_name"), LastName): Text 'Srivastava' is set on object 'Object Repository/Day-04/Create Contact with CSV/input_Last Name_last_name'

2023-06-07 14:57:06 - [MESSAGE][PASSED] - Text 'Srivastava' is set on object 'Object Repository/Day-04/Create Contact with CSV/input_Last Name_last_name'

2023-06-07 14:57:06 - [TEST_STEP][PASSED] - click(findTestObject("Object Repository/Day-04/Create Contact with CSV/button_Save")): Object: 'Object Repository/Day-04/Create Contact with CSV/button_Save' is clicked on

2023-06-07 14:57:07 - [MESSAGE][PASSED] - Object: 'Object Repository/Day-04/Create Contact with CSV/button_Save' is clicked on

2023-06-07 14:57:07 - [TEST_STEP][PASSED] - try: Text 'Saumya Srivastava' is present on page 

2023-06-07 14:57:07 - [TEST_STEP][PASSED] - verifyTextPresent(FirstName + " " + LastName, false): Text 'Saumya Srivastava' is present on page 

2023-06-07 14:57:09 - [MESSAGE][PASSED] - Text 'Saumya Srivastava' is present on page 

2023-06-07 14:57:09 - [TEST_STEP][PASSED] - Start tear down : logout: Method 'logout' complete successfully

2023-06-07 14:57:09 - [TEST_STEP][PASSED] - try: Text 'Forgot your password?' is present on page 

2023-06-07 14:57:09 - [TEST_STEP][PASSED] - waitForPageLoad(5): Wait for page load successfully

2023-06-07 14:57:09 - [MESSAGE][PASSED] - Wait for page load successfully

2023-06-07 14:57:09 - [TEST_STEP][PASSED] - click(findTestObject("Object Repository/Day-04/Create Contact with CSV/i_Free account_settings icon")): Object: 'Object Repository/Day-04/Create Contact with CSV/i_Free account_settings icon' is clicked on

2023-06-07 14:57:09 - [MESSAGE][PASSED] - Object: 'Object Repository/Day-04/Create Contact with CSV/i_Free account_settings icon' is clicked on

2023-06-07 14:57:09 - [TEST_STEP][PASSED] - click(findTestObject("Object Repository/Day-04/Create Contact with CSV/span_Log Out")): Object: 'Object Repository/Day-04/Create Contact with CSV/span_Log Out' is clicked on

2023-06-07 14:57:10 - [MESSAGE][PASSED] - Object: 'Object Repository/Day-04/Create Contact with CSV/span_Log Out' is clicked on

2023-06-07 14:57:10 - [TEST_STEP][PASSED] - waitForPageLoad(5): Wait for page load successfully

2023-06-07 14:57:10 - [MESSAGE][PASSED] - Wait for page load successfully

2023-06-07 14:57:10 - [TEST_STEP][PASSED] - verifyTextPresent("Forgot your password?", false): Text 'Forgot your password?' is present on page 

2023-06-07 14:57:13 - [MESSAGE][PASSED] - Text 'Forgot your password?' is present on page 

2023-06-07 14:57:13 - [MESSAGE][PASSED] - Method 'logout' complete successfully

2023-06-07 14:57:13 - [TEST_STEP][PASSED] - Start listener action : logout: null

2023-06-07 14:57:13 - [TEST_STEP][PASSED] - println("Testcase Run successfully."): null]]></system-out>
         <system-err><![CDATA[]]></system-err>
      </testcase>
      <testcase name="Test Cases/Day-04/createContactUsingCSV" time="16.255" classname="Test Cases/Day-04/createContactUsingCSV" status="PASSED">
         <system-out><![CDATA[2023-06-07 14:57:13 - [TEST_CASE][PASSED] - Test Cases/Day-04/createContactUsingCSV: Test Cases/Day-04/createContactUsingCSV

2023-06-07 14:57:13 - [TEST_STEP][PASSED] - Start listener action : login: Current window maximized

2023-06-07 14:57:13 - [TEST_STEP][PASSED] - maximizeWindow(): Current window maximized

2023-06-07 14:57:13 - [MESSAGE][PASSED] - Current window maximized

2023-06-07 14:57:13 - [TEST_STEP][PASSED] - Start setup action : login: Method 'login' complete successfully

2023-06-07 14:57:13 - [TEST_STEP][PASSED] - navigateToUrl(URL): Navigate to 'https://ui.cogmento.com' successfully

2023-06-07 14:57:14 - [MESSAGE][PASSED] - Navigate to 'https://ui.cogmento.com' successfully

2023-06-07 14:57:14 - [TEST_STEP][PASSED] - com.LoginCogmento.Login("deep.p@simformsolutions.com", "Deep@123"): com.LoginCogmento.Login is PASSED

2023-06-07 14:57:15 - [MESSAGE][PASSED] - Text 'deep.p@simformsolutions.com' is set on object 'Object Repository/Day-02/Cogmento/createContact/input_Login_email'

2023-06-07 14:57:16 - [MESSAGE][PASSED] - Text 'Deep@123' is set on object 'Object Repository/Day-02/Cogmento/createContact/input_Login_password'

2023-06-07 14:57:16 - [MESSAGE][PASSED] - Object: 'Object Repository/Day-02/Cogmento/createContact/div_Login' is clicked on

2023-06-07 14:57:16 - [MESSAGE][PASSED] - com.LoginCogmento.Login is PASSED

2023-06-07 14:57:16 - [MESSAGE][PASSED] - Method 'login' complete successfully

2023-06-07 14:57:16 - [TEST_STEP][PASSED] - click(findTestObject("Object Repository/Day-04/Create Contact with CSV/i_Calendar_users icon")): Object: 'Object Repository/Day-04/Create Contact with CSV/i_Calendar_users icon' is clicked on

2023-06-07 14:57:19 - [MESSAGE][PASSED] - Object: 'Object Repository/Day-04/Create Contact with CSV/i_Calendar_users icon' is clicked on

2023-06-07 14:57:19 - [TEST_STEP][PASSED] - click(findTestObject("Object Repository/Day-04/Create Contact with CSV/button_Create")): Object: 'Object Repository/Day-04/Create Contact with CSV/button_Create' is clicked on

2023-06-07 14:57:20 - [MESSAGE][PASSED] - Object: 'Object Repository/Day-04/Create Contact with CSV/button_Create' is clicked on

2023-06-07 14:57:20 - [TEST_STEP][PASSED] - setText(findTestObject("Object Repository/Day-04/Create Contact with CSV/input_First Name_first_name"), FirstName): Text 'Khusbu' is set on object 'Object Repository/Day-04/Create Contact with CSV/input_First Name_first_name'

2023-06-07 14:57:21 - [MESSAGE][PASSED] - Text 'Khusbu' is set on object 'Object Repository/Day-04/Create Contact with CSV/input_First Name_first_name'

2023-06-07 14:57:21 - [TEST_STEP][PASSED] - setText(findTestObject("Object Repository/Day-04/Create Contact with CSV/input_Last Name_last_name"), LastName): Text 'Jain' is set on object 'Object Repository/Day-04/Create Contact with CSV/input_Last Name_last_name'

2023-06-07 14:57:22 - [MESSAGE][PASSED] - Text 'Jain' is set on object 'Object Repository/Day-04/Create Contact with CSV/input_Last Name_last_name'

2023-06-07 14:57:22 - [TEST_STEP][PASSED] - click(findTestObject("Object Repository/Day-04/Create Contact with CSV/button_Save")): Object: 'Object Repository/Day-04/Create Contact with CSV/button_Save' is clicked on

2023-06-07 14:57:23 - [MESSAGE][PASSED] - Object: 'Object Repository/Day-04/Create Contact with CSV/button_Save' is clicked on

2023-06-07 14:57:23 - [TEST_STEP][PASSED] - try: Text 'Khusbu Jain' is present on page 

2023-06-07 14:57:23 - [TEST_STEP][PASSED] - verifyTextPresent(FirstName + " " + LastName, false): Text 'Khusbu Jain' is present on page 

2023-06-07 14:57:25 - [MESSAGE][PASSED] - Text 'Khusbu Jain' is present on page 

2023-06-07 14:57:25 - [TEST_STEP][PASSED] - Start tear down : logout: Method 'logout' complete successfully

2023-06-07 14:57:25 - [TEST_STEP][PASSED] - try: Text 'Forgot your password?' is present on page 

2023-06-07 14:57:25 - [TEST_STEP][PASSED] - waitForPageLoad(5): Wait for page load successfully

2023-06-07 14:57:25 - [MESSAGE][PASSED] - Wait for page load successfully

2023-06-07 14:57:25 - [TEST_STEP][PASSED] - click(findTestObject("Object Repository/Day-04/Create Contact with CSV/i_Free account_settings icon")): Object: 'Object Repository/Day-04/Create Contact with CSV/i_Free account_settings icon' is clicked on

2023-06-07 14:57:26 - [MESSAGE][PASSED] - Object: 'Object Repository/Day-04/Create Contact with CSV/i_Free account_settings icon' is clicked on

2023-06-07 14:57:26 - [TEST_STEP][PASSED] - click(findTestObject("Object Repository/Day-04/Create Contact with CSV/span_Log Out")): Object: 'Object Repository/Day-04/Create Contact with CSV/span_Log Out' is clicked on

2023-06-07 14:57:26 - [MESSAGE][PASSED] - Object: 'Object Repository/Day-04/Create Contact with CSV/span_Log Out' is clicked on

2023-06-07 14:57:26 - [TEST_STEP][PASSED] - waitForPageLoad(5): Wait for page load successfully

2023-06-07 14:57:26 - [MESSAGE][PASSED] - Wait for page load successfully

2023-06-07 14:57:26 - [TEST_STEP][PASSED] - verifyTextPresent("Forgot your password?", false): Text 'Forgot your password?' is present on page 

2023-06-07 14:57:29 - [MESSAGE][PASSED] - Text 'Forgot your password?' is present on page 

2023-06-07 14:57:29 - [MESSAGE][PASSED] - Method 'logout' complete successfully

2023-06-07 14:57:29 - [TEST_STEP][PASSED] - Start listener action : logout: null

2023-06-07 14:57:29 - [TEST_STEP][PASSED] - println("Testcase Run successfully."): null]]></system-out>
         <system-err><![CDATA[]]></system-err>
      </testcase>
      <testcase name="Test Cases/Day-04/createContactUsingCSV" time="15.806" classname="Test Cases/Day-04/createContactUsingCSV" status="PASSED">
         <system-out><![CDATA[2023-06-07 14:57:29 - [TEST_CASE][PASSED] - Test Cases/Day-04/createContactUsingCSV: Test Cases/Day-04/createContactUsingCSV

2023-06-07 14:57:29 - [TEST_STEP][PASSED] - Start listener action : login: Current window maximized

2023-06-07 14:57:29 - [TEST_STEP][PASSED] - maximizeWindow(): Current window maximized

2023-06-07 14:57:29 - [MESSAGE][PASSED] - Current window maximized

2023-06-07 14:57:29 - [TEST_STEP][PASSED] - Start setup action : login: Method 'login' complete successfully

2023-06-07 14:57:29 - [TEST_STEP][PASSED] - navigateToUrl(URL): Navigate to 'https://ui.cogmento.com' successfully

2023-06-07 14:57:30 - [MESSAGE][PASSED] - Navigate to 'https://ui.cogmento.com' successfully

2023-06-07 14:57:30 - [TEST_STEP][PASSED] - com.LoginCogmento.Login("deep.p@simformsolutions.com", "Deep@123"): com.LoginCogmento.Login is PASSED

2023-06-07 14:57:31 - [MESSAGE][PASSED] - Text 'deep.p@simformsolutions.com' is set on object 'Object Repository/Day-02/Cogmento/createContact/input_Login_email'

2023-06-07 14:57:32 - [MESSAGE][PASSED] - Text 'Deep@123' is set on object 'Object Repository/Day-02/Cogmento/createContact/input_Login_password'

2023-06-07 14:57:33 - [MESSAGE][PASSED] - Object: 'Object Repository/Day-02/Cogmento/createContact/div_Login' is clicked on

2023-06-07 14:57:33 - [MESSAGE][PASSED] - com.LoginCogmento.Login is PASSED

2023-06-07 14:57:33 - [MESSAGE][PASSED] - Method 'login' complete successfully

2023-06-07 14:57:33 - [TEST_STEP][PASSED] - click(findTestObject("Object Repository/Day-04/Create Contact with CSV/i_Calendar_users icon")): Object: 'Object Repository/Day-04/Create Contact with CSV/i_Calendar_users icon' is clicked on

2023-06-07 14:57:35 - [MESSAGE][PASSED] - Object: 'Object Repository/Day-04/Create Contact with CSV/i_Calendar_users icon' is clicked on

2023-06-07 14:57:35 - [TEST_STEP][PASSED] - click(findTestObject("Object Repository/Day-04/Create Contact with CSV/button_Create")): Object: 'Object Repository/Day-04/Create Contact with CSV/button_Create' is clicked on

2023-06-07 14:57:36 - [MESSAGE][PASSED] - Object: 'Object Repository/Day-04/Create Contact with CSV/button_Create' is clicked on

2023-06-07 14:57:36 - [TEST_STEP][PASSED] - setText(findTestObject("Object Repository/Day-04/Create Contact with CSV/input_First Name_first_name"), FirstName): Text 'Rushin' is set on object 'Object Repository/Day-04/Create Contact with CSV/input_First Name_first_name'

2023-06-07 14:57:37 - [MESSAGE][PASSED] - Text 'Rushin' is set on object 'Object Repository/Day-04/Create Contact with CSV/input_First Name_first_name'

2023-06-07 14:57:37 - [TEST_STEP][PASSED] - setText(findTestObject("Object Repository/Day-04/Create Contact with CSV/input_Last Name_last_name"), LastName): Text 'Shah' is set on object 'Object Repository/Day-04/Create Contact with CSV/input_Last Name_last_name'

2023-06-07 14:57:38 - [MESSAGE][PASSED] - Text 'Shah' is set on object 'Object Repository/Day-04/Create Contact with CSV/input_Last Name_last_name'

2023-06-07 14:57:38 - [TEST_STEP][PASSED] - click(findTestObject("Object Repository/Day-04/Create Contact with CSV/button_Save")): Object: 'Object Repository/Day-04/Create Contact with CSV/button_Save' is clicked on

2023-06-07 14:57:39 - [MESSAGE][PASSED] - Object: 'Object Repository/Day-04/Create Contact with CSV/button_Save' is clicked on

2023-06-07 14:57:39 - [TEST_STEP][PASSED] - try: Text 'Rushin Shah' is present on page 

2023-06-07 14:57:39 - [TEST_STEP][PASSED] - verifyTextPresent(FirstName + " " + LastName, false): Text 'Rushin Shah' is present on page 

2023-06-07 14:57:41 - [MESSAGE][PASSED] - Text 'Rushin Shah' is present on page 

2023-06-07 14:57:41 - [TEST_STEP][PASSED] - Start tear down : logout: Method 'logout' complete successfully

2023-06-07 14:57:41 - [TEST_STEP][PASSED] - try: Text 'Forgot your password?' is present on page 

2023-06-07 14:57:41 - [TEST_STEP][PASSED] - waitForPageLoad(5): Wait for page load successfully

2023-06-07 14:57:41 - [MESSAGE][PASSED] - Wait for page load successfully

2023-06-07 14:57:41 - [TEST_STEP][PASSED] - click(findTestObject("Object Repository/Day-04/Create Contact with CSV/i_Free account_settings icon")): Object: 'Object Repository/Day-04/Create Contact with CSV/i_Free account_settings icon' is clicked on

2023-06-07 14:57:41 - [MESSAGE][PASSED] - Object: 'Object Repository/Day-04/Create Contact with CSV/i_Free account_settings icon' is clicked on

2023-06-07 14:57:41 - [TEST_STEP][PASSED] - click(findTestObject("Object Repository/Day-04/Create Contact with CSV/span_Log Out")): Object: 'Object Repository/Day-04/Create Contact with CSV/span_Log Out' is clicked on

2023-06-07 14:57:42 - [MESSAGE][PASSED] - Object: 'Object Repository/Day-04/Create Contact with CSV/span_Log Out' is clicked on

2023-06-07 14:57:42 - [TEST_STEP][PASSED] - waitForPageLoad(5): Wait for page load successfully

2023-06-07 14:57:42 - [MESSAGE][PASSED] - Wait for page load successfully

2023-06-07 14:57:42 - [TEST_STEP][PASSED] - verifyTextPresent("Forgot your password?", false): Text 'Forgot your password?' is present on page 

2023-06-07 14:57:45 - [MESSAGE][PASSED] - Text 'Forgot your password?' is present on page 

2023-06-07 14:57:45 - [MESSAGE][PASSED] - Method 'logout' complete successfully

2023-06-07 14:57:45 - [TEST_STEP][PASSED] - Start listener action : logout: null

2023-06-07 14:57:45 - [TEST_STEP][PASSED] - println("Testcase Run successfully."): null]]></system-out>
         <system-err><![CDATA[]]></system-err>
      </testcase>
      <testcase name="Test Cases/Day-04/createContactUsingCSV" time="16.624" classname="Test Cases/Day-04/createContactUsingCSV" status="PASSED">
         <system-out><![CDATA[2023-06-07 14:57:45 - [TEST_CASE][PASSED] - Test Cases/Day-04/createContactUsingCSV: Test Cases/Day-04/createContactUsingCSV

2023-06-07 14:57:45 - [TEST_STEP][PASSED] - Start listener action : login: Current window maximized

2023-06-07 14:57:45 - [TEST_STEP][PASSED] - maximizeWindow(): Current window maximized

2023-06-07 14:57:45 - [MESSAGE][PASSED] - Current window maximized

2023-06-07 14:57:45 - [TEST_STEP][PASSED] - Start setup action : login: Method 'login' complete successfully

2023-06-07 14:57:45 - [TEST_STEP][PASSED] - navigateToUrl(URL): Navigate to 'https://ui.cogmento.com' successfully

2023-06-07 14:57:46 - [MESSAGE][PASSED] - Navigate to 'https://ui.cogmento.com' successfully

2023-06-07 14:57:46 - [TEST_STEP][PASSED] - com.LoginCogmento.Login("deep.p@simformsolutions.com", "Deep@123"): com.LoginCogmento.Login is PASSED

2023-06-07 14:57:47 - [MESSAGE][PASSED] - Text 'deep.p@simformsolutions.com' is set on object 'Object Repository/Day-02/Cogmento/createContact/input_Login_email'

2023-06-07 14:57:48 - [MESSAGE][PASSED] - Text 'Deep@123' is set on object 'Object Repository/Day-02/Cogmento/createContact/input_Login_password'

2023-06-07 14:57:48 - [MESSAGE][PASSED] - Object: 'Object Repository/Day-02/Cogmento/createContact/div_Login' is clicked on

2023-06-07 14:57:48 - [MESSAGE][PASSED] - com.LoginCogmento.Login is PASSED

2023-06-07 14:57:48 - [MESSAGE][PASSED] - Method 'login' complete successfully

2023-06-07 14:57:48 - [TEST_STEP][PASSED] - click(findTestObject("Object Repository/Day-04/Create Contact with CSV/i_Calendar_users icon")): Object: 'Object Repository/Day-04/Create Contact with CSV/i_Calendar_users icon' is clicked on

2023-06-07 14:57:51 - [MESSAGE][PASSED] - Object: 'Object Repository/Day-04/Create Contact with CSV/i_Calendar_users icon' is clicked on

2023-06-07 14:57:51 - [TEST_STEP][PASSED] - click(findTestObject("Object Repository/Day-04/Create Contact with CSV/button_Create")): Object: 'Object Repository/Day-04/Create Contact with CSV/button_Create' is clicked on

2023-06-07 14:57:52 - [MESSAGE][PASSED] - Object: 'Object Repository/Day-04/Create Contact with CSV/button_Create' is clicked on

2023-06-07 14:57:52 - [TEST_STEP][PASSED] - setText(findTestObject("Object Repository/Day-04/Create Contact with CSV/input_First Name_first_name"), FirstName): Text 'Deepansh' is set on object 'Object Repository/Day-04/Create Contact with CSV/input_First Name_first_name'

2023-06-07 14:57:53 - [MESSAGE][PASSED] - Text 'Deepansh' is set on object 'Object Repository/Day-04/Create Contact with CSV/input_First Name_first_name'

2023-06-07 14:57:53 - [TEST_STEP][PASSED] - setText(findTestObject("Object Repository/Day-04/Create Contact with CSV/input_Last Name_last_name"), LastName): Text 'Sahni' is set on object 'Object Repository/Day-04/Create Contact with CSV/input_Last Name_last_name'

2023-06-07 14:57:54 - [MESSAGE][PASSED] - Text 'Sahni' is set on object 'Object Repository/Day-04/Create Contact with CSV/input_Last Name_last_name'

2023-06-07 14:57:54 - [TEST_STEP][PASSED] - click(findTestObject("Object Repository/Day-04/Create Contact with CSV/button_Save")): Object: 'Object Repository/Day-04/Create Contact with CSV/button_Save' is clicked on

2023-06-07 14:57:55 - [MESSAGE][PASSED] - Object: 'Object Repository/Day-04/Create Contact with CSV/button_Save' is clicked on

2023-06-07 14:57:55 - [TEST_STEP][PASSED] - try: Text 'Deepansh Sahni' is present on page 

2023-06-07 14:57:55 - [TEST_STEP][PASSED] - verifyTextPresent(FirstName + " " + LastName, false): Text 'Deepansh Sahni' is present on page 

2023-06-07 14:57:57 - [MESSAGE][PASSED] - Text 'Deepansh Sahni' is present on page 

2023-06-07 14:57:57 - [TEST_STEP][PASSED] - Start tear down : logout: Method 'logout' complete successfully

2023-06-07 14:57:57 - [TEST_STEP][PASSED] - try: Text 'Forgot your password?' is present on page 

2023-06-07 14:57:57 - [TEST_STEP][PASSED] - waitForPageLoad(5): Wait for page load successfully

2023-06-07 14:57:57 - [MESSAGE][PASSED] - Wait for page load successfully

2023-06-07 14:57:57 - [TEST_STEP][PASSED] - click(findTestObject("Object Repository/Day-04/Create Contact with CSV/i_Free account_settings icon")): Object: 'Object Repository/Day-04/Create Contact with CSV/i_Free account_settings icon' is clicked on

2023-06-07 14:57:58 - [MESSAGE][PASSED] - Object: 'Object Repository/Day-04/Create Contact with CSV/i_Free account_settings icon' is clicked on

2023-06-07 14:57:58 - [TEST_STEP][PASSED] - click(findTestObject("Object Repository/Day-04/Create Contact with CSV/span_Log Out")): Object: 'Object Repository/Day-04/Create Contact with CSV/span_Log Out' is clicked on

2023-06-07 14:57:58 - [MESSAGE][PASSED] - Object: 'Object Repository/Day-04/Create Contact with CSV/span_Log Out' is clicked on

2023-06-07 14:57:58 - [TEST_STEP][PASSED] - waitForPageLoad(5): Wait for page load successfully

2023-06-07 14:57:58 - [MESSAGE][PASSED] - Wait for page load successfully

2023-06-07 14:57:58 - [TEST_STEP][PASSED] - verifyTextPresent("Forgot your password?", false): Text 'Forgot your password?' is present on page 

2023-06-07 14:58:01 - [MESSAGE][PASSED] - Text 'Forgot your password?' is present on page 

2023-06-07 14:58:01 - [MESSAGE][PASSED] - Method 'logout' complete successfully

2023-06-07 14:58:01 - [TEST_STEP][PASSED] - Start listener action : logout: null

2023-06-07 14:58:01 - [TEST_STEP][PASSED] - println("Testcase Run successfully."): null]]></system-out>
         <system-err><![CDATA[]]></system-err>
      </testcase>
      <system-out><![CDATA[2023-06-07 14:55:32 - [TEST_SUITE][PASSED] - createContactusingCSV: Test Cases/Day-04/createContactUsingCSV]]></system-out>
      <system-err><![CDATA[]]></system-err>
   </testsuite>
</testsuites>
