<?xml version="1.0" encoding="UTF-8"?>
<testsuites name="New Test Suite Collection" time="148.183" tests="10" failures="0" errors="0">
   <testsuite name="createUpdateDeleteContact" tests="3" failures="0" errors="0" time="122.882" skipped="0" timestamp="2023-06-08 17:13:47" hostname="deep - SF-CPU-460" id="Test Suites/Day-02/Cogmento/createUpdateDeleteContact">
      <properties>
         <property name="deviceName" value=""/>
         <property name="devicePlatform" value=""/>
         <property name="logFolder" value="/home/deep/git/KatalonProject/Reports/20230608_171329/Day-02/Cogmento/createUpdateDeleteContact/20230608_171330"/>
         <property name="logFiles" value="/home/deep/git/KatalonProject/Reports/20230608_171329/Day-02/Cogmento/createUpdateDeleteContact/20230608_171330/execution0.log"/>
         <property name="attachments" value=""/>
         <property name="hostName" value="deep - SF-CPU-460"/>
         <property name="os" value="Linux 64bit"/>
         <property name="katalonVersion" value="8.6.0.208"/>
         <property name="browser" value="Chrome 109.0.0.0"/>
         <property name="hostAddress" value="127.0.1.1"/>
         <property name="sessionId" value="48f1607f765965b38869391b75ec8d73"/>
         <property name="seleniumVersion" value="3.141.59"/>
         <property name="proxyInformation" value="ProxyInformation { proxyOption=NO_PROXY, proxyServerType=HTTP, username=, password=********, proxyServerAddress=, proxyServerPort=0, executionList=&quot;&quot;, isApplyToDesiredCapabilities=true }"/>
         <property name="platform" value="Linux"/>
      </properties>
      <testcase name="Test Cases/Day-02/Cogmento/CreateContact" time="60.101" classname="Test Cases/Day-02/Cogmento/CreateContact" status="PASSED">
         <system-out><![CDATA[2023-06-08 17:13:57 - [TEST_CASE][PASSED] - Test Cases/Day-02/Cogmento/CreateContact: Test Cases/Day-02/Cogmento/CreateContact

2023-06-08 17:13:58 - [TEST_STEP][PASSED] - Start listener action : maximize: Current window maximized

2023-06-08 17:13:58 - [TEST_STEP][PASSED] - maximizeWindow(): Current window maximized

2023-06-08 17:13:58 - [MESSAGE][PASSED] - Current window maximized

2023-06-08 17:14:00 - [TEST_STEP][PASSED] - navigateToUrl(URL): Navigate to 'https://ui.cogmento.com' successfully

2023-06-08 17:14:07 - [MESSAGE][PASSED] - Navigate to 'https://ui.cogmento.com' successfully

2023-06-08 17:14:07 - [TEST_STEP][PASSED] - username_object = "Object Repository/Day-02/Cogmento/createContact/input_Login_email": null

2023-06-08 17:14:07 - [TEST_STEP][PASSED] - password_object = "Object Repository/Day-02/Cogmento/createContact/input_Login_password": null

2023-06-08 17:14:07 - [TEST_STEP][PASSED] - loginBtn_object = "Object Repository/Day-02/Cogmento/createContact/div_Login": null

2023-06-08 17:14:07 - [TEST_STEP][PASSED] - com.LoginCogmento.Login(username_object, password_object, loginBtn_object, username, password): com.LoginCogmento.Login is PASSED

2023-06-08 17:14:09 - [MESSAGE][PASSED] - Text 'deep.p@simformsolutions.com' is set on object 'Object Repository/Day-02/Cogmento/createContact/input_Login_email'

2023-06-08 17:14:10 - [MESSAGE][PASSED] - Text 'Deep@123' is set on object 'Object Repository/Day-02/Cogmento/createContact/input_Login_password'

2023-06-08 17:14:11 - [MESSAGE][PASSED] - Object: 'Object Repository/Day-02/Cogmento/createContact/div_Login' is clicked on

2023-06-08 17:14:11 - [MESSAGE][PASSED] - com.LoginCogmento.Login is PASSED

2023-06-08 17:14:11 - [TEST_STEP][PASSED] - click(findTestObject("Object Repository/Day-02/Cogmento/createContact/i_Calendar_users icon")): Object: 'Object Repository/Day-02/Cogmento/createContact/i_Calendar_users icon' is clicked on

2023-06-08 17:14:18 - [MESSAGE][PASSED] - Object: 'Object Repository/Day-02/Cogmento/createContact/i_Calendar_users icon' is clicked on

2023-06-08 17:14:18 - [TEST_STEP][PASSED] - click(findTestObject("Object Repository/Day-02/Cogmento/createContact/button_Create")): Object: 'Object Repository/Day-02/Cogmento/createContact/button_Create' is clicked on

2023-06-08 17:14:21 - [MESSAGE][PASSED] - Object: 'Object Repository/Day-02/Cogmento/createContact/button_Create' is clicked on

2023-06-08 17:14:21 - [TEST_STEP][PASSED] - setText(findTestObject("Object Repository/Day-02/Cogmento/createContact/input_First Name_first_name"), firstName): Text 'Deep' is set on object 'Object Repository/Day-02/Cogmento/createContact/input_First Name_first_name'

2023-06-08 17:14:23 - [MESSAGE][PASSED] - Text 'Deep' is set on object 'Object Repository/Day-02/Cogmento/createContact/input_First Name_first_name'

2023-06-08 17:14:23 - [TEST_STEP][PASSED] - setText(findTestObject("Object Repository/Day-02/Cogmento/createContact/input_Last Name_last_name"), lastName): Text 'Patel' is set on object 'Object Repository/Day-02/Cogmento/createContact/input_Last Name_last_name'

2023-06-08 17:14:24 - [MESSAGE][PASSED] - Text 'Patel' is set on object 'Object Repository/Day-02/Cogmento/createContact/input_Last Name_last_name'

2023-06-08 17:14:24 - [TEST_STEP][PASSED] - setText(findTestObject("Object Repository/Day-02/Cogmento/createContact/input_Company_search"), company): Text 'Simform' is set on object 'Object Repository/Day-02/Cogmento/createContact/input_Company_search'

2023-06-08 17:14:26 - [MESSAGE][INFO] - Unable to find the element located by 'By.xpath: //input[@value='Simform']'. Please recheck the objects properties to make sure the desired element is located. 

2023-06-08 17:14:26 - [MESSAGE][WARNING] - [SELF-HEALING] Failed to find element with id 'Object Repository/Day-02/Cogmento/createContact/input_Company_search'. Try using Self-healing.

2023-06-08 17:14:26 - [MESSAGE][WARNING] - [SELF-HEALING] The current locator of test object 'Object Repository/Day-02/Cogmento/createContact/input_Company_search' was broken. Propose an alternative one: '//div[@id='main-content']/div/div[2]/form/div[2]/div[2]/div/div/input'.

2023-06-08 17:14:28 - [MESSAGE][INFO] - Unable to find the element located by 'By.xpath: //input[@value='Simform']'. Please recheck the objects properties to make sure the desired element is located. 

2023-06-08 17:14:28 - [MESSAGE][WARNING] - [SELF-HEALING] Failed to find element with id 'Object Repository/Day-02/Cogmento/createContact/input_Company_search'. Try using Self-healing.

2023-06-08 17:14:28 - [MESSAGE][WARNING] - [SELF-HEALING] The current locator of test object 'Object Repository/Day-02/Cogmento/createContact/input_Company_search' was broken. Propose an alternative one: '//div[@id='main-content']/div/div[2]/form/div[2]/div[2]/div/div/input'.

2023-06-08 17:14:30 - [MESSAGE][PASSED] - Text 'Simform' is set on object 'Object Repository/Day-02/Cogmento/createContact/input_Company_search'

2023-06-08 17:14:30 - [TEST_STEP][PASSED] - setText(findTestObject("Object Repository/Day-02/Cogmento/createContact/input_Email_value"), mailId): Text 'deep@gmail.com' is set on object 'Object Repository/Day-02/Cogmento/createContact/input_Email_value'

2023-06-08 17:14:34 - [MESSAGE][PASSED] - Text 'deep@gmail.com' is set on object 'Object Repository/Day-02/Cogmento/createContact/input_Email_value'

2023-06-08 17:14:34 - [TEST_STEP][PASSED] - click(findTestObject("Object Repository/Day-02/Cogmento/createContact/div_SelectLeadCustomerContactAffiliate")): Object: 'Object Repository/Day-02/Cogmento/createContact/div_SelectLeadCustomerContactAffiliate' is clicked on

2023-06-08 17:14:35 - [MESSAGE][PASSED] - Object: 'Object Repository/Day-02/Cogmento/createContact/div_SelectLeadCustomerContactAffiliate' is clicked on

2023-06-08 17:14:35 - [TEST_STEP][PASSED] - click(findTestObject("Object Repository/Day-02/Cogmento/createContact/div_Customer")): Object: 'Object Repository/Day-02/Cogmento/createContact/div_Customer' is clicked on

2023-06-08 17:14:35 - [MESSAGE][PASSED] - Object: 'Object Repository/Day-02/Cogmento/createContact/div_Customer' is clicked on

2023-06-08 17:14:35 - [TEST_STEP][PASSED] - click(findTestObject("Object Repository/Day-02/Cogmento/createContact/div_SelectNewActiveInactiveOn HoldTerminatedHot")): Object: 'Object Repository/Day-02/Cogmento/createContact/div_SelectNewActiveInactiveOn HoldTerminatedHot' is clicked on

2023-06-08 17:14:36 - [MESSAGE][PASSED] - Object: 'Object Repository/Day-02/Cogmento/createContact/div_SelectNewActiveInactiveOn HoldTerminatedHot' is clicked on

2023-06-08 17:14:36 - [TEST_STEP][PASSED] - click(findTestObject("Object Repository/Day-02/Cogmento/createContact/div_New")): Object: 'Object Repository/Day-02/Cogmento/createContact/div_New' is clicked on

2023-06-08 17:14:37 - [MESSAGE][PASSED] - Object: 'Object Repository/Day-02/Cogmento/createContact/div_New' is clicked on

2023-06-08 17:14:37 - [TEST_STEP][PASSED] - setText(findTestObject("Object Repository/Day-02/Cogmento/createContact/textarea_deep"), firstName + " " + lastName): Text 'Deep Patel' is set on object 'Object Repository/Day-02/Cogmento/createContact/textarea_deep'

2023-06-08 17:14:39 - [MESSAGE][PASSED] - Text 'Deep Patel' is set on object 'Object Repository/Day-02/Cogmento/createContact/textarea_deep'

2023-06-08 17:14:39 - [TEST_STEP][PASSED] - click(findTestObject("Object Repository/Day-02/Cogmento/createContact/label_Do not Text")): Object: 'Object Repository/Day-02/Cogmento/createContact/label_Do not Text' is clicked on

2023-06-08 17:14:40 - [MESSAGE][PASSED] - Object: 'Object Repository/Day-02/Cogmento/createContact/label_Do not Text' is clicked on

2023-06-08 17:14:40 - [TEST_STEP][PASSED] - setText(findTestObject("Object Repository/Day-02/Cogmento/createContact/input_Birthday_day"), "22"): Text '22' is set on object 'Object Repository/Day-02/Cogmento/createContact/input_Birthday_day'

2023-06-08 17:14:41 - [MESSAGE][PASSED] - Text '22' is set on object 'Object Repository/Day-02/Cogmento/createContact/input_Birthday_day'

2023-06-08 17:14:41 - [TEST_STEP][PASSED] - setText(findTestObject("Object Repository/Day-02/Cogmento/createContact/input_December_year"), "2002"): Text '2002' is set on object 'Object Repository/Day-02/Cogmento/createContact/input_December_year'

2023-06-08 17:14:43 - [MESSAGE][PASSED] - Text '2002' is set on object 'Object Repository/Day-02/Cogmento/createContact/input_December_year'

2023-06-08 17:14:43 - [TEST_STEP][PASSED] - click(findTestObject("Object Repository/Day-02/Cogmento/createContact/div_Month JanuaryFebruaryMarchAprilMayJuneJ_b508fe")): Object: 'Object Repository/Day-02/Cogmento/createContact/div_Month JanuaryFebruaryMarchAprilMayJuneJ_b508fe' is clicked on

2023-06-08 17:14:43 - [MESSAGE][PASSED] - Object: 'Object Repository/Day-02/Cogmento/createContact/div_Month JanuaryFebruaryMarchAprilMayJuneJ_b508fe' is clicked on

2023-06-08 17:14:43 - [TEST_STEP][PASSED] - click(findTestObject("Object Repository/Day-02/Cogmento/createContact/span_December")): Object: 'Object Repository/Day-02/Cogmento/createContact/span_December' is clicked on

2023-06-08 17:14:44 - [MESSAGE][PASSED] - Object: 'Object Repository/Day-02/Cogmento/createContact/span_December' is clicked on

2023-06-08 17:14:44 - [TEST_STEP][PASSED] - setText(findTestObject("Object Repository/Day-02/Cogmento/createContact/input_Image_image"), "/home/deep/Pictures/Wallpapers/Simform_Wallpaper4.png"): Text '/home/deep/Pictures/Wallpapers/Simform_Wallpaper4.png' is set on object 'Object Repository/Day-02/Cogmento/createContact/input_Image_image'

2023-06-08 17:14:45 - [MESSAGE][PASSED] - Text '/home/deep/Pictures/Wallpapers/Simform_Wallpaper4.png' is set on object 'Object Repository/Day-02/Cogmento/createContact/input_Image_image'

2023-06-08 17:14:45 - [TEST_STEP][PASSED] - click(findTestObject("Object Repository/Day-02/Cogmento/createContact/input_Identifier_identifier")): Object: 'Object Repository/Day-02/Cogmento/createContact/input_Identifier_identifier' is clicked on

2023-06-08 17:14:46 - [MESSAGE][PASSED] - Object: 'Object Repository/Day-02/Cogmento/createContact/input_Identifier_identifier' is clicked on

2023-06-08 17:14:46 - [TEST_STEP][PASSED] - click(findTestObject("Object Repository/Day-02/Cogmento/createContact/button_Save")): Object: 'Object Repository/Day-02/Cogmento/createContact/button_Save' is clicked on

2023-06-08 17:14:47 - [MESSAGE][PASSED] - Object: 'Object Repository/Day-02/Cogmento/createContact/button_Save' is clicked on

2023-06-08 17:14:47 - [TEST_STEP][PASSED] - click(findTestObject("Object Repository/Day-02/Cogmento/createContact/i_Home_home icon")): Object: 'Object Repository/Day-02/Cogmento/createContact/i_Home_home icon' is clicked on

2023-06-08 17:14:50 - [MESSAGE][PASSED] - Object: 'Object Repository/Day-02/Cogmento/createContact/i_Home_home icon' is clicked on

2023-06-08 17:14:50 - [TEST_STEP][PASSED] - mouseOver(findTestObject("Day-04/Create Contact with CSV/i_Free account_settings icon")): Object: 'Object Repository/Day-04/Create Contact with CSV/i_Free account_settings icon' is hovered

2023-06-08 17:14:52 - [MESSAGE][PASSED] - Object: 'Object Repository/Day-04/Create Contact with CSV/i_Free account_settings icon' is hovered

2023-06-08 17:14:52 - [TEST_STEP][PASSED] - click(findTestObject("Object Repository/Day-02/Cogmento/createContact/a_Deep Patel")): Object: 'Object Repository/Day-02/Cogmento/createContact/a_Deep Patel' is clicked on

2023-06-08 17:14:53 - [MESSAGE][PASSED] - Object: 'Object Repository/Day-02/Cogmento/createContact/a_Deep Patel' is clicked on

2023-06-08 17:14:53 - [TEST_STEP][PASSED] - click(findTestObject("Object Repository/Day-02/Cogmento/createContact/div_Record meta data")): Object: 'Object Repository/Day-02/Cogmento/createContact/div_Record meta data' is clicked on

2023-06-08 17:14:54 - [MESSAGE][PASSED] - Object: 'Object Repository/Day-02/Cogmento/createContact/div_Record meta data' is clicked on

2023-06-08 17:14:54 - [TEST_STEP][PASSED] - verifyTextPresent(firstName + " " + lastName, false): Text 'Deep Patel' is present on page 

2023-06-08 17:14:55 - [MESSAGE][PASSED] - Text 'Deep Patel' is present on page 

2023-06-08 17:14:55 - [TEST_STEP][PASSED] - verifyTextPresent(company, false): Text 'Simform' is present on page 

2023-06-08 17:14:56 - [MESSAGE][PASSED] - Text 'Simform' is present on page 

2023-06-08 17:14:56 - [TEST_STEP][PASSED] - verifyTextPresent(mailId, false): Text 'deep@gmail.com' is present on page 

2023-06-08 17:14:56 - [MESSAGE][PASSED] - Text 'deep@gmail.com' is present on page 

2023-06-08 17:14:56 - [TEST_STEP][PASSED] - verifyTextPresent(firstName + " " + lastName, false): Text 'Deep Patel' is present on page 

2023-06-08 17:14:57 - [MESSAGE][PASSED] - Text 'Deep Patel' is present on page 

2023-06-08 17:14:57 - [TEST_STEP][PASSED] - verifyTextPresent(firstName + " " + lastName, false): Text 'Deep Patel' is present on page 

2023-06-08 17:14:57 - [MESSAGE][PASSED] - Text 'Deep Patel' is present on page 

2023-06-08 17:14:57 - [TEST_STEP][PASSED] - Start listener action : assertmessage: null

2023-06-08 17:14:57 - [TEST_STEP][PASSED] - println("Testcase Run successfully."): null]]></system-out>
         <system-err><![CDATA[]]></system-err>
      </testcase>
      <testcase name="Test Cases/Day-02/Cogmento/updateContact" time="38.724" classname="Test Cases/Day-02/Cogmento/updateContact" status="PASSED">
         <system-out><![CDATA[2023-06-08 17:14:57 - [TEST_CASE][PASSED] - Test Cases/Day-02/Cogmento/updateContact: Test Cases/Day-02/Cogmento/updateContact

2023-06-08 17:14:58 - [TEST_STEP][PASSED] - Start listener action : maximize: Current window maximized

2023-06-08 17:14:58 - [TEST_STEP][PASSED] - maximizeWindow(): Current window maximized

2023-06-08 17:14:58 - [MESSAGE][PASSED] - Current window maximized

2023-06-08 17:14:59 - [TEST_STEP][PASSED] - navigateToUrl("https://ui.cogmento.com/"): Navigate to 'https://ui.cogmento.com/' successfully

2023-06-08 17:15:03 - [MESSAGE][PASSED] - Navigate to 'https://ui.cogmento.com/' successfully

2023-06-08 17:15:03 - [TEST_STEP][PASSED] - username_object = "Object Repository/Day-02/Cogmento/createContact/input_Login_email": null

2023-06-08 17:15:03 - [TEST_STEP][PASSED] - password_object = "Object Repository/Day-02/Cogmento/createContact/input_Login_password": null

2023-06-08 17:15:03 - [TEST_STEP][PASSED] - loginBtn_object = "Object Repository/Day-02/Cogmento/createContact/div_Login": null

2023-06-08 17:15:03 - [TEST_STEP][PASSED] - com.LoginCogmento.Login(username_object, password_object, loginBtn_object, username, password): com.LoginCogmento.Login is PASSED

2023-06-08 17:15:06 - [MESSAGE][INFO] - Unable to find the element located by 'By.xpath: //input[@name='email']'. Please recheck the objects properties to make sure the desired element is located. 

2023-06-08 17:15:06 - [MESSAGE][WARNING] - [SELF-HEALING] Failed to find element with id 'Object Repository/Day-02/Cogmento/createContact/input_Login_email'. Try using Self-healing.

2023-06-08 17:15:07 - [MESSAGE][WARNING] - [SELF-HEALING] The current locator of test object 'Object Repository/Day-02/Cogmento/createContact/input_Login_email' was broken. Propose an alternative one: '//input'.

2023-06-08 17:15:08 - [MESSAGE][INFO] - Unable to find the element located by 'By.xpath: //input[@name='email']'. Please recheck the objects properties to make sure the desired element is located. 

2023-06-08 17:15:08 - [MESSAGE][WARNING] - [SELF-HEALING] Failed to find element with id 'Object Repository/Day-02/Cogmento/createContact/input_Login_email'. Try using Self-healing.

2023-06-08 17:15:08 - [MESSAGE][WARNING] - [SELF-HEALING] The current locator of test object 'Object Repository/Day-02/Cogmento/createContact/input_Login_email' was broken. Propose an alternative one: '//input'.

2023-06-08 17:15:08 - [MESSAGE][PASSED] - Text 'deep.p@simformsolutions.com' is set on object 'Object Repository/Day-02/Cogmento/createContact/input_Login_email'

2023-06-08 17:15:10 - [MESSAGE][INFO] - Unable to find the element located by 'By.xpath: //input[@name='password']'. Please recheck the objects properties to make sure the desired element is located. 

2023-06-08 17:15:10 - [MESSAGE][WARNING] - [SELF-HEALING] Failed to find element with id 'Object Repository/Day-02/Cogmento/createContact/input_Login_password'. Try using Self-healing.

2023-06-08 17:15:10 - [MESSAGE][WARNING] - [SELF-HEALING] The current locator of test object 'Object Repository/Day-02/Cogmento/createContact/input_Login_password' was broken. Propose an alternative one: '//div[2]/div/input'.

2023-06-08 17:15:12 - [MESSAGE][INFO] - Unable to find the element located by 'By.xpath: //input[@name='password']'. Please recheck the objects properties to make sure the desired element is located. 

2023-06-08 17:15:12 - [MESSAGE][WARNING] - [SELF-HEALING] Failed to find element with id 'Object Repository/Day-02/Cogmento/createContact/input_Login_password'. Try using Self-healing.

2023-06-08 17:15:12 - [MESSAGE][WARNING] - [SELF-HEALING] The current locator of test object 'Object Repository/Day-02/Cogmento/createContact/input_Login_password' was broken. Propose an alternative one: '//div[2]/div/input'.

2023-06-08 17:15:12 - [MESSAGE][PASSED] - Text 'Deep@123' is set on object 'Object Repository/Day-02/Cogmento/createContact/input_Login_password'

2023-06-08 17:15:14 - [MESSAGE][INFO] - Unable to find the element located by 'By.xpath: //div[@id='ui']/div/div/form/div/div[3]'. Please recheck the objects properties to make sure the desired element is located. 

2023-06-08 17:15:14 - [MESSAGE][WARNING] - [SELF-HEALING] Failed to find element with id 'Object Repository/Day-02/Cogmento/createContact/div_Login'. Try using Self-healing.

2023-06-08 17:15:14 - [MESSAGE][WARNING] - [SELF-HEALING] The current locator of test object 'Object Repository/Day-02/Cogmento/createContact/div_Login' was broken. Propose an alternative one: '//div/div[3]'.

2023-06-08 17:15:14 - [MESSAGE][PASSED] - Object: 'Object Repository/Day-02/Cogmento/createContact/div_Login' is clicked on

2023-06-08 17:15:14 - [MESSAGE][PASSED] - com.LoginCogmento.Login is PASSED

2023-06-08 17:15:14 - [TEST_STEP][PASSED] - mouseOver(findTestObject("Day-04/Create Contact with CSV/i_Free account_settings icon")): Object: 'Object Repository/Day-04/Create Contact with CSV/i_Free account_settings icon' is hovered

2023-06-08 17:15:16 - [MESSAGE][PASSED] - Object: 'Object Repository/Day-04/Create Contact with CSV/i_Free account_settings icon' is hovered

2023-06-08 17:15:16 - [TEST_STEP][PASSED] - click(findTestObject("Object Repository/Day-02/Cogmento/updateContact/a_Deep Patel")): Object: 'Object Repository/Day-02/Cogmento/updateContact/a_Deep Patel' is clicked on

2023-06-08 17:15:17 - [MESSAGE][INFO] - Unable to find the element located by 'By.xpath: //div[@id='main-content']/div/div/div/div/div[2]/div/div/div/div/div[2]/div[2]/div/span/a'. Please recheck the objects properties to make sure the desired element is located. 

2023-06-08 17:15:17 - [MESSAGE][WARNING] - [SELF-HEALING] Failed to find element with id 'Object Repository/Day-02/Cogmento/updateContact/a_Deep Patel'. Try using Self-healing.

2023-06-08 17:15:18 - [MESSAGE][WARNING] - [SELF-HEALING] The current locator of test object 'Object Repository/Day-02/Cogmento/updateContact/a_Deep Patel' was broken. Propose an alternative one: '//a[contains(text(),'Deep Patel')]'.

2023-06-08 17:15:18 - [MESSAGE][PASSED] - Object: 'Object Repository/Day-02/Cogmento/updateContact/a_Deep Patel' is clicked on

2023-06-08 17:15:18 - [TEST_STEP][PASSED] - click(findTestObject("Object Repository/Day-02/Cogmento/updateContact/button_Deep Patel_ui icon button")): Object: 'Object Repository/Day-02/Cogmento/updateContact/button_Deep Patel_ui icon button' is clicked on

2023-06-08 17:15:22 - [MESSAGE][PASSED] - Object: 'Object Repository/Day-02/Cogmento/updateContact/button_Deep Patel_ui icon button' is clicked on

2023-06-08 17:15:22 - [TEST_STEP][PASSED] - clearText(findTestObject("Object Repository/Day-02/Cogmento/updateContact/input_Middle Name(s)_middle_name")): Text of object 'Object Repository/Day-02/Cogmento/updateContact/input_Middle Name(s)_middle_name' is cleared

2023-06-08 17:15:23 - [MESSAGE][PASSED] - Text of object 'Object Repository/Day-02/Cogmento/updateContact/input_Middle Name(s)_middle_name' is cleared

2023-06-08 17:15:23 - [TEST_STEP][PASSED] - setText(findTestObject("Object Repository/Day-02/Cogmento/updateContact/input_Middle Name(s)_middle_name"), middleName): Text 'Rakeshbhai' is set on object 'Object Repository/Day-02/Cogmento/updateContact/input_Middle Name(s)_middle_name'

2023-06-08 17:15:26 - [MESSAGE][PASSED] - Text 'Rakeshbhai' is set on object 'Object Repository/Day-02/Cogmento/updateContact/input_Middle Name(s)_middle_name'

2023-06-08 17:15:26 - [TEST_STEP][PASSED] - click(findTestObject("Object Repository/Day-02/Cogmento/updateContact/i_Public_unlock icon")): Object: 'Object Repository/Day-02/Cogmento/updateContact/i_Public_unlock icon' is clicked on

2023-06-08 17:15:26 - [MESSAGE][PASSED] - Object: 'Object Repository/Day-02/Cogmento/updateContact/i_Public_unlock icon' is clicked on

2023-06-08 17:15:26 - [TEST_STEP][PASSED] - sendKeys(findTestObject("Object Repository/Day-02/Cogmento/updateContact/input_Tags_search"), Keys.chord(ENTER)): Keys 'ENTER + ' sent to object: 'Object Repository/Day-02/Cogmento/updateContact/input_Tags_search'

2023-06-08 17:15:28 - [MESSAGE][INFO] - Unable to find the element located by 'By.xpath: //input[@value='tester']'. Please recheck the objects properties to make sure the desired element is located. 

2023-06-08 17:15:28 - [MESSAGE][WARNING] - [SELF-HEALING] Failed to find element with id 'Object Repository/Day-02/Cogmento/updateContact/input_Tags_search'. Try using Self-healing.

2023-06-08 17:15:28 - [MESSAGE][WARNING] - [SELF-HEALING] The current locator of test object 'Object Repository/Day-02/Cogmento/updateContact/input_Tags_search' was broken. Propose an alternative one: '//div[@id='main-content']/div/div[2]/form/div[3]/div[2]/div/label[2]/div/input'.

2023-06-08 17:15:28 - [MESSAGE][PASSED] - Keys 'ENTER + ' sent to object: 'Object Repository/Day-02/Cogmento/updateContact/input_Tags_search'

2023-06-08 17:15:28 - [TEST_STEP][PASSED] - click(findTestObject("Object Repository/Day-02/Cogmento/updateContact/div_testerNo results found")): Object: 'Object Repository/Day-02/Cogmento/updateContact/div_testerNo results found' is clicked on

2023-06-08 17:15:29 - [MESSAGE][PASSED] - Object: 'Object Repository/Day-02/Cogmento/updateContact/div_testerNo results found' is clicked on

2023-06-08 17:15:29 - [TEST_STEP][PASSED] - click(findTestObject("Object Repository/Day-02/Cogmento/updateContact/label_Do not Call")): Object: 'Object Repository/Day-02/Cogmento/updateContact/label_Do not Call' is clicked on

2023-06-08 17:15:30 - [MESSAGE][PASSED] - Object: 'Object Repository/Day-02/Cogmento/updateContact/label_Do not Call' is clicked on

2023-06-08 17:15:30 - [TEST_STEP][PASSED] - click(findTestObject("Object Repository/Day-02/Cogmento/updateContact/label_Do not Email")): Object: 'Object Repository/Day-02/Cogmento/updateContact/label_Do not Email' is clicked on

2023-06-08 17:15:30 - [MESSAGE][PASSED] - Object: 'Object Repository/Day-02/Cogmento/updateContact/label_Do not Email' is clicked on

2023-06-08 17:15:30 - [TEST_STEP][PASSED] - click(findTestObject("Object Repository/Day-02/Cogmento/updateContact/button_Save")): Object: 'Object Repository/Day-02/Cogmento/updateContact/button_Save' is clicked on

2023-06-08 17:15:31 - [MESSAGE][PASSED] - Object: 'Object Repository/Day-02/Cogmento/updateContact/button_Save' is clicked on

2023-06-08 17:15:31 - [TEST_STEP][PASSED] - click(findTestObject("Object Repository/Day-02/Cogmento/updateContact/div_AccessOnly you can see this record")): Object: 'Object Repository/Day-02/Cogmento/updateContact/div_AccessOnly you can see this record' is clicked on

2023-06-08 17:15:34 - [MESSAGE][PASSED] - Object: 'Object Repository/Day-02/Cogmento/updateContact/div_AccessOnly you can see this record' is clicked on

2023-06-08 17:15:34 - [TEST_STEP][PASSED] - click(findTestObject("Object Repository/Day-02/Cogmento/updateContact/div_Do not CallYes")): Object: 'Object Repository/Day-02/Cogmento/updateContact/div_Do not CallYes' is clicked on

2023-06-08 17:15:34 - [MESSAGE][PASSED] - Object: 'Object Repository/Day-02/Cogmento/updateContact/div_Do not CallYes' is clicked on

2023-06-08 17:15:34 - [TEST_STEP][PASSED] - click(findTestObject("Object Repository/Day-02/Cogmento/updateContact/div_Do not Text")): Object: 'Object Repository/Day-02/Cogmento/updateContact/div_Do not Text' is clicked on

2023-06-08 17:15:35 - [MESSAGE][PASSED] - Object: 'Object Repository/Day-02/Cogmento/updateContact/div_Do not Text' is clicked on

2023-06-08 17:15:35 - [TEST_STEP][PASSED] - click(findTestObject("Object Repository/Day-02/Cogmento/updateContact/div_Do not Email")): Object: 'Object Repository/Day-02/Cogmento/updateContact/div_Do not Email' is clicked on

2023-06-08 17:15:36 - [MESSAGE][PASSED] - Object: 'Object Repository/Day-02/Cogmento/updateContact/div_Do not Email' is clicked on

2023-06-08 17:15:36 - [TEST_STEP][PASSED] - verifyTextPresent(middleName, false): Text 'Rakeshbhai' is present on page 

2023-06-08 17:15:36 - [MESSAGE][PASSED] - Text 'Rakeshbhai' is present on page 

2023-06-08 17:15:36 - [TEST_STEP][PASSED] - Start listener action : assertmessage: null

2023-06-08 17:15:36 - [TEST_STEP][PASSED] - println("Testcase Run successfully."): null]]></system-out>
         <system-err><![CDATA[]]></system-err>
      </testcase>
      <testcase name="Test Cases/Day-02/Cogmento/deleteContact" time="14.154" classname="Test Cases/Day-02/Cogmento/deleteContact" status="PASSED">
         <system-out><![CDATA[2023-06-08 17:15:36 - [TEST_CASE][PASSED] - Test Cases/Day-02/Cogmento/deleteContact: Test Cases/Day-02/Cogmento/deleteContact

2023-06-08 17:15:36 - [TEST_STEP][PASSED] - Start listener action : maximize: Current window maximized

2023-06-08 17:15:36 - [TEST_STEP][PASSED] - maximizeWindow(): Current window maximized

2023-06-08 17:15:36 - [MESSAGE][PASSED] - Current window maximized

2023-06-08 17:15:37 - [TEST_STEP][PASSED] - navigateToUrl("https://ui.cogmento.com/"): Navigate to 'https://ui.cogmento.com/' successfully

2023-06-08 17:15:39 - [MESSAGE][PASSED] - Navigate to 'https://ui.cogmento.com/' successfully

2023-06-08 17:15:39 - [TEST_STEP][PASSED] - username_object = "Object Repository/Day-02/Cogmento/createContact/input_Login_email": null

2023-06-08 17:15:39 - [TEST_STEP][PASSED] - password_object = "Object Repository/Day-02/Cogmento/createContact/input_Login_password": null

2023-06-08 17:15:39 - [TEST_STEP][PASSED] - loginBtn_object = "Object Repository/Day-02/Cogmento/createContact/div_Login": null

2023-06-08 17:15:39 - [TEST_STEP][PASSED] - com.LoginCogmento.Login(username_object, password_object, loginBtn_object, username, password): com.LoginCogmento.Login is PASSED

2023-06-08 17:15:41 - [MESSAGE][INFO] - Unable to find the element located by 'By.xpath: //input[@name='email']'. Please recheck the objects properties to make sure the desired element is located. 

2023-06-08 17:15:41 - [MESSAGE][WARNING] - [SELF-HEALING] Failed to find element with id 'Object Repository/Day-02/Cogmento/createContact/input_Login_email'. Try using Self-healing.

2023-06-08 17:15:41 - [MESSAGE][WARNING] - [SELF-HEALING] The current locator of test object 'Object Repository/Day-02/Cogmento/createContact/input_Login_email' was broken. Propose an alternative one: '//input'.

2023-06-08 17:15:42 - [MESSAGE][INFO] - Unable to find the element located by 'By.xpath: //input[@name='email']'. Please recheck the objects properties to make sure the desired element is located. 

2023-06-08 17:15:42 - [MESSAGE][WARNING] - [SELF-HEALING] Failed to find element with id 'Object Repository/Day-02/Cogmento/createContact/input_Login_email'. Try using Self-healing.

2023-06-08 17:15:43 - [MESSAGE][WARNING] - [SELF-HEALING] The current locator of test object 'Object Repository/Day-02/Cogmento/createContact/input_Login_email' was broken. Propose an alternative one: '//input'.

2023-06-08 17:15:43 - [MESSAGE][PASSED] - Text 'deep.p@simformsolutions.com' is set on object 'Object Repository/Day-02/Cogmento/createContact/input_Login_email'

2023-06-08 17:15:44 - [MESSAGE][INFO] - Unable to find the element located by 'By.xpath: //input[@name='password']'. Please recheck the objects properties to make sure the desired element is located. 

2023-06-08 17:15:44 - [MESSAGE][WARNING] - [SELF-HEALING] Failed to find element with id 'Object Repository/Day-02/Cogmento/createContact/input_Login_password'. Try using Self-healing.

2023-06-08 17:15:44 - [MESSAGE][WARNING] - [SELF-HEALING] The current locator of test object 'Object Repository/Day-02/Cogmento/createContact/input_Login_password' was broken. Propose an alternative one: '//div[2]/div/input'.

2023-06-08 17:15:46 - [MESSAGE][INFO] - Unable to find the element located by 'By.xpath: //input[@name='password']'. Please recheck the objects properties to make sure the desired element is located. 

2023-06-08 17:15:46 - [MESSAGE][WARNING] - [SELF-HEALING] Failed to find element with id 'Object Repository/Day-02/Cogmento/createContact/input_Login_password'. Try using Self-healing.

2023-06-08 17:15:46 - [MESSAGE][WARNING] - [SELF-HEALING] The current locator of test object 'Object Repository/Day-02/Cogmento/createContact/input_Login_password' was broken. Propose an alternative one: '//div[2]/div/input'.

2023-06-08 17:15:46 - [MESSAGE][PASSED] - Text 'Deep@123' is set on object 'Object Repository/Day-02/Cogmento/createContact/input_Login_password'

2023-06-08 17:15:48 - [MESSAGE][INFO] - Unable to find the element located by 'By.xpath: //div[@id='ui']/div/div/form/div/div[3]'. Please recheck the objects properties to make sure the desired element is located. 

2023-06-08 17:15:48 - [MESSAGE][WARNING] - [SELF-HEALING] Failed to find element with id 'Object Repository/Day-02/Cogmento/createContact/div_Login'. Try using Self-healing.

2023-06-08 17:15:48 - [MESSAGE][WARNING] - [SELF-HEALING] The current locator of test object 'Object Repository/Day-02/Cogmento/createContact/div_Login' was broken. Propose an alternative one: '//div/div[3]'.

2023-06-08 17:15:48 - [MESSAGE][PASSED] - Object: 'Object Repository/Day-02/Cogmento/createContact/div_Login' is clicked on

2023-06-08 17:15:48 - [MESSAGE][PASSED] - com.LoginCogmento.Login is PASSED

2023-06-08 17:15:48 - [TEST_STEP][PASSED] - click(findTestObject("Object Repository/Day-02/Cogmento/deleteContact/i_Calendar_users icon")): Object: 'Object Repository/Day-02/Cogmento/deleteContact/i_Calendar_users icon' is clicked on

2023-06-08 17:15:49 - [MESSAGE][PASSED] - Object: 'Object Repository/Day-02/Cogmento/deleteContact/i_Calendar_users icon' is clicked on

2023-06-08 17:15:49 - [TEST_STEP][PASSED] - click(findTestObject("Object Repository/Day-02/Cogmento/deleteContact/i_deepgmail.com_trash icon")): Object: 'Object Repository/Day-02/Cogmento/deleteContact/i_deepgmail.com_trash icon' is clicked on

2023-06-08 17:15:50 - [MESSAGE][PASSED] - Object: 'Object Repository/Day-02/Cogmento/deleteContact/i_deepgmail.com_trash icon' is clicked on

2023-06-08 17:15:50 - [TEST_STEP][PASSED] - click(findTestObject("Object Repository/Day-02/Cogmento/deleteContact/button_Delete")): Object: 'Object Repository/Day-02/Cogmento/deleteContact/button_Delete' is clicked on

2023-06-08 17:15:50 - [MESSAGE][PASSED] - Object: 'Object Repository/Day-02/Cogmento/deleteContact/button_Delete' is clicked on

2023-06-08 17:15:50 - [TEST_STEP][PASSED] - Start listener action : assertmessage: null

2023-06-08 17:15:50 - [TEST_STEP][PASSED] - println("Testcase Run successfully."): null]]></system-out>
         <system-err><![CDATA[]]></system-err>
      </testcase>
      <system-out><![CDATA[2023-06-08 17:13:47 - [TEST_SUITE][PASSED] - createUpdateDeleteContact: Test Cases/Day-02/Cogmento/deleteContact]]></system-out>
      <system-err><![CDATA[]]></system-err>
   </testsuite>
   <testsuite name="createDeleteContact" tests="2" failures="0" errors="0" time="89.605" skipped="0" timestamp="2023-06-08 17:13:48" hostname="deep - SF-CPU-460" id="Test Suites/Day-02/Cogmento/createDeleteContact">
      <properties>
         <property name="deviceName" value=""/>
         <property name="devicePlatform" value=""/>
         <property name="logFolder" value="/home/deep/git/KatalonProject/Reports/20230608_171329/Day-02/Cogmento/createDeleteContact/20230608_171332"/>
         <property name="logFiles" value="/home/deep/git/KatalonProject/Reports/20230608_171329/Day-02/Cogmento/createDeleteContact/20230608_171332/execution0.log"/>
         <property name="attachments" value=""/>
         <property name="hostName" value="deep - SF-CPU-460"/>
         <property name="os" value="Linux 64bit"/>
         <property name="katalonVersion" value="8.6.0.208"/>
         <property name="browser" value="Chrome 109.0.0.0"/>
         <property name="hostAddress" value="127.0.1.1"/>
         <property name="sessionId" value="caaa1e7f13ce46bc6316b74eb8aa64a0"/>
         <property name="seleniumVersion" value="3.141.59"/>
         <property name="proxyInformation" value="ProxyInformation { proxyOption=NO_PROXY, proxyServerType=HTTP, username=, password=********, proxyServerAddress=, proxyServerPort=0, executionList=&quot;&quot;, isApplyToDesiredCapabilities=true }"/>
         <property name="platform" value="Linux"/>
      </properties>
      <testcase name="Test Cases/Day-02/Cogmento/CreateContact" time="59.983" classname="Test Cases/Day-02/Cogmento/CreateContact" status="PASSED">
         <system-out><![CDATA[2023-06-08 17:13:57 - [TEST_CASE][PASSED] - Test Cases/Day-02/Cogmento/CreateContact: Test Cases/Day-02/Cogmento/CreateContact

2023-06-08 17:13:58 - [TEST_STEP][PASSED] - Start listener action : maximize: Current window maximized

2023-06-08 17:13:58 - [TEST_STEP][PASSED] - maximizeWindow(): Current window maximized

2023-06-08 17:13:58 - [MESSAGE][PASSED] - Current window maximized

2023-06-08 17:13:59 - [TEST_STEP][PASSED] - navigateToUrl(URL): Navigate to 'https://ui.cogmento.com' successfully

2023-06-08 17:14:06 - [MESSAGE][PASSED] - Navigate to 'https://ui.cogmento.com' successfully

2023-06-08 17:14:06 - [TEST_STEP][PASSED] - username_object = "Object Repository/Day-02/Cogmento/createContact/input_Login_email": null

2023-06-08 17:14:06 - [TEST_STEP][PASSED] - password_object = "Object Repository/Day-02/Cogmento/createContact/input_Login_password": null

2023-06-08 17:14:06 - [TEST_STEP][PASSED] - loginBtn_object = "Object Repository/Day-02/Cogmento/createContact/div_Login": null

2023-06-08 17:14:06 - [TEST_STEP][PASSED] - com.LoginCogmento.Login(username_object, password_object, loginBtn_object, username, password): com.LoginCogmento.Login is PASSED

2023-06-08 17:14:09 - [MESSAGE][PASSED] - Text 'deep.p@simformsolutions.com' is set on object 'Object Repository/Day-02/Cogmento/createContact/input_Login_email'

2023-06-08 17:14:10 - [MESSAGE][PASSED] - Text 'Deep@123' is set on object 'Object Repository/Day-02/Cogmento/createContact/input_Login_password'

2023-06-08 17:14:11 - [MESSAGE][PASSED] - Object: 'Object Repository/Day-02/Cogmento/createContact/div_Login' is clicked on

2023-06-08 17:14:11 - [MESSAGE][PASSED] - com.LoginCogmento.Login is PASSED

2023-06-08 17:14:11 - [TEST_STEP][PASSED] - click(findTestObject("Object Repository/Day-02/Cogmento/createContact/i_Calendar_users icon")): Object: 'Object Repository/Day-02/Cogmento/createContact/i_Calendar_users icon' is clicked on

2023-06-08 17:14:18 - [MESSAGE][PASSED] - Object: 'Object Repository/Day-02/Cogmento/createContact/i_Calendar_users icon' is clicked on

2023-06-08 17:14:18 - [TEST_STEP][PASSED] - click(findTestObject("Object Repository/Day-02/Cogmento/createContact/button_Create")): Object: 'Object Repository/Day-02/Cogmento/createContact/button_Create' is clicked on

2023-06-08 17:14:21 - [MESSAGE][PASSED] - Object: 'Object Repository/Day-02/Cogmento/createContact/button_Create' is clicked on

2023-06-08 17:14:21 - [TEST_STEP][PASSED] - setText(findTestObject("Object Repository/Day-02/Cogmento/createContact/input_First Name_first_name"), firstName): Text 'Deep' is set on object 'Object Repository/Day-02/Cogmento/createContact/input_First Name_first_name'

2023-06-08 17:14:23 - [MESSAGE][PASSED] - Text 'Deep' is set on object 'Object Repository/Day-02/Cogmento/createContact/input_First Name_first_name'

2023-06-08 17:14:23 - [TEST_STEP][PASSED] - setText(findTestObject("Object Repository/Day-02/Cogmento/createContact/input_Last Name_last_name"), lastName): Text 'Patel' is set on object 'Object Repository/Day-02/Cogmento/createContact/input_Last Name_last_name'

2023-06-08 17:14:24 - [MESSAGE][PASSED] - Text 'Patel' is set on object 'Object Repository/Day-02/Cogmento/createContact/input_Last Name_last_name'

2023-06-08 17:14:24 - [TEST_STEP][PASSED] - setText(findTestObject("Object Repository/Day-02/Cogmento/createContact/input_Company_search"), company): Text 'Simform' is set on object 'Object Repository/Day-02/Cogmento/createContact/input_Company_search'

2023-06-08 17:14:25 - [MESSAGE][INFO] - Unable to find the element located by 'By.xpath: //input[@value='Simform']'. Please recheck the objects properties to make sure the desired element is located. 

2023-06-08 17:14:25 - [MESSAGE][WARNING] - [SELF-HEALING] Failed to find element with id 'Object Repository/Day-02/Cogmento/createContact/input_Company_search'. Try using Self-healing.

2023-06-08 17:14:26 - [MESSAGE][WARNING] - [SELF-HEALING] The current locator of test object 'Object Repository/Day-02/Cogmento/createContact/input_Company_search' was broken. Propose an alternative one: '//div[@id='main-content']/div/div[2]/form/div[2]/div[2]/div/div/input'.

2023-06-08 17:14:27 - [MESSAGE][INFO] - Unable to find the element located by 'By.xpath: //input[@value='Simform']'. Please recheck the objects properties to make sure the desired element is located. 

2023-06-08 17:14:27 - [MESSAGE][WARNING] - [SELF-HEALING] Failed to find element with id 'Object Repository/Day-02/Cogmento/createContact/input_Company_search'. Try using Self-healing.

2023-06-08 17:14:27 - [MESSAGE][WARNING] - [SELF-HEALING] The current locator of test object 'Object Repository/Day-02/Cogmento/createContact/input_Company_search' was broken. Propose an alternative one: '//div[@id='main-content']/div/div[2]/form/div[2]/div[2]/div/div/input'.

2023-06-08 17:14:28 - [MESSAGE][PASSED] - Text 'Simform' is set on object 'Object Repository/Day-02/Cogmento/createContact/input_Company_search'

2023-06-08 17:14:28 - [TEST_STEP][PASSED] - setText(findTestObject("Object Repository/Day-02/Cogmento/createContact/input_Email_value"), mailId): Text 'deep@gmail.com' is set on object 'Object Repository/Day-02/Cogmento/createContact/input_Email_value'

2023-06-08 17:14:33 - [MESSAGE][PASSED] - Text 'deep@gmail.com' is set on object 'Object Repository/Day-02/Cogmento/createContact/input_Email_value'

2023-06-08 17:14:33 - [TEST_STEP][PASSED] - click(findTestObject("Object Repository/Day-02/Cogmento/createContact/div_SelectLeadCustomerContactAffiliate")): Object: 'Object Repository/Day-02/Cogmento/createContact/div_SelectLeadCustomerContactAffiliate' is clicked on

2023-06-08 17:14:34 - [MESSAGE][PASSED] - Object: 'Object Repository/Day-02/Cogmento/createContact/div_SelectLeadCustomerContactAffiliate' is clicked on

2023-06-08 17:14:34 - [TEST_STEP][PASSED] - click(findTestObject("Object Repository/Day-02/Cogmento/createContact/div_Customer")): Object: 'Object Repository/Day-02/Cogmento/createContact/div_Customer' is clicked on

2023-06-08 17:14:34 - [MESSAGE][PASSED] - Object: 'Object Repository/Day-02/Cogmento/createContact/div_Customer' is clicked on

2023-06-08 17:14:34 - [TEST_STEP][PASSED] - click(findTestObject("Object Repository/Day-02/Cogmento/createContact/div_SelectNewActiveInactiveOn HoldTerminatedHot")): Object: 'Object Repository/Day-02/Cogmento/createContact/div_SelectNewActiveInactiveOn HoldTerminatedHot' is clicked on

2023-06-08 17:14:35 - [MESSAGE][PASSED] - Object: 'Object Repository/Day-02/Cogmento/createContact/div_SelectNewActiveInactiveOn HoldTerminatedHot' is clicked on

2023-06-08 17:14:35 - [TEST_STEP][PASSED] - click(findTestObject("Object Repository/Day-02/Cogmento/createContact/div_New")): Object: 'Object Repository/Day-02/Cogmento/createContact/div_New' is clicked on

2023-06-08 17:14:36 - [MESSAGE][PASSED] - Object: 'Object Repository/Day-02/Cogmento/createContact/div_New' is clicked on

2023-06-08 17:14:36 - [TEST_STEP][PASSED] - setText(findTestObject("Object Repository/Day-02/Cogmento/createContact/textarea_deep"), firstName + " " + lastName): Text 'Deep Patel' is set on object 'Object Repository/Day-02/Cogmento/createContact/textarea_deep'

2023-06-08 17:14:38 - [MESSAGE][PASSED] - Text 'Deep Patel' is set on object 'Object Repository/Day-02/Cogmento/createContact/textarea_deep'

2023-06-08 17:14:38 - [TEST_STEP][PASSED] - click(findTestObject("Object Repository/Day-02/Cogmento/createContact/label_Do not Text")): Object: 'Object Repository/Day-02/Cogmento/createContact/label_Do not Text' is clicked on

2023-06-08 17:14:38 - [MESSAGE][PASSED] - Object: 'Object Repository/Day-02/Cogmento/createContact/label_Do not Text' is clicked on

2023-06-08 17:14:38 - [TEST_STEP][PASSED] - setText(findTestObject("Object Repository/Day-02/Cogmento/createContact/input_Birthday_day"), "22"): Text '22' is set on object 'Object Repository/Day-02/Cogmento/createContact/input_Birthday_day'

2023-06-08 17:14:40 - [MESSAGE][PASSED] - Text '22' is set on object 'Object Repository/Day-02/Cogmento/createContact/input_Birthday_day'

2023-06-08 17:14:40 - [TEST_STEP][PASSED] - setText(findTestObject("Object Repository/Day-02/Cogmento/createContact/input_December_year"), "2002"): Text '2002' is set on object 'Object Repository/Day-02/Cogmento/createContact/input_December_year'

2023-06-08 17:14:41 - [MESSAGE][PASSED] - Text '2002' is set on object 'Object Repository/Day-02/Cogmento/createContact/input_December_year'

2023-06-08 17:14:41 - [TEST_STEP][PASSED] - click(findTestObject("Object Repository/Day-02/Cogmento/createContact/div_Month JanuaryFebruaryMarchAprilMayJuneJ_b508fe")): Object: 'Object Repository/Day-02/Cogmento/createContact/div_Month JanuaryFebruaryMarchAprilMayJuneJ_b508fe' is clicked on

2023-06-08 17:14:42 - [MESSAGE][PASSED] - Object: 'Object Repository/Day-02/Cogmento/createContact/div_Month JanuaryFebruaryMarchAprilMayJuneJ_b508fe' is clicked on

2023-06-08 17:14:42 - [TEST_STEP][PASSED] - click(findTestObject("Object Repository/Day-02/Cogmento/createContact/span_December")): Object: 'Object Repository/Day-02/Cogmento/createContact/span_December' is clicked on

2023-06-08 17:14:43 - [MESSAGE][PASSED] - Object: 'Object Repository/Day-02/Cogmento/createContact/span_December' is clicked on

2023-06-08 17:14:43 - [TEST_STEP][PASSED] - setText(findTestObject("Object Repository/Day-02/Cogmento/createContact/input_Image_image"), "/home/deep/Pictures/Wallpapers/Simform_Wallpaper4.png"): Text '/home/deep/Pictures/Wallpapers/Simform_Wallpaper4.png' is set on object 'Object Repository/Day-02/Cogmento/createContact/input_Image_image'

2023-06-08 17:14:45 - [MESSAGE][PASSED] - Text '/home/deep/Pictures/Wallpapers/Simform_Wallpaper4.png' is set on object 'Object Repository/Day-02/Cogmento/createContact/input_Image_image'

2023-06-08 17:14:45 - [TEST_STEP][PASSED] - click(findTestObject("Object Repository/Day-02/Cogmento/createContact/input_Identifier_identifier")): Object: 'Object Repository/Day-02/Cogmento/createContact/input_Identifier_identifier' is clicked on

2023-06-08 17:14:45 - [MESSAGE][PASSED] - Object: 'Object Repository/Day-02/Cogmento/createContact/input_Identifier_identifier' is clicked on

2023-06-08 17:14:45 - [TEST_STEP][PASSED] - click(findTestObject("Object Repository/Day-02/Cogmento/createContact/button_Save")): Object: 'Object Repository/Day-02/Cogmento/createContact/button_Save' is clicked on

2023-06-08 17:14:46 - [MESSAGE][PASSED] - Object: 'Object Repository/Day-02/Cogmento/createContact/button_Save' is clicked on

2023-06-08 17:14:46 - [TEST_STEP][PASSED] - click(findTestObject("Object Repository/Day-02/Cogmento/createContact/i_Home_home icon")): Object: 'Object Repository/Day-02/Cogmento/createContact/i_Home_home icon' is clicked on

2023-06-08 17:14:48 - [MESSAGE][PASSED] - Object: 'Object Repository/Day-02/Cogmento/createContact/i_Home_home icon' is clicked on

2023-06-08 17:14:48 - [TEST_STEP][PASSED] - mouseOver(findTestObject("Day-04/Create Contact with CSV/i_Free account_settings icon")): Object: 'Object Repository/Day-04/Create Contact with CSV/i_Free account_settings icon' is hovered

2023-06-08 17:14:50 - [MESSAGE][PASSED] - Object: 'Object Repository/Day-04/Create Contact with CSV/i_Free account_settings icon' is hovered

2023-06-08 17:14:50 - [TEST_STEP][PASSED] - click(findTestObject("Object Repository/Day-02/Cogmento/createContact/a_Deep Patel")): Object: 'Object Repository/Day-02/Cogmento/createContact/a_Deep Patel' is clicked on

2023-06-08 17:14:51 - [MESSAGE][PASSED] - Object: 'Object Repository/Day-02/Cogmento/createContact/a_Deep Patel' is clicked on

2023-06-08 17:14:51 - [TEST_STEP][PASSED] - click(findTestObject("Object Repository/Day-02/Cogmento/createContact/div_Record meta data")): Object: 'Object Repository/Day-02/Cogmento/createContact/div_Record meta data' is clicked on

2023-06-08 17:14:53 - [MESSAGE][PASSED] - Object: 'Object Repository/Day-02/Cogmento/createContact/div_Record meta data' is clicked on

2023-06-08 17:14:53 - [TEST_STEP][PASSED] - verifyTextPresent(firstName + " " + lastName, false): Text 'Deep Patel' is present on page 

2023-06-08 17:14:54 - [MESSAGE][PASSED] - Text 'Deep Patel' is present on page 

2023-06-08 17:14:54 - [TEST_STEP][PASSED] - verifyTextPresent(company, false): Text 'Simform' is present on page 

2023-06-08 17:14:54 - [MESSAGE][PASSED] - Text 'Simform' is present on page 

2023-06-08 17:14:54 - [TEST_STEP][PASSED] - verifyTextPresent(mailId, false): Text 'deep@gmail.com' is present on page 

2023-06-08 17:14:55 - [MESSAGE][PASSED] - Text 'deep@gmail.com' is present on page 

2023-06-08 17:14:55 - [TEST_STEP][PASSED] - verifyTextPresent(firstName + " " + lastName, false): Text 'Deep Patel' is present on page 

2023-06-08 17:14:56 - [MESSAGE][PASSED] - Text 'Deep Patel' is present on page 

2023-06-08 17:14:56 - [TEST_STEP][PASSED] - verifyTextPresent(firstName + " " + lastName, false): Text 'Deep Patel' is present on page 

2023-06-08 17:14:57 - [MESSAGE][PASSED] - Text 'Deep Patel' is present on page 

2023-06-08 17:14:57 - [TEST_STEP][PASSED] - Start listener action : assertmessage: null

2023-06-08 17:14:57 - [TEST_STEP][PASSED] - println("Testcase Run successfully."): null]]></system-out>
         <system-err><![CDATA[]]></system-err>
      </testcase>
      <testcase name="Test Cases/Day-02/Cogmento/deleteContact" time="20.854" classname="Test Cases/Day-02/Cogmento/deleteContact" status="PASSED">
         <system-out><![CDATA[2023-06-08 17:14:57 - [TEST_CASE][PASSED] - Test Cases/Day-02/Cogmento/deleteContact: Test Cases/Day-02/Cogmento/deleteContact

2023-06-08 17:14:57 - [TEST_STEP][PASSED] - Start listener action : maximize: Current window maximized

2023-06-08 17:14:57 - [TEST_STEP][PASSED] - maximizeWindow(): Current window maximized

2023-06-08 17:14:57 - [MESSAGE][PASSED] - Current window maximized

2023-06-08 17:14:57 - [TEST_STEP][PASSED] - navigateToUrl("https://ui.cogmento.com/"): Navigate to 'https://ui.cogmento.com/' successfully

2023-06-08 17:15:01 - [MESSAGE][PASSED] - Navigate to 'https://ui.cogmento.com/' successfully

2023-06-08 17:15:01 - [TEST_STEP][PASSED] - username_object = "Object Repository/Day-02/Cogmento/createContact/input_Login_email": null

2023-06-08 17:15:01 - [TEST_STEP][PASSED] - password_object = "Object Repository/Day-02/Cogmento/createContact/input_Login_password": null

2023-06-08 17:15:01 - [TEST_STEP][PASSED] - loginBtn_object = "Object Repository/Day-02/Cogmento/createContact/div_Login": null

2023-06-08 17:15:01 - [TEST_STEP][PASSED] - com.LoginCogmento.Login(username_object, password_object, loginBtn_object, username, password): com.LoginCogmento.Login is PASSED

2023-06-08 17:15:05 - [MESSAGE][INFO] - Unable to find the element located by 'By.xpath: //input[@name='email']'. Please recheck the objects properties to make sure the desired element is located. 

2023-06-08 17:15:05 - [MESSAGE][WARNING] - [SELF-HEALING] Failed to find element with id 'Object Repository/Day-02/Cogmento/createContact/input_Login_email'. Try using Self-healing.

2023-06-08 17:15:06 - [MESSAGE][WARNING] - [SELF-HEALING] The current locator of test object 'Object Repository/Day-02/Cogmento/createContact/input_Login_email' was broken. Propose an alternative one: '//input'.

2023-06-08 17:15:07 - [MESSAGE][INFO] - Unable to find the element located by 'By.xpath: //input[@name='email']'. Please recheck the objects properties to make sure the desired element is located. 

2023-06-08 17:15:07 - [MESSAGE][WARNING] - [SELF-HEALING] Failed to find element with id 'Object Repository/Day-02/Cogmento/createContact/input_Login_email'. Try using Self-healing.

2023-06-08 17:15:07 - [MESSAGE][WARNING] - [SELF-HEALING] The current locator of test object 'Object Repository/Day-02/Cogmento/createContact/input_Login_email' was broken. Propose an alternative one: '//input'.

2023-06-08 17:15:08 - [MESSAGE][PASSED] - Text 'deep.p@simformsolutions.com' is set on object 'Object Repository/Day-02/Cogmento/createContact/input_Login_email'

2023-06-08 17:15:09 - [MESSAGE][INFO] - Unable to find the element located by 'By.xpath: //input[@name='password']'. Please recheck the objects properties to make sure the desired element is located. 

2023-06-08 17:15:09 - [MESSAGE][WARNING] - [SELF-HEALING] Failed to find element with id 'Object Repository/Day-02/Cogmento/createContact/input_Login_password'. Try using Self-healing.

2023-06-08 17:15:10 - [MESSAGE][WARNING] - [SELF-HEALING] The current locator of test object 'Object Repository/Day-02/Cogmento/createContact/input_Login_password' was broken. Propose an alternative one: '//div[2]/div/input'.

2023-06-08 17:15:11 - [MESSAGE][INFO] - Unable to find the element located by 'By.xpath: //input[@name='password']'. Please recheck the objects properties to make sure the desired element is located. 

2023-06-08 17:15:11 - [MESSAGE][WARNING] - [SELF-HEALING] Failed to find element with id 'Object Repository/Day-02/Cogmento/createContact/input_Login_password'. Try using Self-healing.

2023-06-08 17:15:11 - [MESSAGE][WARNING] - [SELF-HEALING] The current locator of test object 'Object Repository/Day-02/Cogmento/createContact/input_Login_password' was broken. Propose an alternative one: '//div[2]/div/input'.

2023-06-08 17:15:11 - [MESSAGE][PASSED] - Text 'Deep@123' is set on object 'Object Repository/Day-02/Cogmento/createContact/input_Login_password'

2023-06-08 17:15:13 - [MESSAGE][INFO] - Unable to find the element located by 'By.xpath: //div[@id='ui']/div/div/form/div/div[3]'. Please recheck the objects properties to make sure the desired element is located. 

2023-06-08 17:15:13 - [MESSAGE][WARNING] - [SELF-HEALING] Failed to find element with id 'Object Repository/Day-02/Cogmento/createContact/div_Login'. Try using Self-healing.

2023-06-08 17:15:13 - [MESSAGE][WARNING] - [SELF-HEALING] The current locator of test object 'Object Repository/Day-02/Cogmento/createContact/div_Login' was broken. Propose an alternative one: '//div/div[3]'.

2023-06-08 17:15:14 - [MESSAGE][PASSED] - Object: 'Object Repository/Day-02/Cogmento/createContact/div_Login' is clicked on

2023-06-08 17:15:14 - [MESSAGE][PASSED] - com.LoginCogmento.Login is PASSED

2023-06-08 17:15:14 - [TEST_STEP][PASSED] - click(findTestObject("Object Repository/Day-02/Cogmento/deleteContact/i_Calendar_users icon")): Object: 'Object Repository/Day-02/Cogmento/deleteContact/i_Calendar_users icon' is clicked on

2023-06-08 17:15:15 - [MESSAGE][PASSED] - Object: 'Object Repository/Day-02/Cogmento/deleteContact/i_Calendar_users icon' is clicked on

2023-06-08 17:15:15 - [TEST_STEP][PASSED] - click(findTestObject("Object Repository/Day-02/Cogmento/deleteContact/i_deepgmail.com_trash icon")): Object: 'Object Repository/Day-02/Cogmento/deleteContact/i_deepgmail.com_trash icon' is clicked on

2023-06-08 17:15:16 - [MESSAGE][PASSED] - Object: 'Object Repository/Day-02/Cogmento/deleteContact/i_deepgmail.com_trash icon' is clicked on

2023-06-08 17:15:16 - [TEST_STEP][PASSED] - click(findTestObject("Object Repository/Day-02/Cogmento/deleteContact/button_Delete")): Object: 'Object Repository/Day-02/Cogmento/deleteContact/button_Delete' is clicked on

2023-06-08 17:15:17 - [MESSAGE][PASSED] - Object: 'Object Repository/Day-02/Cogmento/deleteContact/button_Delete' is clicked on

2023-06-08 17:15:17 - [TEST_STEP][PASSED] - Start listener action : assertmessage: null

2023-06-08 17:15:17 - [TEST_STEP][PASSED] - println("Testcase Run successfully."): null]]></system-out>
         <system-err><![CDATA[]]></system-err>
      </testcase>
      <system-out><![CDATA[2023-06-08 17:13:48 - [TEST_SUITE][PASSED] - createDeleteContact: Test Cases/Day-02/Cogmento/deleteContact]]></system-out>
      <system-err><![CDATA[]]></system-err>
   </testsuite>
   <testsuite name="createUpdateDeleteContact" tests="3" failures="0" errors="0" time="135.72" skipped="0" timestamp="2023-06-08 17:13:49" hostname="deep - SF-CPU-460" id="Test Suites/Day-02/Cogmento/createUpdateDeleteContact">
      <properties>
         <property name="deviceName" value=""/>
         <property name="devicePlatform" value=""/>
         <property name="logFolder" value="/home/deep/git/KatalonProject/Reports/20230608_171329/Day-02/Cogmento/createUpdateDeleteContact/20230608_171334"/>
         <property name="logFiles" value="/home/deep/git/KatalonProject/Reports/20230608_171329/Day-02/Cogmento/createUpdateDeleteContact/20230608_171334/execution0.log"/>
         <property name="attachments" value=""/>
         <property name="hostName" value="deep - SF-CPU-460"/>
         <property name="os" value="Linux 64bit"/>
         <property name="katalonVersion" value="8.6.0.208"/>
         <property name="browser" value="Firefox 113.0"/>
         <property name="hostAddress" value="127.0.1.1"/>
         <property name="sessionId" value="115e14d1-2405-44af-9f9d-959df52b741c"/>
         <property name="seleniumVersion" value="3.141.59"/>
         <property name="proxyInformation" value="ProxyInformation { proxyOption=NO_PROXY, proxyServerType=HTTP, username=, password=********, proxyServerAddress=, proxyServerPort=0, executionList=&quot;&quot;, isApplyToDesiredCapabilities=true }"/>
         <property name="platform" value="Linux"/>
      </properties>
      <testcase name="Test Cases/Day-02/Cogmento/CreateContact" time="67.024" classname="Test Cases/Day-02/Cogmento/CreateContact" status="PASSED">
         <system-out><![CDATA[2023-06-08 17:14:09 - [TEST_CASE][PASSED] - Test Cases/Day-02/Cogmento/CreateContact: Test Cases/Day-02/Cogmento/CreateContact

2023-06-08 17:14:10 - [TEST_STEP][PASSED] - Start listener action : maximize: Current window maximized

2023-06-08 17:14:10 - [TEST_STEP][PASSED] - maximizeWindow(): Current window maximized

2023-06-08 17:14:11 - [MESSAGE][PASSED] - Current window maximized

2023-06-08 17:14:12 - [TEST_STEP][PASSED] - navigateToUrl(URL): Navigate to 'https://ui.cogmento.com' successfully

2023-06-08 17:14:20 - [MESSAGE][PASSED] - Navigate to 'https://ui.cogmento.com' successfully

2023-06-08 17:14:20 - [TEST_STEP][PASSED] - username_object = "Object Repository/Day-02/Cogmento/createContact/input_Login_email": null

2023-06-08 17:14:20 - [TEST_STEP][PASSED] - password_object = "Object Repository/Day-02/Cogmento/createContact/input_Login_password": null

2023-06-08 17:14:20 - [TEST_STEP][PASSED] - loginBtn_object = "Object Repository/Day-02/Cogmento/createContact/div_Login": null

2023-06-08 17:14:20 - [TEST_STEP][PASSED] - com.LoginCogmento.Login(username_object, password_object, loginBtn_object, username, password): com.LoginCogmento.Login is PASSED

2023-06-08 17:14:22 - [MESSAGE][PASSED] - Text 'deep.p@simformsolutions.com' is set on object 'Object Repository/Day-02/Cogmento/createContact/input_Login_email'

2023-06-08 17:14:23 - [MESSAGE][PASSED] - Text 'Deep@123' is set on object 'Object Repository/Day-02/Cogmento/createContact/input_Login_password'

2023-06-08 17:14:23 - [MESSAGE][PASSED] - Object: 'Object Repository/Day-02/Cogmento/createContact/div_Login' is clicked on

2023-06-08 17:14:23 - [MESSAGE][PASSED] - com.LoginCogmento.Login is PASSED

2023-06-08 17:14:23 - [TEST_STEP][PASSED] - click(findTestObject("Object Repository/Day-02/Cogmento/createContact/i_Calendar_users icon")): Object: 'Object Repository/Day-02/Cogmento/createContact/i_Calendar_users icon' is clicked on

2023-06-08 17:14:31 - [MESSAGE][PASSED] - Object: 'Object Repository/Day-02/Cogmento/createContact/i_Calendar_users icon' is clicked on

2023-06-08 17:14:31 - [TEST_STEP][PASSED] - click(findTestObject("Object Repository/Day-02/Cogmento/createContact/button_Create")): Object: 'Object Repository/Day-02/Cogmento/createContact/button_Create' is clicked on

2023-06-08 17:14:33 - [MESSAGE][PASSED] - Object: 'Object Repository/Day-02/Cogmento/createContact/button_Create' is clicked on

2023-06-08 17:14:33 - [TEST_STEP][PASSED] - setText(findTestObject("Object Repository/Day-02/Cogmento/createContact/input_First Name_first_name"), firstName): Text 'Deep' is set on object 'Object Repository/Day-02/Cogmento/createContact/input_First Name_first_name'

2023-06-08 17:14:36 - [MESSAGE][PASSED] - Text 'Deep' is set on object 'Object Repository/Day-02/Cogmento/createContact/input_First Name_first_name'

2023-06-08 17:14:36 - [TEST_STEP][PASSED] - setText(findTestObject("Object Repository/Day-02/Cogmento/createContact/input_Last Name_last_name"), lastName): Text 'Patel' is set on object 'Object Repository/Day-02/Cogmento/createContact/input_Last Name_last_name'

2023-06-08 17:14:37 - [MESSAGE][PASSED] - Text 'Patel' is set on object 'Object Repository/Day-02/Cogmento/createContact/input_Last Name_last_name'

2023-06-08 17:14:37 - [TEST_STEP][PASSED] - setText(findTestObject("Object Repository/Day-02/Cogmento/createContact/input_Company_search"), company): Text 'Simform' is set on object 'Object Repository/Day-02/Cogmento/createContact/input_Company_search'

2023-06-08 17:14:39 - [MESSAGE][INFO] - Unable to find the element located by 'By.xpath: //input[@value='Simform']'. Please recheck the objects properties to make sure the desired element is located. 

2023-06-08 17:14:39 - [MESSAGE][WARNING] - [SELF-HEALING] Failed to find element with id 'Object Repository/Day-02/Cogmento/createContact/input_Company_search'. Try using Self-healing.

2023-06-08 17:14:39 - [MESSAGE][WARNING] - [SELF-HEALING] The current locator of test object 'Object Repository/Day-02/Cogmento/createContact/input_Company_search' was broken. Propose an alternative one: '//div[@id='main-content']/div/div[2]/form/div[2]/div[2]/div/div/input'.

2023-06-08 17:14:40 - [MESSAGE][INFO] - Unable to find the element located by 'By.xpath: //input[@value='Simform']'. Please recheck the objects properties to make sure the desired element is located. 

2023-06-08 17:14:40 - [MESSAGE][WARNING] - [SELF-HEALING] Failed to find element with id 'Object Repository/Day-02/Cogmento/createContact/input_Company_search'. Try using Self-healing.

2023-06-08 17:14:40 - [MESSAGE][WARNING] - [SELF-HEALING] The current locator of test object 'Object Repository/Day-02/Cogmento/createContact/input_Company_search' was broken. Propose an alternative one: '//div[@id='main-content']/div/div[2]/form/div[2]/div[2]/div/div/input'.

2023-06-08 17:14:41 - [MESSAGE][PASSED] - Text 'Simform' is set on object 'Object Repository/Day-02/Cogmento/createContact/input_Company_search'

2023-06-08 17:14:41 - [TEST_STEP][PASSED] - setText(findTestObject("Object Repository/Day-02/Cogmento/createContact/input_Email_value"), mailId): Text 'deep@gmail.com' is set on object 'Object Repository/Day-02/Cogmento/createContact/input_Email_value'

2023-06-08 17:14:44 - [MESSAGE][PASSED] - Text 'deep@gmail.com' is set on object 'Object Repository/Day-02/Cogmento/createContact/input_Email_value'

2023-06-08 17:14:44 - [TEST_STEP][PASSED] - click(findTestObject("Object Repository/Day-02/Cogmento/createContact/div_SelectLeadCustomerContactAffiliate")): Object: 'Object Repository/Day-02/Cogmento/createContact/div_SelectLeadCustomerContactAffiliate' is clicked on

2023-06-08 17:14:45 - [MESSAGE][PASSED] - Object: 'Object Repository/Day-02/Cogmento/createContact/div_SelectLeadCustomerContactAffiliate' is clicked on

2023-06-08 17:14:45 - [TEST_STEP][PASSED] - click(findTestObject("Object Repository/Day-02/Cogmento/createContact/div_Customer")): Object: 'Object Repository/Day-02/Cogmento/createContact/div_Customer' is clicked on

2023-06-08 17:14:46 - [MESSAGE][PASSED] - Object: 'Object Repository/Day-02/Cogmento/createContact/div_Customer' is clicked on

2023-06-08 17:14:46 - [TEST_STEP][PASSED] - click(findTestObject("Object Repository/Day-02/Cogmento/createContact/div_SelectNewActiveInactiveOn HoldTerminatedHot")): Object: 'Object Repository/Day-02/Cogmento/createContact/div_SelectNewActiveInactiveOn HoldTerminatedHot' is clicked on

2023-06-08 17:14:46 - [MESSAGE][PASSED] - Object: 'Object Repository/Day-02/Cogmento/createContact/div_SelectNewActiveInactiveOn HoldTerminatedHot' is clicked on

2023-06-08 17:14:46 - [TEST_STEP][PASSED] - click(findTestObject("Object Repository/Day-02/Cogmento/createContact/div_New")): Object: 'Object Repository/Day-02/Cogmento/createContact/div_New' is clicked on

2023-06-08 17:14:47 - [MESSAGE][PASSED] - Object: 'Object Repository/Day-02/Cogmento/createContact/div_New' is clicked on

2023-06-08 17:14:47 - [TEST_STEP][PASSED] - setText(findTestObject("Object Repository/Day-02/Cogmento/createContact/textarea_deep"), firstName + " " + lastName): Text 'Deep Patel' is set on object 'Object Repository/Day-02/Cogmento/createContact/textarea_deep'

2023-06-08 17:14:49 - [MESSAGE][PASSED] - Text 'Deep Patel' is set on object 'Object Repository/Day-02/Cogmento/createContact/textarea_deep'

2023-06-08 17:14:49 - [TEST_STEP][PASSED] - click(findTestObject("Object Repository/Day-02/Cogmento/createContact/label_Do not Text")): Object: 'Object Repository/Day-02/Cogmento/createContact/label_Do not Text' is clicked on

2023-06-08 17:14:51 - [MESSAGE][PASSED] - Object: 'Object Repository/Day-02/Cogmento/createContact/label_Do not Text' is clicked on

2023-06-08 17:14:51 - [TEST_STEP][PASSED] - setText(findTestObject("Object Repository/Day-02/Cogmento/createContact/input_Birthday_day"), "22"): Text '22' is set on object 'Object Repository/Day-02/Cogmento/createContact/input_Birthday_day'

2023-06-08 17:14:52 - [MESSAGE][PASSED] - Text '22' is set on object 'Object Repository/Day-02/Cogmento/createContact/input_Birthday_day'

2023-06-08 17:14:52 - [TEST_STEP][PASSED] - setText(findTestObject("Object Repository/Day-02/Cogmento/createContact/input_December_year"), "2002"): Text '2002' is set on object 'Object Repository/Day-02/Cogmento/createContact/input_December_year'

2023-06-08 17:14:54 - [MESSAGE][PASSED] - Text '2002' is set on object 'Object Repository/Day-02/Cogmento/createContact/input_December_year'

2023-06-08 17:14:54 - [TEST_STEP][PASSED] - click(findTestObject("Object Repository/Day-02/Cogmento/createContact/div_Month JanuaryFebruaryMarchAprilMayJuneJ_b508fe")): Object: 'Object Repository/Day-02/Cogmento/createContact/div_Month JanuaryFebruaryMarchAprilMayJuneJ_b508fe' is clicked on

2023-06-08 17:14:54 - [MESSAGE][PASSED] - Object: 'Object Repository/Day-02/Cogmento/createContact/div_Month JanuaryFebruaryMarchAprilMayJuneJ_b508fe' is clicked on

2023-06-08 17:14:54 - [TEST_STEP][PASSED] - click(findTestObject("Object Repository/Day-02/Cogmento/createContact/span_December")): Object: 'Object Repository/Day-02/Cogmento/createContact/span_December' is clicked on

2023-06-08 17:14:55 - [MESSAGE][PASSED] - Object: 'Object Repository/Day-02/Cogmento/createContact/span_December' is clicked on

2023-06-08 17:14:55 - [TEST_STEP][PASSED] - setText(findTestObject("Object Repository/Day-02/Cogmento/createContact/input_Image_image"), "/home/deep/Pictures/Wallpapers/Simform_Wallpaper4.png"): Text '/home/deep/Pictures/Wallpapers/Simform_Wallpaper4.png' is set on object 'Object Repository/Day-02/Cogmento/createContact/input_Image_image'

2023-06-08 17:14:56 - [MESSAGE][PASSED] - Text '/home/deep/Pictures/Wallpapers/Simform_Wallpaper4.png' is set on object 'Object Repository/Day-02/Cogmento/createContact/input_Image_image'

2023-06-08 17:14:56 - [TEST_STEP][PASSED] - click(findTestObject("Object Repository/Day-02/Cogmento/createContact/input_Identifier_identifier")): Object: 'Object Repository/Day-02/Cogmento/createContact/input_Identifier_identifier' is clicked on

2023-06-08 17:14:57 - [MESSAGE][PASSED] - Object: 'Object Repository/Day-02/Cogmento/createContact/input_Identifier_identifier' is clicked on

2023-06-08 17:14:57 - [TEST_STEP][PASSED] - click(findTestObject("Object Repository/Day-02/Cogmento/createContact/button_Save")): Object: 'Object Repository/Day-02/Cogmento/createContact/button_Save' is clicked on

2023-06-08 17:14:59 - [MESSAGE][PASSED] - Object: 'Object Repository/Day-02/Cogmento/createContact/button_Save' is clicked on

2023-06-08 17:14:59 - [TEST_STEP][PASSED] - click(findTestObject("Object Repository/Day-02/Cogmento/createContact/i_Home_home icon")): Object: 'Object Repository/Day-02/Cogmento/createContact/i_Home_home icon' is clicked on

2023-06-08 17:15:04 - [MESSAGE][PASSED] - Object: 'Object Repository/Day-02/Cogmento/createContact/i_Home_home icon' is clicked on

2023-06-08 17:15:04 - [TEST_STEP][PASSED] - mouseOver(findTestObject("Day-04/Create Contact with CSV/i_Free account_settings icon")): Object: 'Object Repository/Day-04/Create Contact with CSV/i_Free account_settings icon' is hovered

2023-06-08 17:15:06 - [MESSAGE][PASSED] - Object: 'Object Repository/Day-04/Create Contact with CSV/i_Free account_settings icon' is hovered

2023-06-08 17:15:06 - [TEST_STEP][PASSED] - click(findTestObject("Object Repository/Day-02/Cogmento/createContact/a_Deep Patel")): Object: 'Object Repository/Day-02/Cogmento/createContact/a_Deep Patel' is clicked on

2023-06-08 17:15:07 - [MESSAGE][PASSED] - Object: 'Object Repository/Day-02/Cogmento/createContact/a_Deep Patel' is clicked on

2023-06-08 17:15:07 - [TEST_STEP][PASSED] - click(findTestObject("Object Repository/Day-02/Cogmento/createContact/div_Record meta data")): Object: 'Object Repository/Day-02/Cogmento/createContact/div_Record meta data' is clicked on

2023-06-08 17:15:09 - [MESSAGE][PASSED] - Object: 'Object Repository/Day-02/Cogmento/createContact/div_Record meta data' is clicked on

2023-06-08 17:15:09 - [TEST_STEP][PASSED] - verifyTextPresent(firstName + " " + lastName, false): Text 'Deep Patel' is present on page 

2023-06-08 17:15:10 - [MESSAGE][PASSED] - Text 'Deep Patel' is present on page 

2023-06-08 17:15:10 - [TEST_STEP][PASSED] - verifyTextPresent(company, false): Text 'Simform' is present on page 

2023-06-08 17:15:11 - [MESSAGE][PASSED] - Text 'Simform' is present on page 

2023-06-08 17:15:11 - [TEST_STEP][PASSED] - verifyTextPresent(mailId, false): Text 'deep@gmail.com' is present on page 

2023-06-08 17:15:12 - [MESSAGE][PASSED] - Text 'deep@gmail.com' is present on page 

2023-06-08 17:15:12 - [TEST_STEP][PASSED] - verifyTextPresent(firstName + " " + lastName, false): Text 'Deep Patel' is present on page 

2023-06-08 17:15:13 - [MESSAGE][PASSED] - Text 'Deep Patel' is present on page 

2023-06-08 17:15:13 - [TEST_STEP][PASSED] - verifyTextPresent(firstName + " " + lastName, false): Text 'Deep Patel' is present on page 

2023-06-08 17:15:16 - [MESSAGE][PASSED] - Text 'Deep Patel' is present on page 

2023-06-08 17:15:16 - [TEST_STEP][PASSED] - Start listener action : assertmessage: null

2023-06-08 17:15:16 - [TEST_STEP][PASSED] - println("Testcase Run successfully."): null]]></system-out>
         <system-err><![CDATA[]]></system-err>
      </testcase>
      <testcase name="Test Cases/Day-02/Cogmento/updateContact" time="35.168" classname="Test Cases/Day-02/Cogmento/updateContact" status="PASSED">
         <system-out><![CDATA[2023-06-08 17:15:16 - [TEST_CASE][PASSED] - Test Cases/Day-02/Cogmento/updateContact: Test Cases/Day-02/Cogmento/updateContact

2023-06-08 17:15:16 - [TEST_STEP][PASSED] - Start listener action : maximize: Current window maximized

2023-06-08 17:15:16 - [TEST_STEP][PASSED] - maximizeWindow(): Current window maximized

2023-06-08 17:15:16 - [MESSAGE][PASSED] - Current window maximized

2023-06-08 17:15:17 - [TEST_STEP][PASSED] - navigateToUrl("https://ui.cogmento.com/"): Navigate to 'https://ui.cogmento.com/' successfully

2023-06-08 17:15:23 - [MESSAGE][PASSED] - Navigate to 'https://ui.cogmento.com/' successfully

2023-06-08 17:15:23 - [TEST_STEP][PASSED] - username_object = "Object Repository/Day-02/Cogmento/createContact/input_Login_email": null

2023-06-08 17:15:23 - [TEST_STEP][PASSED] - password_object = "Object Repository/Day-02/Cogmento/createContact/input_Login_password": null

2023-06-08 17:15:23 - [TEST_STEP][PASSED] - loginBtn_object = "Object Repository/Day-02/Cogmento/createContact/div_Login": null

2023-06-08 17:15:23 - [TEST_STEP][PASSED] - com.LoginCogmento.Login(username_object, password_object, loginBtn_object, username, password): com.LoginCogmento.Login is PASSED

2023-06-08 17:15:25 - [MESSAGE][INFO] - Unable to find the element located by 'By.xpath: //input[@name='email']'. Please recheck the objects properties to make sure the desired element is located. 

2023-06-08 17:15:25 - [MESSAGE][WARNING] - [SELF-HEALING] Failed to find element with id 'Object Repository/Day-02/Cogmento/createContact/input_Login_email'. Try using Self-healing.

2023-06-08 17:15:25 - [MESSAGE][WARNING] - [SELF-HEALING] The current locator of test object 'Object Repository/Day-02/Cogmento/createContact/input_Login_email' was broken. Propose an alternative one: '//input'.

2023-06-08 17:15:27 - [MESSAGE][INFO] - Unable to find the element located by 'By.xpath: //input[@name='email']'. Please recheck the objects properties to make sure the desired element is located. 

2023-06-08 17:15:27 - [MESSAGE][WARNING] - [SELF-HEALING] Failed to find element with id 'Object Repository/Day-02/Cogmento/createContact/input_Login_email'. Try using Self-healing.

2023-06-08 17:15:27 - [MESSAGE][WARNING] - [SELF-HEALING] The current locator of test object 'Object Repository/Day-02/Cogmento/createContact/input_Login_email' was broken. Propose an alternative one: '//input'.

2023-06-08 17:15:27 - [MESSAGE][PASSED] - Text 'deep.p@simformsolutions.com' is set on object 'Object Repository/Day-02/Cogmento/createContact/input_Login_email'

2023-06-08 17:15:28 - [MESSAGE][INFO] - Unable to find the element located by 'By.xpath: //input[@name='password']'. Please recheck the objects properties to make sure the desired element is located. 

2023-06-08 17:15:28 - [MESSAGE][WARNING] - [SELF-HEALING] Failed to find element with id 'Object Repository/Day-02/Cogmento/createContact/input_Login_password'. Try using Self-healing.

2023-06-08 17:15:28 - [MESSAGE][WARNING] - [SELF-HEALING] The current locator of test object 'Object Repository/Day-02/Cogmento/createContact/input_Login_password' was broken. Propose an alternative one: '//div[2]/div/input'.

2023-06-08 17:15:30 - [MESSAGE][INFO] - Unable to find the element located by 'By.xpath: //input[@name='password']'. Please recheck the objects properties to make sure the desired element is located. 

2023-06-08 17:15:30 - [MESSAGE][WARNING] - [SELF-HEALING] Failed to find element with id 'Object Repository/Day-02/Cogmento/createContact/input_Login_password'. Try using Self-healing.

2023-06-08 17:15:30 - [MESSAGE][WARNING] - [SELF-HEALING] The current locator of test object 'Object Repository/Day-02/Cogmento/createContact/input_Login_password' was broken. Propose an alternative one: '//div[2]/div/input'.

2023-06-08 17:15:30 - [MESSAGE][PASSED] - Text 'Deep@123' is set on object 'Object Repository/Day-02/Cogmento/createContact/input_Login_password'

2023-06-08 17:15:31 - [MESSAGE][INFO] - Unable to find the element located by 'By.xpath: //div[@id='ui']/div/div/form/div/div[3]'. Please recheck the objects properties to make sure the desired element is located. 

2023-06-08 17:15:31 - [MESSAGE][WARNING] - [SELF-HEALING] Failed to find element with id 'Object Repository/Day-02/Cogmento/createContact/div_Login'. Try using Self-healing.

2023-06-08 17:15:32 - [MESSAGE][WARNING] - [SELF-HEALING] The current locator of test object 'Object Repository/Day-02/Cogmento/createContact/div_Login' was broken. Propose an alternative one: '//div/div[3]'.

2023-06-08 17:15:33 - [MESSAGE][PASSED] - Object: 'Object Repository/Day-02/Cogmento/createContact/div_Login' is clicked on

2023-06-08 17:15:33 - [MESSAGE][PASSED] - com.LoginCogmento.Login is PASSED

2023-06-08 17:15:33 - [TEST_STEP][PASSED] - mouseOver(findTestObject("Day-04/Create Contact with CSV/i_Free account_settings icon")): Object: 'Object Repository/Day-04/Create Contact with CSV/i_Free account_settings icon' is hovered

2023-06-08 17:15:35 - [MESSAGE][PASSED] - Object: 'Object Repository/Day-04/Create Contact with CSV/i_Free account_settings icon' is hovered

2023-06-08 17:15:35 - [TEST_STEP][PASSED] - click(findTestObject("Object Repository/Day-02/Cogmento/updateContact/a_Deep Patel")): Object: 'Object Repository/Day-02/Cogmento/updateContact/a_Deep Patel' is clicked on

2023-06-08 17:15:36 - [MESSAGE][INFO] - Unable to find the element located by 'By.xpath: //div[@id='main-content']/div/div/div/div/div[2]/div/div/div/div/div[2]/div[2]/div/span/a'. Please recheck the objects properties to make sure the desired element is located. 

2023-06-08 17:15:36 - [MESSAGE][WARNING] - [SELF-HEALING] Failed to find element with id 'Object Repository/Day-02/Cogmento/updateContact/a_Deep Patel'. Try using Self-healing.

2023-06-08 17:15:36 - [MESSAGE][WARNING] - [SELF-HEALING] The current locator of test object 'Object Repository/Day-02/Cogmento/updateContact/a_Deep Patel' was broken. Propose an alternative one: '//a[contains(text(),'Deep Patel')]'.

2023-06-08 17:15:37 - [MESSAGE][PASSED] - Object: 'Object Repository/Day-02/Cogmento/updateContact/a_Deep Patel' is clicked on

2023-06-08 17:15:37 - [TEST_STEP][PASSED] - click(findTestObject("Object Repository/Day-02/Cogmento/updateContact/button_Deep Patel_ui icon button")): Object: 'Object Repository/Day-02/Cogmento/updateContact/button_Deep Patel_ui icon button' is clicked on

2023-06-08 17:15:39 - [MESSAGE][PASSED] - Object: 'Object Repository/Day-02/Cogmento/updateContact/button_Deep Patel_ui icon button' is clicked on

2023-06-08 17:15:39 - [TEST_STEP][PASSED] - clearText(findTestObject("Object Repository/Day-02/Cogmento/updateContact/input_Middle Name(s)_middle_name")): Text of object 'Object Repository/Day-02/Cogmento/updateContact/input_Middle Name(s)_middle_name' is cleared

2023-06-08 17:15:40 - [MESSAGE][PASSED] - Text of object 'Object Repository/Day-02/Cogmento/updateContact/input_Middle Name(s)_middle_name' is cleared

2023-06-08 17:15:40 - [TEST_STEP][PASSED] - setText(findTestObject("Object Repository/Day-02/Cogmento/updateContact/input_Middle Name(s)_middle_name"), middleName): Text 'Rakeshbhai' is set on object 'Object Repository/Day-02/Cogmento/updateContact/input_Middle Name(s)_middle_name'

2023-06-08 17:15:41 - [MESSAGE][PASSED] - Text 'Rakeshbhai' is set on object 'Object Repository/Day-02/Cogmento/updateContact/input_Middle Name(s)_middle_name'

2023-06-08 17:15:41 - [TEST_STEP][PASSED] - click(findTestObject("Object Repository/Day-02/Cogmento/updateContact/i_Public_unlock icon")): Object: 'Object Repository/Day-02/Cogmento/updateContact/i_Public_unlock icon' is clicked on

2023-06-08 17:15:42 - [MESSAGE][PASSED] - Object: 'Object Repository/Day-02/Cogmento/updateContact/i_Public_unlock icon' is clicked on

2023-06-08 17:15:42 - [TEST_STEP][PASSED] - sendKeys(findTestObject("Object Repository/Day-02/Cogmento/updateContact/input_Tags_search"), Keys.chord(ENTER)): Keys 'ENTER + ' sent to object: 'Object Repository/Day-02/Cogmento/updateContact/input_Tags_search'

2023-06-08 17:15:43 - [MESSAGE][INFO] - Unable to find the element located by 'By.xpath: //input[@value='tester']'. Please recheck the objects properties to make sure the desired element is located. 

2023-06-08 17:15:43 - [MESSAGE][WARNING] - [SELF-HEALING] Failed to find element with id 'Object Repository/Day-02/Cogmento/updateContact/input_Tags_search'. Try using Self-healing.

2023-06-08 17:15:44 - [MESSAGE][WARNING] - [SELF-HEALING] The current locator of test object 'Object Repository/Day-02/Cogmento/updateContact/input_Tags_search' was broken. Propose an alternative one: '//div[@id='main-content']/div/div[2]/form/div[3]/div[2]/div/label[2]/div/input'.

2023-06-08 17:15:44 - [MESSAGE][PASSED] - Keys 'ENTER + ' sent to object: 'Object Repository/Day-02/Cogmento/updateContact/input_Tags_search'

2023-06-08 17:15:44 - [TEST_STEP][PASSED] - click(findTestObject("Object Repository/Day-02/Cogmento/updateContact/div_testerNo results found")): Object: 'Object Repository/Day-02/Cogmento/updateContact/div_testerNo results found' is clicked on

2023-06-08 17:15:44 - [MESSAGE][PASSED] - Object: 'Object Repository/Day-02/Cogmento/updateContact/div_testerNo results found' is clicked on

2023-06-08 17:15:44 - [TEST_STEP][PASSED] - click(findTestObject("Object Repository/Day-02/Cogmento/updateContact/label_Do not Call")): Object: 'Object Repository/Day-02/Cogmento/updateContact/label_Do not Call' is clicked on

2023-06-08 17:15:45 - [MESSAGE][PASSED] - Object: 'Object Repository/Day-02/Cogmento/updateContact/label_Do not Call' is clicked on

2023-06-08 17:15:45 - [TEST_STEP][PASSED] - click(findTestObject("Object Repository/Day-02/Cogmento/updateContact/label_Do not Email")): Object: 'Object Repository/Day-02/Cogmento/updateContact/label_Do not Email' is clicked on

2023-06-08 17:15:46 - [MESSAGE][PASSED] - Object: 'Object Repository/Day-02/Cogmento/updateContact/label_Do not Email' is clicked on

2023-06-08 17:15:46 - [TEST_STEP][PASSED] - click(findTestObject("Object Repository/Day-02/Cogmento/updateContact/button_Save")): Object: 'Object Repository/Day-02/Cogmento/updateContact/button_Save' is clicked on

2023-06-08 17:15:47 - [MESSAGE][PASSED] - Object: 'Object Repository/Day-02/Cogmento/updateContact/button_Save' is clicked on

2023-06-08 17:15:47 - [TEST_STEP][PASSED] - click(findTestObject("Object Repository/Day-02/Cogmento/updateContact/div_AccessOnly you can see this record")): Object: 'Object Repository/Day-02/Cogmento/updateContact/div_AccessOnly you can see this record' is clicked on

2023-06-08 17:15:48 - [MESSAGE][PASSED] - Object: 'Object Repository/Day-02/Cogmento/updateContact/div_AccessOnly you can see this record' is clicked on

2023-06-08 17:15:48 - [TEST_STEP][PASSED] - click(findTestObject("Object Repository/Day-02/Cogmento/updateContact/div_Do not CallYes")): Object: 'Object Repository/Day-02/Cogmento/updateContact/div_Do not CallYes' is clicked on

2023-06-08 17:15:49 - [MESSAGE][PASSED] - Object: 'Object Repository/Day-02/Cogmento/updateContact/div_Do not CallYes' is clicked on

2023-06-08 17:15:49 - [TEST_STEP][PASSED] - click(findTestObject("Object Repository/Day-02/Cogmento/updateContact/div_Do not Text")): Object: 'Object Repository/Day-02/Cogmento/updateContact/div_Do not Text' is clicked on

2023-06-08 17:15:50 - [MESSAGE][PASSED] - Object: 'Object Repository/Day-02/Cogmento/updateContact/div_Do not Text' is clicked on

2023-06-08 17:15:50 - [TEST_STEP][PASSED] - click(findTestObject("Object Repository/Day-02/Cogmento/updateContact/div_Do not Email")): Object: 'Object Repository/Day-02/Cogmento/updateContact/div_Do not Email' is clicked on

2023-06-08 17:15:50 - [MESSAGE][PASSED] - Object: 'Object Repository/Day-02/Cogmento/updateContact/div_Do not Email' is clicked on

2023-06-08 17:15:50 - [TEST_STEP][PASSED] - verifyTextPresent(middleName, false): Text 'Rakeshbhai' is present on page 

2023-06-08 17:15:51 - [MESSAGE][PASSED] - Text 'Rakeshbhai' is present on page 

2023-06-08 17:15:51 - [TEST_STEP][PASSED] - Start listener action : assertmessage: null

2023-06-08 17:15:51 - [TEST_STEP][PASSED] - println("Testcase Run successfully."): null]]></system-out>
         <system-err><![CDATA[]]></system-err>
      </testcase>
      <testcase name="Test Cases/Day-02/Cogmento/deleteContact" time="12.872" classname="Test Cases/Day-02/Cogmento/deleteContact" status="PASSED">
         <system-out><![CDATA[2023-06-08 17:15:51 - [TEST_CASE][PASSED] - Test Cases/Day-02/Cogmento/deleteContact: Test Cases/Day-02/Cogmento/deleteContact

2023-06-08 17:15:51 - [TEST_STEP][PASSED] - Start listener action : maximize: Current window maximized

2023-06-08 17:15:52 - [TEST_STEP][PASSED] - maximizeWindow(): Current window maximized

2023-06-08 17:15:52 - [MESSAGE][PASSED] - Current window maximized

2023-06-08 17:15:52 - [TEST_STEP][PASSED] - navigateToUrl("https://ui.cogmento.com/"): Navigate to 'https://ui.cogmento.com/' successfully

2023-06-08 17:15:54 - [MESSAGE][PASSED] - Navigate to 'https://ui.cogmento.com/' successfully

2023-06-08 17:15:54 - [TEST_STEP][PASSED] - username_object = "Object Repository/Day-02/Cogmento/createContact/input_Login_email": null

2023-06-08 17:15:54 - [TEST_STEP][PASSED] - password_object = "Object Repository/Day-02/Cogmento/createContact/input_Login_password": null

2023-06-08 17:15:54 - [TEST_STEP][PASSED] - loginBtn_object = "Object Repository/Day-02/Cogmento/createContact/div_Login": null

2023-06-08 17:15:54 - [TEST_STEP][PASSED] - com.LoginCogmento.Login(username_object, password_object, loginBtn_object, username, password): com.LoginCogmento.Login is PASSED

2023-06-08 17:15:56 - [MESSAGE][INFO] - Unable to find the element located by 'By.xpath: //input[@name='email']'. Please recheck the objects properties to make sure the desired element is located. 

2023-06-08 17:15:56 - [MESSAGE][WARNING] - [SELF-HEALING] Failed to find element with id 'Object Repository/Day-02/Cogmento/createContact/input_Login_email'. Try using Self-healing.

2023-06-08 17:15:56 - [MESSAGE][WARNING] - [SELF-HEALING] The current locator of test object 'Object Repository/Day-02/Cogmento/createContact/input_Login_email' was broken. Propose an alternative one: '//input'.

2023-06-08 17:15:57 - [MESSAGE][INFO] - Unable to find the element located by 'By.xpath: //input[@name='email']'. Please recheck the objects properties to make sure the desired element is located. 

2023-06-08 17:15:57 - [MESSAGE][WARNING] - [SELF-HEALING] Failed to find element with id 'Object Repository/Day-02/Cogmento/createContact/input_Login_email'. Try using Self-healing.

2023-06-08 17:15:58 - [MESSAGE][WARNING] - [SELF-HEALING] The current locator of test object 'Object Repository/Day-02/Cogmento/createContact/input_Login_email' was broken. Propose an alternative one: '//input'.

2023-06-08 17:15:58 - [MESSAGE][PASSED] - Text 'deep.p@simformsolutions.com' is set on object 'Object Repository/Day-02/Cogmento/createContact/input_Login_email'

2023-06-08 17:15:59 - [MESSAGE][INFO] - Unable to find the element located by 'By.xpath: //input[@name='password']'. Please recheck the objects properties to make sure the desired element is located. 

2023-06-08 17:15:59 - [MESSAGE][WARNING] - [SELF-HEALING] Failed to find element with id 'Object Repository/Day-02/Cogmento/createContact/input_Login_password'. Try using Self-healing.

2023-06-08 17:15:59 - [MESSAGE][WARNING] - [SELF-HEALING] The current locator of test object 'Object Repository/Day-02/Cogmento/createContact/input_Login_password' was broken. Propose an alternative one: '//div[2]/div/input'.

2023-06-08 17:16:00 - [MESSAGE][INFO] - Unable to find the element located by 'By.xpath: //input[@name='password']'. Please recheck the objects properties to make sure the desired element is located. 

2023-06-08 17:16:00 - [MESSAGE][WARNING] - [SELF-HEALING] Failed to find element with id 'Object Repository/Day-02/Cogmento/createContact/input_Login_password'. Try using Self-healing.

2023-06-08 17:16:00 - [MESSAGE][WARNING] - [SELF-HEALING] The current locator of test object 'Object Repository/Day-02/Cogmento/createContact/input_Login_password' was broken. Propose an alternative one: '//div[2]/div/input'.

2023-06-08 17:16:00 - [MESSAGE][PASSED] - Text 'Deep@123' is set on object 'Object Repository/Day-02/Cogmento/createContact/input_Login_password'

2023-06-08 17:16:02 - [MESSAGE][INFO] - Unable to find the element located by 'By.xpath: //div[@id='ui']/div/div/form/div/div[3]'. Please recheck the objects properties to make sure the desired element is located. 

2023-06-08 17:16:02 - [MESSAGE][WARNING] - [SELF-HEALING] Failed to find element with id 'Object Repository/Day-02/Cogmento/createContact/div_Login'. Try using Self-healing.

2023-06-08 17:16:02 - [MESSAGE][WARNING] - [SELF-HEALING] The current locator of test object 'Object Repository/Day-02/Cogmento/createContact/div_Login' was broken. Propose an alternative one: '//div/div[3]'.

2023-06-08 17:16:02 - [MESSAGE][PASSED] - Object: 'Object Repository/Day-02/Cogmento/createContact/div_Login' is clicked on

2023-06-08 17:16:02 - [MESSAGE][PASSED] - com.LoginCogmento.Login is PASSED

2023-06-08 17:16:02 - [TEST_STEP][PASSED] - click(findTestObject("Object Repository/Day-02/Cogmento/deleteContact/i_Calendar_users icon")): Object: 'Object Repository/Day-02/Cogmento/deleteContact/i_Calendar_users icon' is clicked on

2023-06-08 17:16:03 - [MESSAGE][PASSED] - Object: 'Object Repository/Day-02/Cogmento/deleteContact/i_Calendar_users icon' is clicked on

2023-06-08 17:16:03 - [TEST_STEP][PASSED] - click(findTestObject("Object Repository/Day-02/Cogmento/deleteContact/i_deepgmail.com_trash icon")): Object: 'Object Repository/Day-02/Cogmento/deleteContact/i_deepgmail.com_trash icon' is clicked on

2023-06-08 17:16:04 - [MESSAGE][PASSED] - Object: 'Object Repository/Day-02/Cogmento/deleteContact/i_deepgmail.com_trash icon' is clicked on

2023-06-08 17:16:04 - [TEST_STEP][PASSED] - click(findTestObject("Object Repository/Day-02/Cogmento/deleteContact/button_Delete")): Object: 'Object Repository/Day-02/Cogmento/deleteContact/button_Delete' is clicked on

2023-06-08 17:16:04 - [MESSAGE][PASSED] - Object: 'Object Repository/Day-02/Cogmento/deleteContact/button_Delete' is clicked on

2023-06-08 17:16:04 - [TEST_STEP][PASSED] - Start listener action : assertmessage: null

2023-06-08 17:16:04 - [TEST_STEP][PASSED] - println("Testcase Run successfully."): null]]></system-out>
         <system-err><![CDATA[]]></system-err>
      </testcase>
      <system-out><![CDATA[2023-06-08 17:13:49 - [TEST_SUITE][PASSED] - createUpdateDeleteContact: Test Cases/Day-02/Cogmento/deleteContact]]></system-out>
      <system-err><![CDATA[]]></system-err>
   </testsuite>
   <testsuite name="createDeleteContact" tests="2" failures="0" errors="0" time="103.672" skipped="0" timestamp="2023-06-08 17:13:48" hostname="deep - SF-CPU-460" id="Test Suites/Day-02/Cogmento/createDeleteContact">
      <properties>
         <property name="deviceName" value=""/>
         <property name="devicePlatform" value=""/>
         <property name="logFolder" value="/home/deep/git/KatalonProject/Reports/20230608_171329/Day-02/Cogmento/createDeleteContact/20230608_171336"/>
         <property name="logFiles" value="/home/deep/git/KatalonProject/Reports/20230608_171329/Day-02/Cogmento/createDeleteContact/20230608_171336/execution0.log"/>
         <property name="attachments" value=""/>
         <property name="hostName" value="deep - SF-CPU-460"/>
         <property name="os" value="Linux 64bit"/>
         <property name="katalonVersion" value="8.6.0.208"/>
         <property name="browser" value="Firefox 113.0"/>
         <property name="hostAddress" value="127.0.1.1"/>
         <property name="sessionId" value="171a75f9-c316-493b-adc6-f9f9cf3e6c09"/>
         <property name="seleniumVersion" value="3.141.59"/>
         <property name="proxyInformation" value="ProxyInformation { proxyOption=NO_PROXY, proxyServerType=HTTP, username=, password=********, proxyServerAddress=, proxyServerPort=0, executionList=&quot;&quot;, isApplyToDesiredCapabilities=true }"/>
         <property name="platform" value="Linux"/>
      </properties>
      <testcase name="Test Cases/Day-02/Cogmento/CreateContact" time="62.279" classname="Test Cases/Day-02/Cogmento/CreateContact" status="PASSED">
         <system-out><![CDATA[2023-06-08 17:14:11 - [TEST_CASE][PASSED] - Test Cases/Day-02/Cogmento/CreateContact: Test Cases/Day-02/Cogmento/CreateContact

2023-06-08 17:14:11 - [TEST_STEP][PASSED] - Start listener action : maximize: Current window maximized

2023-06-08 17:14:11 - [TEST_STEP][PASSED] - maximizeWindow(): Current window maximized

2023-06-08 17:14:12 - [MESSAGE][PASSED] - Current window maximized

2023-06-08 17:14:12 - [TEST_STEP][PASSED] - navigateToUrl(URL): Navigate to 'https://ui.cogmento.com' successfully

2023-06-08 17:14:20 - [MESSAGE][PASSED] - Navigate to 'https://ui.cogmento.com' successfully

2023-06-08 17:14:20 - [TEST_STEP][PASSED] - username_object = "Object Repository/Day-02/Cogmento/createContact/input_Login_email": null

2023-06-08 17:14:20 - [TEST_STEP][PASSED] - password_object = "Object Repository/Day-02/Cogmento/createContact/input_Login_password": null

2023-06-08 17:14:20 - [TEST_STEP][PASSED] - loginBtn_object = "Object Repository/Day-02/Cogmento/createContact/div_Login": null

2023-06-08 17:14:20 - [TEST_STEP][PASSED] - com.LoginCogmento.Login(username_object, password_object, loginBtn_object, username, password): com.LoginCogmento.Login is PASSED

2023-06-08 17:14:22 - [MESSAGE][PASSED] - Text 'deep.p@simformsolutions.com' is set on object 'Object Repository/Day-02/Cogmento/createContact/input_Login_email'

2023-06-08 17:14:22 - [MESSAGE][PASSED] - Text 'Deep@123' is set on object 'Object Repository/Day-02/Cogmento/createContact/input_Login_password'

2023-06-08 17:14:23 - [MESSAGE][PASSED] - Object: 'Object Repository/Day-02/Cogmento/createContact/div_Login' is clicked on

2023-06-08 17:14:23 - [MESSAGE][PASSED] - com.LoginCogmento.Login is PASSED

2023-06-08 17:14:23 - [TEST_STEP][PASSED] - click(findTestObject("Object Repository/Day-02/Cogmento/createContact/i_Calendar_users icon")): Object: 'Object Repository/Day-02/Cogmento/createContact/i_Calendar_users icon' is clicked on

2023-06-08 17:14:29 - [MESSAGE][PASSED] - Object: 'Object Repository/Day-02/Cogmento/createContact/i_Calendar_users icon' is clicked on

2023-06-08 17:14:29 - [TEST_STEP][PASSED] - click(findTestObject("Object Repository/Day-02/Cogmento/createContact/button_Create")): Object: 'Object Repository/Day-02/Cogmento/createContact/button_Create' is clicked on

2023-06-08 17:14:32 - [MESSAGE][PASSED] - Object: 'Object Repository/Day-02/Cogmento/createContact/button_Create' is clicked on

2023-06-08 17:14:32 - [TEST_STEP][PASSED] - setText(findTestObject("Object Repository/Day-02/Cogmento/createContact/input_First Name_first_name"), firstName): Text 'Deep' is set on object 'Object Repository/Day-02/Cogmento/createContact/input_First Name_first_name'

2023-06-08 17:14:34 - [MESSAGE][PASSED] - Text 'Deep' is set on object 'Object Repository/Day-02/Cogmento/createContact/input_First Name_first_name'

2023-06-08 17:14:34 - [TEST_STEP][PASSED] - setText(findTestObject("Object Repository/Day-02/Cogmento/createContact/input_Last Name_last_name"), lastName): Text 'Patel' is set on object 'Object Repository/Day-02/Cogmento/createContact/input_Last Name_last_name'

2023-06-08 17:14:36 - [MESSAGE][PASSED] - Text 'Patel' is set on object 'Object Repository/Day-02/Cogmento/createContact/input_Last Name_last_name'

2023-06-08 17:14:36 - [TEST_STEP][PASSED] - setText(findTestObject("Object Repository/Day-02/Cogmento/createContact/input_Company_search"), company): Text 'Simform' is set on object 'Object Repository/Day-02/Cogmento/createContact/input_Company_search'

2023-06-08 17:14:37 - [MESSAGE][INFO] - Unable to find the element located by 'By.xpath: //input[@value='Simform']'. Please recheck the objects properties to make sure the desired element is located. 

2023-06-08 17:14:37 - [MESSAGE][WARNING] - [SELF-HEALING] Failed to find element with id 'Object Repository/Day-02/Cogmento/createContact/input_Company_search'. Try using Self-healing.

2023-06-08 17:14:37 - [MESSAGE][WARNING] - [SELF-HEALING] The current locator of test object 'Object Repository/Day-02/Cogmento/createContact/input_Company_search' was broken. Propose an alternative one: '//div[@id='main-content']/div/div[2]/form/div[2]/div[2]/div/div/input'.

2023-06-08 17:14:38 - [MESSAGE][INFO] - Unable to find the element located by 'By.xpath: //input[@value='Simform']'. Please recheck the objects properties to make sure the desired element is located. 

2023-06-08 17:14:38 - [MESSAGE][WARNING] - [SELF-HEALING] Failed to find element with id 'Object Repository/Day-02/Cogmento/createContact/input_Company_search'. Try using Self-healing.

2023-06-08 17:14:39 - [MESSAGE][WARNING] - [SELF-HEALING] The current locator of test object 'Object Repository/Day-02/Cogmento/createContact/input_Company_search' was broken. Propose an alternative one: '//div[@id='main-content']/div/div[2]/form/div[2]/div[2]/div/div/input'.

2023-06-08 17:14:39 - [MESSAGE][PASSED] - Text 'Simform' is set on object 'Object Repository/Day-02/Cogmento/createContact/input_Company_search'

2023-06-08 17:14:39 - [TEST_STEP][PASSED] - setText(findTestObject("Object Repository/Day-02/Cogmento/createContact/input_Email_value"), mailId): Text 'deep@gmail.com' is set on object 'Object Repository/Day-02/Cogmento/createContact/input_Email_value'

2023-06-08 17:14:42 - [MESSAGE][PASSED] - Text 'deep@gmail.com' is set on object 'Object Repository/Day-02/Cogmento/createContact/input_Email_value'

2023-06-08 17:14:42 - [TEST_STEP][PASSED] - click(findTestObject("Object Repository/Day-02/Cogmento/createContact/div_SelectLeadCustomerContactAffiliate")): Object: 'Object Repository/Day-02/Cogmento/createContact/div_SelectLeadCustomerContactAffiliate' is clicked on

2023-06-08 17:14:43 - [MESSAGE][PASSED] - Object: 'Object Repository/Day-02/Cogmento/createContact/div_SelectLeadCustomerContactAffiliate' is clicked on

2023-06-08 17:14:43 - [TEST_STEP][PASSED] - click(findTestObject("Object Repository/Day-02/Cogmento/createContact/div_Customer")): Object: 'Object Repository/Day-02/Cogmento/createContact/div_Customer' is clicked on

2023-06-08 17:14:44 - [MESSAGE][PASSED] - Object: 'Object Repository/Day-02/Cogmento/createContact/div_Customer' is clicked on

2023-06-08 17:14:44 - [TEST_STEP][PASSED] - click(findTestObject("Object Repository/Day-02/Cogmento/createContact/div_SelectNewActiveInactiveOn HoldTerminatedHot")): Object: 'Object Repository/Day-02/Cogmento/createContact/div_SelectNewActiveInactiveOn HoldTerminatedHot' is clicked on

2023-06-08 17:14:45 - [MESSAGE][PASSED] - Object: 'Object Repository/Day-02/Cogmento/createContact/div_SelectNewActiveInactiveOn HoldTerminatedHot' is clicked on

2023-06-08 17:14:45 - [TEST_STEP][PASSED] - click(findTestObject("Object Repository/Day-02/Cogmento/createContact/div_New")): Object: 'Object Repository/Day-02/Cogmento/createContact/div_New' is clicked on

2023-06-08 17:14:46 - [MESSAGE][PASSED] - Object: 'Object Repository/Day-02/Cogmento/createContact/div_New' is clicked on

2023-06-08 17:14:46 - [TEST_STEP][PASSED] - setText(findTestObject("Object Repository/Day-02/Cogmento/createContact/textarea_deep"), firstName + " " + lastName): Text 'Deep Patel' is set on object 'Object Repository/Day-02/Cogmento/createContact/textarea_deep'

2023-06-08 17:14:47 - [MESSAGE][PASSED] - Text 'Deep Patel' is set on object 'Object Repository/Day-02/Cogmento/createContact/textarea_deep'

2023-06-08 17:14:47 - [TEST_STEP][PASSED] - click(findTestObject("Object Repository/Day-02/Cogmento/createContact/label_Do not Text")): Object: 'Object Repository/Day-02/Cogmento/createContact/label_Do not Text' is clicked on

2023-06-08 17:14:49 - [MESSAGE][PASSED] - Object: 'Object Repository/Day-02/Cogmento/createContact/label_Do not Text' is clicked on

2023-06-08 17:14:49 - [TEST_STEP][PASSED] - setText(findTestObject("Object Repository/Day-02/Cogmento/createContact/input_Birthday_day"), "22"): Text '22' is set on object 'Object Repository/Day-02/Cogmento/createContact/input_Birthday_day'

2023-06-08 17:14:51 - [MESSAGE][PASSED] - Text '22' is set on object 'Object Repository/Day-02/Cogmento/createContact/input_Birthday_day'

2023-06-08 17:14:51 - [TEST_STEP][PASSED] - setText(findTestObject("Object Repository/Day-02/Cogmento/createContact/input_December_year"), "2002"): Text '2002' is set on object 'Object Repository/Day-02/Cogmento/createContact/input_December_year'

2023-06-08 17:14:52 - [MESSAGE][PASSED] - Text '2002' is set on object 'Object Repository/Day-02/Cogmento/createContact/input_December_year'

2023-06-08 17:14:52 - [TEST_STEP][PASSED] - click(findTestObject("Object Repository/Day-02/Cogmento/createContact/div_Month JanuaryFebruaryMarchAprilMayJuneJ_b508fe")): Object: 'Object Repository/Day-02/Cogmento/createContact/div_Month JanuaryFebruaryMarchAprilMayJuneJ_b508fe' is clicked on

2023-06-08 17:14:53 - [MESSAGE][PASSED] - Object: 'Object Repository/Day-02/Cogmento/createContact/div_Month JanuaryFebruaryMarchAprilMayJuneJ_b508fe' is clicked on

2023-06-08 17:14:53 - [TEST_STEP][PASSED] - click(findTestObject("Object Repository/Day-02/Cogmento/createContact/span_December")): Object: 'Object Repository/Day-02/Cogmento/createContact/span_December' is clicked on

2023-06-08 17:14:54 - [MESSAGE][PASSED] - Object: 'Object Repository/Day-02/Cogmento/createContact/span_December' is clicked on

2023-06-08 17:14:54 - [TEST_STEP][PASSED] - setText(findTestObject("Object Repository/Day-02/Cogmento/createContact/input_Image_image"), "/home/deep/Pictures/Wallpapers/Simform_Wallpaper4.png"): Text '/home/deep/Pictures/Wallpapers/Simform_Wallpaper4.png' is set on object 'Object Repository/Day-02/Cogmento/createContact/input_Image_image'

2023-06-08 17:14:55 - [MESSAGE][PASSED] - Text '/home/deep/Pictures/Wallpapers/Simform_Wallpaper4.png' is set on object 'Object Repository/Day-02/Cogmento/createContact/input_Image_image'

2023-06-08 17:14:55 - [TEST_STEP][PASSED] - click(findTestObject("Object Repository/Day-02/Cogmento/createContact/input_Identifier_identifier")): Object: 'Object Repository/Day-02/Cogmento/createContact/input_Identifier_identifier' is clicked on

2023-06-08 17:14:56 - [MESSAGE][PASSED] - Object: 'Object Repository/Day-02/Cogmento/createContact/input_Identifier_identifier' is clicked on

2023-06-08 17:14:56 - [TEST_STEP][PASSED] - click(findTestObject("Object Repository/Day-02/Cogmento/createContact/button_Save")): Object: 'Object Repository/Day-02/Cogmento/createContact/button_Save' is clicked on

2023-06-08 17:14:57 - [MESSAGE][PASSED] - Object: 'Object Repository/Day-02/Cogmento/createContact/button_Save' is clicked on

2023-06-08 17:14:57 - [TEST_STEP][PASSED] - click(findTestObject("Object Repository/Day-02/Cogmento/createContact/i_Home_home icon")): Object: 'Object Repository/Day-02/Cogmento/createContact/i_Home_home icon' is clicked on

2023-06-08 17:15:02 - [MESSAGE][PASSED] - Object: 'Object Repository/Day-02/Cogmento/createContact/i_Home_home icon' is clicked on

2023-06-08 17:15:02 - [TEST_STEP][PASSED] - mouseOver(findTestObject("Day-04/Create Contact with CSV/i_Free account_settings icon")): Object: 'Object Repository/Day-04/Create Contact with CSV/i_Free account_settings icon' is hovered

2023-06-08 17:15:04 - [MESSAGE][PASSED] - Object: 'Object Repository/Day-04/Create Contact with CSV/i_Free account_settings icon' is hovered

2023-06-08 17:15:04 - [TEST_STEP][PASSED] - click(findTestObject("Object Repository/Day-02/Cogmento/createContact/a_Deep Patel")): Object: 'Object Repository/Day-02/Cogmento/createContact/a_Deep Patel' is clicked on

2023-06-08 17:15:06 - [MESSAGE][PASSED] - Object: 'Object Repository/Day-02/Cogmento/createContact/a_Deep Patel' is clicked on

2023-06-08 17:15:06 - [TEST_STEP][PASSED] - click(findTestObject("Object Repository/Day-02/Cogmento/createContact/div_Record meta data")): Object: 'Object Repository/Day-02/Cogmento/createContact/div_Record meta data' is clicked on

2023-06-08 17:15:08 - [MESSAGE][PASSED] - Object: 'Object Repository/Day-02/Cogmento/createContact/div_Record meta data' is clicked on

2023-06-08 17:15:08 - [TEST_STEP][PASSED] - verifyTextPresent(firstName + " " + lastName, false): Text 'Deep Patel' is present on page 

2023-06-08 17:15:09 - [MESSAGE][PASSED] - Text 'Deep Patel' is present on page 

2023-06-08 17:15:09 - [TEST_STEP][PASSED] - verifyTextPresent(company, false): Text 'Simform' is present on page 

2023-06-08 17:15:10 - [MESSAGE][PASSED] - Text 'Simform' is present on page 

2023-06-08 17:15:10 - [TEST_STEP][PASSED] - verifyTextPresent(mailId, false): Text 'deep@gmail.com' is present on page 

2023-06-08 17:15:11 - [MESSAGE][PASSED] - Text 'deep@gmail.com' is present on page 

2023-06-08 17:15:11 - [TEST_STEP][PASSED] - verifyTextPresent(firstName + " " + lastName, false): Text 'Deep Patel' is present on page 

2023-06-08 17:15:12 - [MESSAGE][PASSED] - Text 'Deep Patel' is present on page 

2023-06-08 17:15:12 - [TEST_STEP][PASSED] - verifyTextPresent(firstName + " " + lastName, false): Text 'Deep Patel' is present on page 

2023-06-08 17:15:13 - [MESSAGE][PASSED] - Text 'Deep Patel' is present on page 

2023-06-08 17:15:13 - [TEST_STEP][PASSED] - Start listener action : assertmessage: null

2023-06-08 17:15:13 - [TEST_STEP][PASSED] - println("Testcase Run successfully."): null]]></system-out>
         <system-err><![CDATA[]]></system-err>
      </testcase>
      <testcase name="Test Cases/Day-02/Cogmento/deleteContact" time="18.96" classname="Test Cases/Day-02/Cogmento/deleteContact" status="PASSED">
         <system-out><![CDATA[2023-06-08 17:15:13 - [TEST_CASE][PASSED] - Test Cases/Day-02/Cogmento/deleteContact: Test Cases/Day-02/Cogmento/deleteContact

2023-06-08 17:15:13 - [TEST_STEP][PASSED] - Start listener action : maximize: Current window maximized

2023-06-08 17:15:13 - [TEST_STEP][PASSED] - maximizeWindow(): Current window maximized

2023-06-08 17:15:13 - [MESSAGE][PASSED] - Current window maximized

2023-06-08 17:15:14 - [TEST_STEP][PASSED] - navigateToUrl("https://ui.cogmento.com/"): Navigate to 'https://ui.cogmento.com/' successfully

2023-06-08 17:15:18 - [MESSAGE][PASSED] - Navigate to 'https://ui.cogmento.com/' successfully

2023-06-08 17:15:18 - [TEST_STEP][PASSED] - username_object = "Object Repository/Day-02/Cogmento/createContact/input_Login_email": null

2023-06-08 17:15:18 - [TEST_STEP][PASSED] - password_object = "Object Repository/Day-02/Cogmento/createContact/input_Login_password": null

2023-06-08 17:15:18 - [TEST_STEP][PASSED] - loginBtn_object = "Object Repository/Day-02/Cogmento/createContact/div_Login": null

2023-06-08 17:15:18 - [TEST_STEP][PASSED] - com.LoginCogmento.Login(username_object, password_object, loginBtn_object, username, password): com.LoginCogmento.Login is PASSED

2023-06-08 17:15:21 - [MESSAGE][INFO] - Unable to find the element located by 'By.xpath: //input[@name='email']'. Please recheck the objects properties to make sure the desired element is located. 

2023-06-08 17:15:21 - [MESSAGE][WARNING] - [SELF-HEALING] Failed to find element with id 'Object Repository/Day-02/Cogmento/createContact/input_Login_email'. Try using Self-healing.

2023-06-08 17:15:22 - [MESSAGE][WARNING] - [SELF-HEALING] The current locator of test object 'Object Repository/Day-02/Cogmento/createContact/input_Login_email' was broken. Propose an alternative one: '//input'.

2023-06-08 17:15:23 - [MESSAGE][INFO] - Unable to find the element located by 'By.xpath: //input[@name='email']'. Please recheck the objects properties to make sure the desired element is located. 

2023-06-08 17:15:23 - [MESSAGE][WARNING] - [SELF-HEALING] Failed to find element with id 'Object Repository/Day-02/Cogmento/createContact/input_Login_email'. Try using Self-healing.

2023-06-08 17:15:23 - [MESSAGE][WARNING] - [SELF-HEALING] The current locator of test object 'Object Repository/Day-02/Cogmento/createContact/input_Login_email' was broken. Propose an alternative one: '//input'.

2023-06-08 17:15:23 - [MESSAGE][PASSED] - Text 'deep.p@simformsolutions.com' is set on object 'Object Repository/Day-02/Cogmento/createContact/input_Login_email'

2023-06-08 17:15:25 - [MESSAGE][INFO] - Unable to find the element located by 'By.xpath: //input[@name='password']'. Please recheck the objects properties to make sure the desired element is located. 

2023-06-08 17:15:25 - [MESSAGE][WARNING] - [SELF-HEALING] Failed to find element with id 'Object Repository/Day-02/Cogmento/createContact/input_Login_password'. Try using Self-healing.

2023-06-08 17:15:25 - [MESSAGE][WARNING] - [SELF-HEALING] The current locator of test object 'Object Repository/Day-02/Cogmento/createContact/input_Login_password' was broken. Propose an alternative one: '//div[2]/div/input'.

2023-06-08 17:15:26 - [MESSAGE][INFO] - Unable to find the element located by 'By.xpath: //input[@name='password']'. Please recheck the objects properties to make sure the desired element is located. 

2023-06-08 17:15:26 - [MESSAGE][WARNING] - [SELF-HEALING] Failed to find element with id 'Object Repository/Day-02/Cogmento/createContact/input_Login_password'. Try using Self-healing.

2023-06-08 17:15:26 - [MESSAGE][WARNING] - [SELF-HEALING] The current locator of test object 'Object Repository/Day-02/Cogmento/createContact/input_Login_password' was broken. Propose an alternative one: '//div[2]/div/input'.

2023-06-08 17:15:27 - [MESSAGE][PASSED] - Text 'Deep@123' is set on object 'Object Repository/Day-02/Cogmento/createContact/input_Login_password'

2023-06-08 17:15:28 - [MESSAGE][INFO] - Unable to find the element located by 'By.xpath: //div[@id='ui']/div/div/form/div/div[3]'. Please recheck the objects properties to make sure the desired element is located. 

2023-06-08 17:15:28 - [MESSAGE][WARNING] - [SELF-HEALING] Failed to find element with id 'Object Repository/Day-02/Cogmento/createContact/div_Login'. Try using Self-healing.

2023-06-08 17:15:28 - [MESSAGE][WARNING] - [SELF-HEALING] The current locator of test object 'Object Repository/Day-02/Cogmento/createContact/div_Login' was broken. Propose an alternative one: '//div/div[3]'.

2023-06-08 17:15:29 - [MESSAGE][PASSED] - Object: 'Object Repository/Day-02/Cogmento/createContact/div_Login' is clicked on

2023-06-08 17:15:29 - [MESSAGE][PASSED] - com.LoginCogmento.Login is PASSED

2023-06-08 17:15:29 - [TEST_STEP][PASSED] - click(findTestObject("Object Repository/Day-02/Cogmento/deleteContact/i_Calendar_users icon")): Object: 'Object Repository/Day-02/Cogmento/deleteContact/i_Calendar_users icon' is clicked on

2023-06-08 17:15:30 - [MESSAGE][PASSED] - Object: 'Object Repository/Day-02/Cogmento/deleteContact/i_Calendar_users icon' is clicked on

2023-06-08 17:15:30 - [TEST_STEP][PASSED] - click(findTestObject("Object Repository/Day-02/Cogmento/deleteContact/i_deepgmail.com_trash icon")): Object: 'Object Repository/Day-02/Cogmento/deleteContact/i_deepgmail.com_trash icon' is clicked on

2023-06-08 17:15:31 - [MESSAGE][PASSED] - Object: 'Object Repository/Day-02/Cogmento/deleteContact/i_deepgmail.com_trash icon' is clicked on

2023-06-08 17:15:31 - [TEST_STEP][PASSED] - click(findTestObject("Object Repository/Day-02/Cogmento/deleteContact/button_Delete")): Object: 'Object Repository/Day-02/Cogmento/deleteContact/button_Delete' is clicked on

2023-06-08 17:15:32 - [MESSAGE][PASSED] - Object: 'Object Repository/Day-02/Cogmento/deleteContact/button_Delete' is clicked on

2023-06-08 17:15:32 - [TEST_STEP][PASSED] - Start listener action : assertmessage: null

2023-06-08 17:15:32 - [TEST_STEP][PASSED] - println("Testcase Run successfully."): null]]></system-out>
         <system-err><![CDATA[]]></system-err>
      </testcase>
      <system-out><![CDATA[2023-06-08 17:13:48 - [TEST_SUITE][PASSED] - createDeleteContact: Test Cases/Day-02/Cogmento/deleteContact]]></system-out>
      <system-err><![CDATA[]]></system-err>
   </testsuite>
</testsuites>
