<?xml version="1.0" encoding="UTF-8"?>
<testsuites name="createContactusingCSV" time="130.168" tests="8" failures="0" errors="0">
   <testsuite name="createContactusingCSV" tests="8" failures="0" errors="0" time="130.168" skipped="0" timestamp="2023-06-07 14:44:04" hostname="deep - SF-CPU-460" id="Test Suites/Day-04/createContactusingCSV">
      <properties>
         <property name="deviceName" value=""/>
         <property name="devicePlatform" value=""/>
         <property name="logFolder" value="/home/deep/git/KatalonProject/Reports/20230607_144401/Day-04/createContactusingCSV/20230607_144402"/>
         <property name="logFiles" value="/home/deep/git/KatalonProject/Reports/20230607_144401/Day-04/createContactusingCSV/20230607_144402/execution0.log"/>
         <property name="attachments" value=""/>
         <property name="hostName" value="deep - SF-CPU-460"/>
         <property name="os" value="Linux 64bit"/>
         <property name="katalonVersion" value="8.6.0.208"/>
         <property name="browser" value="Chrome 109.0.0.0"/>
         <property name="hostAddress" value="127.0.1.1"/>
         <property name="sessionId" value="1b0dbe7bdb17c6c59507f41041a02a62"/>
         <property name="seleniumVersion" value="3.141.59"/>
         <property name="proxyInformation" value="ProxyInformation { proxyOption=NO_PROXY, proxyServerType=HTTP, username=, password=********, proxyServerAddress=, proxyServerPort=0, executionList=&quot;&quot;, isApplyToDesiredCapabilities=true }"/>
         <property name="platform" value="Linux"/>
      </properties>
      <testcase name="Test Cases/Day-04/createContactUsingCSV" time="20.689" classname="Test Cases/Day-04/createContactUsingCSV" status="PASSED">
         <system-out><![CDATA[2023-06-07 14:44:05 - [TEST_CASE][PASSED] - Test Cases/Day-04/createContactUsingCSV: Test Cases/Day-04/createContactUsingCSV

2023-06-07 14:44:05 - [TEST_STEP][PASSED] - Start listener action : login: Current window maximized

2023-06-07 14:44:05 - [TEST_STEP][PASSED] - maximizeWindow(): Current window maximized

2023-06-07 14:44:05 - [MESSAGE][PASSED] - Current window maximized

2023-06-07 14:44:05 - [TEST_STEP][PASSED] - Start setup action : login: Method 'login' complete successfully

2023-06-07 14:44:06 - [TEST_STEP][PASSED] - navigateToUrl(URL): Navigate to 'https://ui.cogmento.com' successfully

2023-06-07 14:44:09 - [MESSAGE][PASSED] - Navigate to 'https://ui.cogmento.com' successfully

2023-06-07 14:44:09 - [TEST_STEP][PASSED] - com.LoginCogmento.Login("deep.p@simformsolutions.com", "Deep@123"): com.LoginCogmento.Login is PASSED

2023-06-07 14:44:10 - [MESSAGE][PASSED] - Text 'deep.p@simformsolutions.com' is set on object 'Object Repository/Day-02/Cogmento/createContact/input_Login_email'

2023-06-07 14:44:11 - [MESSAGE][PASSED] - Text 'Deep@123' is set on object 'Object Repository/Day-02/Cogmento/createContact/input_Login_password'

2023-06-07 14:44:11 - [MESSAGE][PASSED] - Object: 'Object Repository/Day-02/Cogmento/createContact/div_Login' is clicked on

2023-06-07 14:44:11 - [MESSAGE][PASSED] - com.LoginCogmento.Login is PASSED

2023-06-07 14:44:11 - [MESSAGE][PASSED] - Method 'login' complete successfully

2023-06-07 14:44:11 - [TEST_STEP][PASSED] - click(findTestObject("Object Repository/Day-04/Create Contact with CSV/i_Calendar_users icon")): Object: 'Object Repository/Day-04/Create Contact with CSV/i_Calendar_users icon' is clicked on

2023-06-07 14:44:15 - [MESSAGE][PASSED] - Object: 'Object Repository/Day-04/Create Contact with CSV/i_Calendar_users icon' is clicked on

2023-06-07 14:44:15 - [TEST_STEP][PASSED] - click(findTestObject("Object Repository/Day-04/Create Contact with CSV/button_Create")): Object: 'Object Repository/Day-04/Create Contact with CSV/button_Create' is clicked on

2023-06-07 14:44:16 - [MESSAGE][PASSED] - Object: 'Object Repository/Day-04/Create Contact with CSV/button_Create' is clicked on

2023-06-07 14:44:16 - [TEST_STEP][PASSED] - setText(findTestObject("Object Repository/Day-04/Create Contact with CSV/input_First Name_first_name"), FirstName): Text 'Deep' is set on object 'Object Repository/Day-04/Create Contact with CSV/input_First Name_first_name'

2023-06-07 14:44:18 - [MESSAGE][PASSED] - Text 'Deep' is set on object 'Object Repository/Day-04/Create Contact with CSV/input_First Name_first_name'

2023-06-07 14:44:18 - [TEST_STEP][PASSED] - setText(findTestObject("Object Repository/Day-04/Create Contact with CSV/input_Last Name_last_name"), LastName): Text 'Patel' is set on object 'Object Repository/Day-04/Create Contact with CSV/input_Last Name_last_name'

2023-06-07 14:44:19 - [MESSAGE][PASSED] - Text 'Patel' is set on object 'Object Repository/Day-04/Create Contact with CSV/input_Last Name_last_name'

2023-06-07 14:44:19 - [TEST_STEP][PASSED] - click(findTestObject("Object Repository/Day-04/Create Contact with CSV/button_Save")): Object: 'Object Repository/Day-04/Create Contact with CSV/button_Save' is clicked on

2023-06-07 14:44:19 - [MESSAGE][PASSED] - Object: 'Object Repository/Day-04/Create Contact with CSV/button_Save' is clicked on

2023-06-07 14:44:19 - [TEST_STEP][PASSED] - try: Text 'Deep Patel' is present on page 

2023-06-07 14:44:19 - [TEST_STEP][PASSED] - verifyTextPresent(FirstName + " " + LastName, false): Text 'Deep Patel' is present on page 

2023-06-07 14:44:22 - [MESSAGE][PASSED] - Text 'Deep Patel' is present on page 

2023-06-07 14:44:22 - [TEST_STEP][PASSED] - Start tear down : logout: Method 'logout' complete successfully

2023-06-07 14:44:22 - [TEST_STEP][PASSED] - try: Text 'Forgot your password?' is present on page 

2023-06-07 14:44:22 - [TEST_STEP][PASSED] - waitForPageLoad(5): Wait for page load successfully

2023-06-07 14:44:22 - [MESSAGE][PASSED] - Wait for page load successfully

2023-06-07 14:44:22 - [TEST_STEP][PASSED] - click(findTestObject("Object Repository/Day-04/Create Contact with CSV/i_Free account_settings icon")): Object: 'Object Repository/Day-04/Create Contact with CSV/i_Free account_settings icon' is clicked on

2023-06-07 14:44:22 - [MESSAGE][PASSED] - Object: 'Object Repository/Day-04/Create Contact with CSV/i_Free account_settings icon' is clicked on

2023-06-07 14:44:22 - [TEST_STEP][PASSED] - click(findTestObject("Object Repository/Day-04/Create Contact with CSV/span_Log Out")): Object: 'Object Repository/Day-04/Create Contact with CSV/span_Log Out' is clicked on

2023-06-07 14:44:23 - [MESSAGE][PASSED] - Object: 'Object Repository/Day-04/Create Contact with CSV/span_Log Out' is clicked on

2023-06-07 14:44:23 - [TEST_STEP][PASSED] - waitForPageLoad(5): Wait for page load successfully

2023-06-07 14:44:23 - [MESSAGE][PASSED] - Wait for page load successfully

2023-06-07 14:44:23 - [TEST_STEP][PASSED] - verifyTextPresent("Forgot your password?", false): Text 'Forgot your password?' is present on page 

2023-06-07 14:44:26 - [MESSAGE][PASSED] - Text 'Forgot your password?' is present on page 

2023-06-07 14:44:26 - [MESSAGE][PASSED] - Method 'logout' complete successfully

2023-06-07 14:44:26 - [TEST_STEP][PASSED] - Start listener action : logout: null

2023-06-07 14:44:26 - [TEST_STEP][PASSED] - println("Testcase Run successfully."): null]]></system-out>
         <system-err><![CDATA[]]></system-err>
      </testcase>
      <testcase name="Test Cases/Day-04/createContactUsingCSV" time="16.468" classname="Test Cases/Day-04/createContactUsingCSV" status="PASSED">
         <system-out><![CDATA[2023-06-07 14:44:26 - [TEST_CASE][PASSED] - Test Cases/Day-04/createContactUsingCSV: Test Cases/Day-04/createContactUsingCSV

2023-06-07 14:44:26 - [TEST_STEP][PASSED] - Start listener action : login: Current window maximized

2023-06-07 14:44:26 - [TEST_STEP][PASSED] - maximizeWindow(): Current window maximized

2023-06-07 14:44:26 - [MESSAGE][PASSED] - Current window maximized

2023-06-07 14:44:26 - [TEST_STEP][PASSED] - Start setup action : login: Method 'login' complete successfully

2023-06-07 14:44:26 - [TEST_STEP][PASSED] - navigateToUrl(URL): Navigate to 'https://ui.cogmento.com' successfully

2023-06-07 14:44:27 - [MESSAGE][PASSED] - Navigate to 'https://ui.cogmento.com' successfully

2023-06-07 14:44:27 - [TEST_STEP][PASSED] - com.LoginCogmento.Login("deep.p@simformsolutions.com", "Deep@123"): com.LoginCogmento.Login is PASSED

2023-06-07 14:44:28 - [MESSAGE][PASSED] - Text 'deep.p@simformsolutions.com' is set on object 'Object Repository/Day-02/Cogmento/createContact/input_Login_email'

2023-06-07 14:44:29 - [MESSAGE][PASSED] - Text 'Deep@123' is set on object 'Object Repository/Day-02/Cogmento/createContact/input_Login_password'

2023-06-07 14:44:29 - [MESSAGE][PASSED] - Object: 'Object Repository/Day-02/Cogmento/createContact/div_Login' is clicked on

2023-06-07 14:44:29 - [MESSAGE][PASSED] - com.LoginCogmento.Login is PASSED

2023-06-07 14:44:29 - [MESSAGE][PASSED] - Method 'login' complete successfully

2023-06-07 14:44:29 - [TEST_STEP][PASSED] - click(findTestObject("Object Repository/Day-04/Create Contact with CSV/i_Calendar_users icon")): Object: 'Object Repository/Day-04/Create Contact with CSV/i_Calendar_users icon' is clicked on

2023-06-07 14:44:32 - [MESSAGE][PASSED] - Object: 'Object Repository/Day-04/Create Contact with CSV/i_Calendar_users icon' is clicked on

2023-06-07 14:44:32 - [TEST_STEP][PASSED] - click(findTestObject("Object Repository/Day-04/Create Contact with CSV/button_Create")): Object: 'Object Repository/Day-04/Create Contact with CSV/button_Create' is clicked on

2023-06-07 14:44:33 - [MESSAGE][PASSED] - Object: 'Object Repository/Day-04/Create Contact with CSV/button_Create' is clicked on

2023-06-07 14:44:33 - [TEST_STEP][PASSED] - setText(findTestObject("Object Repository/Day-04/Create Contact with CSV/input_First Name_first_name"), FirstName): Text 'Dharm' is set on object 'Object Repository/Day-04/Create Contact with CSV/input_First Name_first_name'

2023-06-07 14:44:34 - [MESSAGE][PASSED] - Text 'Dharm' is set on object 'Object Repository/Day-04/Create Contact with CSV/input_First Name_first_name'

2023-06-07 14:44:34 - [TEST_STEP][PASSED] - setText(findTestObject("Object Repository/Day-04/Create Contact with CSV/input_Last Name_last_name"), LastName): Text 'Patel' is set on object 'Object Repository/Day-04/Create Contact with CSV/input_Last Name_last_name'

2023-06-07 14:44:35 - [MESSAGE][PASSED] - Text 'Patel' is set on object 'Object Repository/Day-04/Create Contact with CSV/input_Last Name_last_name'

2023-06-07 14:44:35 - [TEST_STEP][PASSED] - click(findTestObject("Object Repository/Day-04/Create Contact with CSV/button_Save")): Object: 'Object Repository/Day-04/Create Contact with CSV/button_Save' is clicked on

2023-06-07 14:44:36 - [MESSAGE][PASSED] - Object: 'Object Repository/Day-04/Create Contact with CSV/button_Save' is clicked on

2023-06-07 14:44:36 - [TEST_STEP][PASSED] - try: Text 'Dharm Patel' is present on page 

2023-06-07 14:44:36 - [TEST_STEP][PASSED] - verifyTextPresent(FirstName + " " + LastName, false): Text 'Dharm Patel' is present on page 

2023-06-07 14:44:38 - [MESSAGE][PASSED] - Text 'Dharm Patel' is present on page 

2023-06-07 14:44:38 - [TEST_STEP][PASSED] - Start tear down : logout: Method 'logout' complete successfully

2023-06-07 14:44:38 - [TEST_STEP][PASSED] - try: Text 'Forgot your password?' is present on page 

2023-06-07 14:44:38 - [TEST_STEP][PASSED] - waitForPageLoad(5): Wait for page load successfully

2023-06-07 14:44:38 - [MESSAGE][PASSED] - Wait for page load successfully

2023-06-07 14:44:38 - [TEST_STEP][PASSED] - click(findTestObject("Object Repository/Day-04/Create Contact with CSV/i_Free account_settings icon")): Object: 'Object Repository/Day-04/Create Contact with CSV/i_Free account_settings icon' is clicked on

2023-06-07 14:44:39 - [MESSAGE][PASSED] - Object: 'Object Repository/Day-04/Create Contact with CSV/i_Free account_settings icon' is clicked on

2023-06-07 14:44:39 - [TEST_STEP][PASSED] - click(findTestObject("Object Repository/Day-04/Create Contact with CSV/span_Log Out")): Object: 'Object Repository/Day-04/Create Contact with CSV/span_Log Out' is clicked on

2023-06-07 14:44:39 - [MESSAGE][PASSED] - Object: 'Object Repository/Day-04/Create Contact with CSV/span_Log Out' is clicked on

2023-06-07 14:44:39 - [TEST_STEP][PASSED] - waitForPageLoad(5): Wait for page load successfully

2023-06-07 14:44:39 - [MESSAGE][PASSED] - Wait for page load successfully

2023-06-07 14:44:39 - [TEST_STEP][PASSED] - verifyTextPresent("Forgot your password?", false): Text 'Forgot your password?' is present on page 

2023-06-07 14:44:42 - [MESSAGE][PASSED] - Text 'Forgot your password?' is present on page 

2023-06-07 14:44:42 - [MESSAGE][PASSED] - Method 'logout' complete successfully

2023-06-07 14:44:42 - [TEST_STEP][PASSED] - Start listener action : logout: null

2023-06-07 14:44:42 - [TEST_STEP][PASSED] - println("Testcase Run successfully."): null]]></system-out>
         <system-err><![CDATA[]]></system-err>
      </testcase>
      <testcase name="Test Cases/Day-04/createContactUsingCSV" time="14.652" classname="Test Cases/Day-04/createContactUsingCSV" status="PASSED">
         <system-out><![CDATA[2023-06-07 14:44:42 - [TEST_CASE][PASSED] - Test Cases/Day-04/createContactUsingCSV: Test Cases/Day-04/createContactUsingCSV

2023-06-07 14:44:42 - [TEST_STEP][PASSED] - Start listener action : login: Current window maximized

2023-06-07 14:44:42 - [TEST_STEP][PASSED] - maximizeWindow(): Current window maximized

2023-06-07 14:44:42 - [MESSAGE][PASSED] - Current window maximized

2023-06-07 14:44:42 - [TEST_STEP][PASSED] - Start setup action : login: Method 'login' complete successfully

2023-06-07 14:44:42 - [TEST_STEP][PASSED] - navigateToUrl(URL): Navigate to 'https://ui.cogmento.com' successfully

2023-06-07 14:44:43 - [MESSAGE][PASSED] - Navigate to 'https://ui.cogmento.com' successfully

2023-06-07 14:44:43 - [TEST_STEP][PASSED] - com.LoginCogmento.Login("deep.p@simformsolutions.com", "Deep@123"): com.LoginCogmento.Login is PASSED

2023-06-07 14:44:44 - [MESSAGE][PASSED] - Text 'deep.p@simformsolutions.com' is set on object 'Object Repository/Day-02/Cogmento/createContact/input_Login_email'

2023-06-07 14:44:45 - [MESSAGE][PASSED] - Text 'Deep@123' is set on object 'Object Repository/Day-02/Cogmento/createContact/input_Login_password'

2023-06-07 14:44:46 - [MESSAGE][PASSED] - Object: 'Object Repository/Day-02/Cogmento/createContact/div_Login' is clicked on

2023-06-07 14:44:46 - [MESSAGE][PASSED] - com.LoginCogmento.Login is PASSED

2023-06-07 14:44:46 - [MESSAGE][PASSED] - Method 'login' complete successfully

2023-06-07 14:44:46 - [TEST_STEP][PASSED] - click(findTestObject("Object Repository/Day-04/Create Contact with CSV/i_Calendar_users icon")): Object: 'Object Repository/Day-04/Create Contact with CSV/i_Calendar_users icon' is clicked on

2023-06-07 14:44:48 - [MESSAGE][PASSED] - Object: 'Object Repository/Day-04/Create Contact with CSV/i_Calendar_users icon' is clicked on

2023-06-07 14:44:48 - [TEST_STEP][PASSED] - click(findTestObject("Object Repository/Day-04/Create Contact with CSV/button_Create")): Object: 'Object Repository/Day-04/Create Contact with CSV/button_Create' is clicked on

2023-06-07 14:44:49 - [MESSAGE][PASSED] - Object: 'Object Repository/Day-04/Create Contact with CSV/button_Create' is clicked on

2023-06-07 14:44:49 - [TEST_STEP][PASSED] - setText(findTestObject("Object Repository/Day-04/Create Contact with CSV/input_First Name_first_name"), FirstName): Text 'Kunj' is set on object 'Object Repository/Day-04/Create Contact with CSV/input_First Name_first_name'

2023-06-07 14:44:50 - [MESSAGE][PASSED] - Text 'Kunj' is set on object 'Object Repository/Day-04/Create Contact with CSV/input_First Name_first_name'

2023-06-07 14:44:50 - [TEST_STEP][PASSED] - setText(findTestObject("Object Repository/Day-04/Create Contact with CSV/input_Last Name_last_name"), LastName): Text 'Kaneria' is set on object 'Object Repository/Day-04/Create Contact with CSV/input_Last Name_last_name'

2023-06-07 14:44:51 - [MESSAGE][PASSED] - Text 'Kaneria' is set on object 'Object Repository/Day-04/Create Contact with CSV/input_Last Name_last_name'

2023-06-07 14:44:51 - [TEST_STEP][PASSED] - click(findTestObject("Object Repository/Day-04/Create Contact with CSV/button_Save")): Object: 'Object Repository/Day-04/Create Contact with CSV/button_Save' is clicked on

2023-06-07 14:44:52 - [MESSAGE][PASSED] - Object: 'Object Repository/Day-04/Create Contact with CSV/button_Save' is clicked on

2023-06-07 14:44:52 - [TEST_STEP][PASSED] - try: Text 'Kunj Kaneria' is present on page 

2023-06-07 14:44:52 - [TEST_STEP][PASSED] - verifyTextPresent(FirstName + " " + LastName, false): Text 'Kunj Kaneria' is present on page 

2023-06-07 14:44:54 - [MESSAGE][PASSED] - Text 'Kunj Kaneria' is present on page 

2023-06-07 14:44:54 - [TEST_STEP][PASSED] - Start tear down : logout: Method 'logout' complete successfully

2023-06-07 14:44:54 - [TEST_STEP][PASSED] - try: Text 'Forgot your password?' is present on page 

2023-06-07 14:44:54 - [TEST_STEP][PASSED] - waitForPageLoad(5): Wait for page load successfully

2023-06-07 14:44:54 - [MESSAGE][PASSED] - Wait for page load successfully

2023-06-07 14:44:54 - [TEST_STEP][PASSED] - click(findTestObject("Object Repository/Day-04/Create Contact with CSV/i_Free account_settings icon")): Object: 'Object Repository/Day-04/Create Contact with CSV/i_Free account_settings icon' is clicked on

2023-06-07 14:44:55 - [MESSAGE][PASSED] - Object: 'Object Repository/Day-04/Create Contact with CSV/i_Free account_settings icon' is clicked on

2023-06-07 14:44:55 - [TEST_STEP][PASSED] - click(findTestObject("Object Repository/Day-04/Create Contact with CSV/span_Log Out")): Object: 'Object Repository/Day-04/Create Contact with CSV/span_Log Out' is clicked on

2023-06-07 14:44:55 - [MESSAGE][PASSED] - Object: 'Object Repository/Day-04/Create Contact with CSV/span_Log Out' is clicked on

2023-06-07 14:44:55 - [TEST_STEP][PASSED] - waitForPageLoad(5): Wait for page load successfully

2023-06-07 14:44:55 - [MESSAGE][PASSED] - Wait for page load successfully

2023-06-07 14:44:55 - [TEST_STEP][PASSED] - verifyTextPresent("Forgot your password?", false): Text 'Forgot your password?' is present on page 

2023-06-07 14:44:57 - [MESSAGE][PASSED] - Text 'Forgot your password?' is present on page 

2023-06-07 14:44:57 - [MESSAGE][PASSED] - Method 'logout' complete successfully

2023-06-07 14:44:57 - [TEST_STEP][PASSED] - Start listener action : logout: null

2023-06-07 14:44:57 - [TEST_STEP][PASSED] - println("Testcase Run successfully."): null]]></system-out>
         <system-err><![CDATA[]]></system-err>
      </testcase>
      <testcase name="Test Cases/Day-04/createContactUsingCSV" time="14.95" classname="Test Cases/Day-04/createContactUsingCSV" status="PASSED">
         <system-out><![CDATA[2023-06-07 14:44:57 - [TEST_CASE][PASSED] - Test Cases/Day-04/createContactUsingCSV: Test Cases/Day-04/createContactUsingCSV

2023-06-07 14:44:57 - [TEST_STEP][PASSED] - Start listener action : login: Current window maximized

2023-06-07 14:44:57 - [TEST_STEP][PASSED] - maximizeWindow(): Current window maximized

2023-06-07 14:44:57 - [MESSAGE][PASSED] - Current window maximized

2023-06-07 14:44:57 - [TEST_STEP][PASSED] - Start setup action : login: Method 'login' complete successfully

2023-06-07 14:44:57 - [TEST_STEP][PASSED] - navigateToUrl(URL): Navigate to 'https://ui.cogmento.com' successfully

2023-06-07 14:44:58 - [MESSAGE][PASSED] - Navigate to 'https://ui.cogmento.com' successfully

2023-06-07 14:44:58 - [TEST_STEP][PASSED] - com.LoginCogmento.Login("deep.p@simformsolutions.com", "Deep@123"): com.LoginCogmento.Login is PASSED

2023-06-07 14:44:59 - [MESSAGE][PASSED] - Text 'deep.p@simformsolutions.com' is set on object 'Object Repository/Day-02/Cogmento/createContact/input_Login_email'

2023-06-07 14:45:00 - [MESSAGE][PASSED] - Text 'Deep@123' is set on object 'Object Repository/Day-02/Cogmento/createContact/input_Login_password'

2023-06-07 14:45:00 - [MESSAGE][PASSED] - Object: 'Object Repository/Day-02/Cogmento/createContact/div_Login' is clicked on

2023-06-07 14:45:00 - [MESSAGE][PASSED] - com.LoginCogmento.Login is PASSED

2023-06-07 14:45:00 - [MESSAGE][PASSED] - Method 'login' complete successfully

2023-06-07 14:45:00 - [TEST_STEP][PASSED] - click(findTestObject("Object Repository/Day-04/Create Contact with CSV/i_Calendar_users icon")): Object: 'Object Repository/Day-04/Create Contact with CSV/i_Calendar_users icon' is clicked on

2023-06-07 14:45:03 - [MESSAGE][PASSED] - Object: 'Object Repository/Day-04/Create Contact with CSV/i_Calendar_users icon' is clicked on

2023-06-07 14:45:03 - [TEST_STEP][PASSED] - click(findTestObject("Object Repository/Day-04/Create Contact with CSV/button_Create")): Object: 'Object Repository/Day-04/Create Contact with CSV/button_Create' is clicked on

2023-06-07 14:45:04 - [MESSAGE][PASSED] - Object: 'Object Repository/Day-04/Create Contact with CSV/button_Create' is clicked on

2023-06-07 14:45:04 - [TEST_STEP][PASSED] - setText(findTestObject("Object Repository/Day-04/Create Contact with CSV/input_First Name_first_name"), FirstName): Text 'Paresh' is set on object 'Object Repository/Day-04/Create Contact with CSV/input_First Name_first_name'

2023-06-07 14:45:05 - [MESSAGE][PASSED] - Text 'Paresh' is set on object 'Object Repository/Day-04/Create Contact with CSV/input_First Name_first_name'

2023-06-07 14:45:05 - [TEST_STEP][PASSED] - setText(findTestObject("Object Repository/Day-04/Create Contact with CSV/input_Last Name_last_name"), LastName): Text 'Mali' is set on object 'Object Repository/Day-04/Create Contact with CSV/input_Last Name_last_name'

2023-06-07 14:45:06 - [MESSAGE][PASSED] - Text 'Mali' is set on object 'Object Repository/Day-04/Create Contact with CSV/input_Last Name_last_name'

2023-06-07 14:45:06 - [TEST_STEP][PASSED] - click(findTestObject("Object Repository/Day-04/Create Contact with CSV/button_Save")): Object: 'Object Repository/Day-04/Create Contact with CSV/button_Save' is clicked on

2023-06-07 14:45:07 - [MESSAGE][PASSED] - Object: 'Object Repository/Day-04/Create Contact with CSV/button_Save' is clicked on

2023-06-07 14:45:07 - [TEST_STEP][PASSED] - try: Text 'Paresh Mali' is present on page 

2023-06-07 14:45:07 - [TEST_STEP][PASSED] - verifyTextPresent(FirstName + " " + LastName, false): Text 'Paresh Mali' is present on page 

2023-06-07 14:45:09 - [MESSAGE][PASSED] - Text 'Paresh Mali' is present on page 

2023-06-07 14:45:09 - [TEST_STEP][PASSED] - Start tear down : logout: Method 'logout' complete successfully

2023-06-07 14:45:09 - [TEST_STEP][PASSED] - try: Text 'Forgot your password?' is present on page 

2023-06-07 14:45:09 - [TEST_STEP][PASSED] - waitForPageLoad(5): Wait for page load successfully

2023-06-07 14:45:09 - [MESSAGE][PASSED] - Wait for page load successfully

2023-06-07 14:45:09 - [TEST_STEP][PASSED] - click(findTestObject("Object Repository/Day-04/Create Contact with CSV/i_Free account_settings icon")): Object: 'Object Repository/Day-04/Create Contact with CSV/i_Free account_settings icon' is clicked on

2023-06-07 14:45:09 - [MESSAGE][PASSED] - Object: 'Object Repository/Day-04/Create Contact with CSV/i_Free account_settings icon' is clicked on

2023-06-07 14:45:09 - [TEST_STEP][PASSED] - click(findTestObject("Object Repository/Day-04/Create Contact with CSV/span_Log Out")): Object: 'Object Repository/Day-04/Create Contact with CSV/span_Log Out' is clicked on

2023-06-07 14:45:10 - [MESSAGE][PASSED] - Object: 'Object Repository/Day-04/Create Contact with CSV/span_Log Out' is clicked on

2023-06-07 14:45:10 - [TEST_STEP][PASSED] - waitForPageLoad(5): Wait for page load successfully

2023-06-07 14:45:10 - [MESSAGE][PASSED] - Wait for page load successfully

2023-06-07 14:45:10 - [TEST_STEP][PASSED] - verifyTextPresent("Forgot your password?", false): Text 'Forgot your password?' is present on page 

2023-06-07 14:45:12 - [MESSAGE][PASSED] - Text 'Forgot your password?' is present on page 

2023-06-07 14:45:12 - [MESSAGE][PASSED] - Method 'logout' complete successfully

2023-06-07 14:45:12 - [TEST_STEP][PASSED] - Start listener action : logout: null

2023-06-07 14:45:12 - [TEST_STEP][PASSED] - println("Testcase Run successfully."): null]]></system-out>
         <system-err><![CDATA[]]></system-err>
      </testcase>
      <testcase name="Test Cases/Day-04/createContactUsingCSV" time="16.722" classname="Test Cases/Day-04/createContactUsingCSV" status="PASSED">
         <system-out><![CDATA[2023-06-07 14:45:12 - [TEST_CASE][PASSED] - Test Cases/Day-04/createContactUsingCSV: Test Cases/Day-04/createContactUsingCSV

2023-06-07 14:45:12 - [TEST_STEP][PASSED] - Start listener action : login: Current window maximized

2023-06-07 14:45:12 - [TEST_STEP][PASSED] - maximizeWindow(): Current window maximized

2023-06-07 14:45:12 - [MESSAGE][PASSED] - Current window maximized

2023-06-07 14:45:12 - [TEST_STEP][PASSED] - Start setup action : login: Method 'login' complete successfully

2023-06-07 14:45:12 - [TEST_STEP][PASSED] - navigateToUrl(URL): Navigate to 'https://ui.cogmento.com' successfully

2023-06-07 14:45:13 - [MESSAGE][PASSED] - Navigate to 'https://ui.cogmento.com' successfully

2023-06-07 14:45:13 - [TEST_STEP][PASSED] - com.LoginCogmento.Login("deep.p@simformsolutions.com", "Deep@123"): com.LoginCogmento.Login is PASSED

2023-06-07 14:45:14 - [MESSAGE][PASSED] - Text 'deep.p@simformsolutions.com' is set on object 'Object Repository/Day-02/Cogmento/createContact/input_Login_email'

2023-06-07 14:45:15 - [MESSAGE][PASSED] - Text 'Deep@123' is set on object 'Object Repository/Day-02/Cogmento/createContact/input_Login_password'

2023-06-07 14:45:15 - [MESSAGE][PASSED] - Object: 'Object Repository/Day-02/Cogmento/createContact/div_Login' is clicked on

2023-06-07 14:45:15 - [MESSAGE][PASSED] - com.LoginCogmento.Login is PASSED

2023-06-07 14:45:15 - [MESSAGE][PASSED] - Method 'login' complete successfully

2023-06-07 14:45:15 - [TEST_STEP][PASSED] - click(findTestObject("Object Repository/Day-04/Create Contact with CSV/i_Calendar_users icon")): Object: 'Object Repository/Day-04/Create Contact with CSV/i_Calendar_users icon' is clicked on

2023-06-07 14:45:18 - [MESSAGE][PASSED] - Object: 'Object Repository/Day-04/Create Contact with CSV/i_Calendar_users icon' is clicked on

2023-06-07 14:45:18 - [TEST_STEP][PASSED] - click(findTestObject("Object Repository/Day-04/Create Contact with CSV/button_Create")): Object: 'Object Repository/Day-04/Create Contact with CSV/button_Create' is clicked on

2023-06-07 14:45:19 - [MESSAGE][PASSED] - Object: 'Object Repository/Day-04/Create Contact with CSV/button_Create' is clicked on

2023-06-07 14:45:19 - [TEST_STEP][PASSED] - setText(findTestObject("Object Repository/Day-04/Create Contact with CSV/input_First Name_first_name"), FirstName): Text 'Saumya' is set on object 'Object Repository/Day-04/Create Contact with CSV/input_First Name_first_name'

2023-06-07 14:45:20 - [MESSAGE][PASSED] - Text 'Saumya' is set on object 'Object Repository/Day-04/Create Contact with CSV/input_First Name_first_name'

2023-06-07 14:45:20 - [TEST_STEP][PASSED] - setText(findTestObject("Object Repository/Day-04/Create Contact with CSV/input_Last Name_last_name"), LastName): Text 'Srivastava' is set on object 'Object Repository/Day-04/Create Contact with CSV/input_Last Name_last_name'

2023-06-07 14:45:21 - [MESSAGE][PASSED] - Text 'Srivastava' is set on object 'Object Repository/Day-04/Create Contact with CSV/input_Last Name_last_name'

2023-06-07 14:45:21 - [TEST_STEP][PASSED] - click(findTestObject("Object Repository/Day-04/Create Contact with CSV/button_Save")): Object: 'Object Repository/Day-04/Create Contact with CSV/button_Save' is clicked on

2023-06-07 14:45:22 - [MESSAGE][PASSED] - Object: 'Object Repository/Day-04/Create Contact with CSV/button_Save' is clicked on

2023-06-07 14:45:22 - [TEST_STEP][PASSED] - try: Text 'Saumya Srivastava' is present on page 

2023-06-07 14:45:22 - [TEST_STEP][PASSED] - verifyTextPresent(FirstName + " " + LastName, false): Text 'Saumya Srivastava' is present on page 

2023-06-07 14:45:25 - [MESSAGE][PASSED] - Text 'Saumya Srivastava' is present on page 

2023-06-07 14:45:25 - [TEST_STEP][PASSED] - Start tear down : logout: Method 'logout' complete successfully

2023-06-07 14:45:25 - [TEST_STEP][PASSED] - try: Text 'Forgot your password?' is present on page 

2023-06-07 14:45:25 - [TEST_STEP][PASSED] - waitForPageLoad(5): Wait for page load successfully

2023-06-07 14:45:25 - [MESSAGE][PASSED] - Wait for page load successfully

2023-06-07 14:45:25 - [TEST_STEP][PASSED] - click(findTestObject("Object Repository/Day-04/Create Contact with CSV/i_Free account_settings icon")): Object: 'Object Repository/Day-04/Create Contact with CSV/i_Free account_settings icon' is clicked on

2023-06-07 14:45:26 - [MESSAGE][PASSED] - Object: 'Object Repository/Day-04/Create Contact with CSV/i_Free account_settings icon' is clicked on

2023-06-07 14:45:26 - [TEST_STEP][PASSED] - click(findTestObject("Object Repository/Day-04/Create Contact with CSV/span_Log Out")): Object: 'Object Repository/Day-04/Create Contact with CSV/span_Log Out' is clicked on

2023-06-07 14:45:26 - [MESSAGE][PASSED] - Object: 'Object Repository/Day-04/Create Contact with CSV/span_Log Out' is clicked on

2023-06-07 14:45:26 - [TEST_STEP][PASSED] - waitForPageLoad(5): Wait for page load successfully

2023-06-07 14:45:26 - [MESSAGE][PASSED] - Wait for page load successfully

2023-06-07 14:45:26 - [TEST_STEP][PASSED] - verifyTextPresent("Forgot your password?", false): Text 'Forgot your password?' is present on page 

2023-06-07 14:45:29 - [MESSAGE][PASSED] - Text 'Forgot your password?' is present on page 

2023-06-07 14:45:29 - [MESSAGE][PASSED] - Method 'logout' complete successfully

2023-06-07 14:45:29 - [TEST_STEP][PASSED] - Start listener action : logout: null

2023-06-07 14:45:29 - [TEST_STEP][PASSED] - println("Testcase Run successfully."): null]]></system-out>
         <system-err><![CDATA[]]></system-err>
      </testcase>
      <testcase name="Test Cases/Day-04/createContactUsingCSV" time="14.716" classname="Test Cases/Day-04/createContactUsingCSV" status="PASSED">
         <system-out><![CDATA[2023-06-07 14:45:29 - [TEST_CASE][PASSED] - Test Cases/Day-04/createContactUsingCSV: Test Cases/Day-04/createContactUsingCSV

2023-06-07 14:45:29 - [TEST_STEP][PASSED] - Start listener action : login: Current window maximized

2023-06-07 14:45:29 - [TEST_STEP][PASSED] - maximizeWindow(): Current window maximized

2023-06-07 14:45:29 - [MESSAGE][PASSED] - Current window maximized

2023-06-07 14:45:29 - [TEST_STEP][PASSED] - Start setup action : login: Method 'login' complete successfully

2023-06-07 14:45:29 - [TEST_STEP][PASSED] - navigateToUrl(URL): Navigate to 'https://ui.cogmento.com' successfully

2023-06-07 14:45:30 - [MESSAGE][PASSED] - Navigate to 'https://ui.cogmento.com' successfully

2023-06-07 14:45:30 - [TEST_STEP][PASSED] - com.LoginCogmento.Login("deep.p@simformsolutions.com", "Deep@123"): com.LoginCogmento.Login is PASSED

2023-06-07 14:45:31 - [MESSAGE][PASSED] - Text 'deep.p@simformsolutions.com' is set on object 'Object Repository/Day-02/Cogmento/createContact/input_Login_email'

2023-06-07 14:45:32 - [MESSAGE][PASSED] - Text 'Deep@123' is set on object 'Object Repository/Day-02/Cogmento/createContact/input_Login_password'

2023-06-07 14:45:32 - [MESSAGE][PASSED] - Object: 'Object Repository/Day-02/Cogmento/createContact/div_Login' is clicked on

2023-06-07 14:45:32 - [MESSAGE][PASSED] - com.LoginCogmento.Login is PASSED

2023-06-07 14:45:32 - [MESSAGE][PASSED] - Method 'login' complete successfully

2023-06-07 14:45:32 - [TEST_STEP][PASSED] - click(findTestObject("Object Repository/Day-04/Create Contact with CSV/i_Calendar_users icon")): Object: 'Object Repository/Day-04/Create Contact with CSV/i_Calendar_users icon' is clicked on

2023-06-07 14:45:34 - [MESSAGE][PASSED] - Object: 'Object Repository/Day-04/Create Contact with CSV/i_Calendar_users icon' is clicked on

2023-06-07 14:45:34 - [TEST_STEP][PASSED] - click(findTestObject("Object Repository/Day-04/Create Contact with CSV/button_Create")): Object: 'Object Repository/Day-04/Create Contact with CSV/button_Create' is clicked on

2023-06-07 14:45:35 - [MESSAGE][PASSED] - Object: 'Object Repository/Day-04/Create Contact with CSV/button_Create' is clicked on

2023-06-07 14:45:35 - [TEST_STEP][PASSED] - setText(findTestObject("Object Repository/Day-04/Create Contact with CSV/input_First Name_first_name"), FirstName): Text 'Khusbu' is set on object 'Object Repository/Day-04/Create Contact with CSV/input_First Name_first_name'

2023-06-07 14:45:37 - [MESSAGE][PASSED] - Text 'Khusbu' is set on object 'Object Repository/Day-04/Create Contact with CSV/input_First Name_first_name'

2023-06-07 14:45:37 - [TEST_STEP][PASSED] - setText(findTestObject("Object Repository/Day-04/Create Contact with CSV/input_Last Name_last_name"), LastName): Text 'Jain' is set on object 'Object Repository/Day-04/Create Contact with CSV/input_Last Name_last_name'

2023-06-07 14:45:38 - [MESSAGE][PASSED] - Text 'Jain' is set on object 'Object Repository/Day-04/Create Contact with CSV/input_Last Name_last_name'

2023-06-07 14:45:38 - [TEST_STEP][PASSED] - click(findTestObject("Object Repository/Day-04/Create Contact with CSV/button_Save")): Object: 'Object Repository/Day-04/Create Contact with CSV/button_Save' is clicked on

2023-06-07 14:45:38 - [MESSAGE][PASSED] - Object: 'Object Repository/Day-04/Create Contact with CSV/button_Save' is clicked on

2023-06-07 14:45:38 - [TEST_STEP][PASSED] - try: Text 'Khusbu Jain' is present on page 

2023-06-07 14:45:38 - [TEST_STEP][PASSED] - verifyTextPresent(FirstName + " " + LastName, false): Text 'Khusbu Jain' is present on page 

2023-06-07 14:45:41 - [MESSAGE][PASSED] - Text 'Khusbu Jain' is present on page 

2023-06-07 14:45:41 - [TEST_STEP][PASSED] - Start tear down : logout: Method 'logout' complete successfully

2023-06-07 14:45:41 - [TEST_STEP][PASSED] - try: Text 'Forgot your password?' is present on page 

2023-06-07 14:45:41 - [TEST_STEP][PASSED] - waitForPageLoad(5): Wait for page load successfully

2023-06-07 14:45:41 - [MESSAGE][PASSED] - Wait for page load successfully

2023-06-07 14:45:41 - [TEST_STEP][PASSED] - click(findTestObject("Object Repository/Day-04/Create Contact with CSV/i_Free account_settings icon")): Object: 'Object Repository/Day-04/Create Contact with CSV/i_Free account_settings icon' is clicked on

2023-06-07 14:45:41 - [MESSAGE][PASSED] - Object: 'Object Repository/Day-04/Create Contact with CSV/i_Free account_settings icon' is clicked on

2023-06-07 14:45:41 - [TEST_STEP][PASSED] - click(findTestObject("Object Repository/Day-04/Create Contact with CSV/span_Log Out")): Object: 'Object Repository/Day-04/Create Contact with CSV/span_Log Out' is clicked on

2023-06-07 14:45:41 - [MESSAGE][PASSED] - Object: 'Object Repository/Day-04/Create Contact with CSV/span_Log Out' is clicked on

2023-06-07 14:45:41 - [TEST_STEP][PASSED] - waitForPageLoad(5): Wait for page load successfully

2023-06-07 14:45:41 - [MESSAGE][PASSED] - Wait for page load successfully

2023-06-07 14:45:41 - [TEST_STEP][PASSED] - verifyTextPresent("Forgot your password?", false): Text 'Forgot your password?' is present on page 

2023-06-07 14:45:43 - [MESSAGE][PASSED] - Text 'Forgot your password?' is present on page 

2023-06-07 14:45:43 - [MESSAGE][PASSED] - Method 'logout' complete successfully

2023-06-07 14:45:43 - [TEST_STEP][PASSED] - Start listener action : logout: null

2023-06-07 14:45:43 - [TEST_STEP][PASSED] - println("Testcase Run successfully."): null]]></system-out>
         <system-err><![CDATA[]]></system-err>
      </testcase>
      <testcase name="Test Cases/Day-04/createContactUsingCSV" time="15.371" classname="Test Cases/Day-04/createContactUsingCSV" status="PASSED">
         <system-out><![CDATA[2023-06-07 14:45:43 - [TEST_CASE][PASSED] - Test Cases/Day-04/createContactUsingCSV: Test Cases/Day-04/createContactUsingCSV

2023-06-07 14:45:43 - [TEST_STEP][PASSED] - Start listener action : login: Current window maximized

2023-06-07 14:45:43 - [TEST_STEP][PASSED] - maximizeWindow(): Current window maximized

2023-06-07 14:45:43 - [MESSAGE][PASSED] - Current window maximized

2023-06-07 14:45:43 - [TEST_STEP][PASSED] - Start setup action : login: Method 'login' complete successfully

2023-06-07 14:45:43 - [TEST_STEP][PASSED] - navigateToUrl(URL): Navigate to 'https://ui.cogmento.com' successfully

2023-06-07 14:45:45 - [MESSAGE][PASSED] - Navigate to 'https://ui.cogmento.com' successfully

2023-06-07 14:45:45 - [TEST_STEP][PASSED] - com.LoginCogmento.Login("deep.p@simformsolutions.com", "Deep@123"): com.LoginCogmento.Login is PASSED

2023-06-07 14:45:46 - [MESSAGE][PASSED] - Text 'deep.p@simformsolutions.com' is set on object 'Object Repository/Day-02/Cogmento/createContact/input_Login_email'

2023-06-07 14:45:47 - [MESSAGE][PASSED] - Text 'Deep@123' is set on object 'Object Repository/Day-02/Cogmento/createContact/input_Login_password'

2023-06-07 14:45:47 - [MESSAGE][PASSED] - Object: 'Object Repository/Day-02/Cogmento/createContact/div_Login' is clicked on

2023-06-07 14:45:47 - [MESSAGE][PASSED] - com.LoginCogmento.Login is PASSED

2023-06-07 14:45:47 - [MESSAGE][PASSED] - Method 'login' complete successfully

2023-06-07 14:45:47 - [TEST_STEP][PASSED] - click(findTestObject("Object Repository/Day-04/Create Contact with CSV/i_Calendar_users icon")): Object: 'Object Repository/Day-04/Create Contact with CSV/i_Calendar_users icon' is clicked on

2023-06-07 14:45:50 - [MESSAGE][PASSED] - Object: 'Object Repository/Day-04/Create Contact with CSV/i_Calendar_users icon' is clicked on

2023-06-07 14:45:50 - [TEST_STEP][PASSED] - click(findTestObject("Object Repository/Day-04/Create Contact with CSV/button_Create")): Object: 'Object Repository/Day-04/Create Contact with CSV/button_Create' is clicked on

2023-06-07 14:45:51 - [MESSAGE][PASSED] - Object: 'Object Repository/Day-04/Create Contact with CSV/button_Create' is clicked on

2023-06-07 14:45:51 - [TEST_STEP][PASSED] - setText(findTestObject("Object Repository/Day-04/Create Contact with CSV/input_First Name_first_name"), FirstName): Text 'Rushin' is set on object 'Object Repository/Day-04/Create Contact with CSV/input_First Name_first_name'

2023-06-07 14:45:52 - [MESSAGE][PASSED] - Text 'Rushin' is set on object 'Object Repository/Day-04/Create Contact with CSV/input_First Name_first_name'

2023-06-07 14:45:52 - [TEST_STEP][PASSED] - setText(findTestObject("Object Repository/Day-04/Create Contact with CSV/input_Last Name_last_name"), LastName): Text 'Shah' is set on object 'Object Repository/Day-04/Create Contact with CSV/input_Last Name_last_name'

2023-06-07 14:45:53 - [MESSAGE][PASSED] - Text 'Shah' is set on object 'Object Repository/Day-04/Create Contact with CSV/input_Last Name_last_name'

2023-06-07 14:45:53 - [TEST_STEP][PASSED] - click(findTestObject("Object Repository/Day-04/Create Contact with CSV/button_Save")): Object: 'Object Repository/Day-04/Create Contact with CSV/button_Save' is clicked on

2023-06-07 14:45:53 - [MESSAGE][PASSED] - Object: 'Object Repository/Day-04/Create Contact with CSV/button_Save' is clicked on

2023-06-07 14:45:53 - [TEST_STEP][PASSED] - try: Text 'Rushin Shah' is present on page 

2023-06-07 14:45:53 - [TEST_STEP][PASSED] - verifyTextPresent(FirstName + " " + LastName, false): Text 'Rushin Shah' is present on page 

2023-06-07 14:45:55 - [MESSAGE][PASSED] - Text 'Rushin Shah' is present on page 

2023-06-07 14:45:55 - [TEST_STEP][PASSED] - Start tear down : logout: Method 'logout' complete successfully

2023-06-07 14:45:55 - [TEST_STEP][PASSED] - try: Text 'Forgot your password?' is present on page 

2023-06-07 14:45:55 - [TEST_STEP][PASSED] - waitForPageLoad(5): Wait for page load successfully

2023-06-07 14:45:55 - [MESSAGE][PASSED] - Wait for page load successfully

2023-06-07 14:45:55 - [TEST_STEP][PASSED] - click(findTestObject("Object Repository/Day-04/Create Contact with CSV/i_Free account_settings icon")): Object: 'Object Repository/Day-04/Create Contact with CSV/i_Free account_settings icon' is clicked on

2023-06-07 14:45:56 - [MESSAGE][PASSED] - Object: 'Object Repository/Day-04/Create Contact with CSV/i_Free account_settings icon' is clicked on

2023-06-07 14:45:56 - [TEST_STEP][PASSED] - click(findTestObject("Object Repository/Day-04/Create Contact with CSV/span_Log Out")): Object: 'Object Repository/Day-04/Create Contact with CSV/span_Log Out' is clicked on

2023-06-07 14:45:56 - [MESSAGE][PASSED] - Object: 'Object Repository/Day-04/Create Contact with CSV/span_Log Out' is clicked on

2023-06-07 14:45:56 - [TEST_STEP][PASSED] - waitForPageLoad(5): Wait for page load successfully

2023-06-07 14:45:56 - [MESSAGE][PASSED] - Wait for page load successfully

2023-06-07 14:45:56 - [TEST_STEP][PASSED] - verifyTextPresent("Forgot your password?", false): Text 'Forgot your password?' is present on page 

2023-06-07 14:45:59 - [MESSAGE][PASSED] - Text 'Forgot your password?' is present on page 

2023-06-07 14:45:59 - [MESSAGE][PASSED] - Method 'logout' complete successfully

2023-06-07 14:45:59 - [TEST_STEP][PASSED] - Start listener action : logout: null

2023-06-07 14:45:59 - [TEST_STEP][PASSED] - println("Testcase Run successfully."): null]]></system-out>
         <system-err><![CDATA[]]></system-err>
      </testcase>
      <testcase name="Test Cases/Day-04/createContactUsingCSV" time="15.32" classname="Test Cases/Day-04/createContactUsingCSV" status="PASSED">
         <system-out><![CDATA[2023-06-07 14:45:59 - [TEST_CASE][PASSED] - Test Cases/Day-04/createContactUsingCSV: Test Cases/Day-04/createContactUsingCSV

2023-06-07 14:45:59 - [TEST_STEP][PASSED] - Start listener action : login: Current window maximized

2023-06-07 14:45:59 - [TEST_STEP][PASSED] - maximizeWindow(): Current window maximized

2023-06-07 14:45:59 - [MESSAGE][PASSED] - Current window maximized

2023-06-07 14:45:59 - [TEST_STEP][PASSED] - Start setup action : login: Method 'login' complete successfully

2023-06-07 14:45:59 - [TEST_STEP][PASSED] - navigateToUrl(URL): Navigate to 'https://ui.cogmento.com' successfully

2023-06-07 14:46:00 - [MESSAGE][PASSED] - Navigate to 'https://ui.cogmento.com' successfully

2023-06-07 14:46:00 - [TEST_STEP][PASSED] - com.LoginCogmento.Login("deep.p@simformsolutions.com", "Deep@123"): com.LoginCogmento.Login is PASSED

2023-06-07 14:46:01 - [MESSAGE][PASSED] - Text 'deep.p@simformsolutions.com' is set on object 'Object Repository/Day-02/Cogmento/createContact/input_Login_email'

2023-06-07 14:46:02 - [MESSAGE][PASSED] - Text 'Deep@123' is set on object 'Object Repository/Day-02/Cogmento/createContact/input_Login_password'

2023-06-07 14:46:02 - [MESSAGE][PASSED] - Object: 'Object Repository/Day-02/Cogmento/createContact/div_Login' is clicked on

2023-06-07 14:46:02 - [MESSAGE][PASSED] - com.LoginCogmento.Login is PASSED

2023-06-07 14:46:02 - [MESSAGE][PASSED] - Method 'login' complete successfully

2023-06-07 14:46:02 - [TEST_STEP][PASSED] - click(findTestObject("Object Repository/Day-04/Create Contact with CSV/i_Calendar_users icon")): Object: 'Object Repository/Day-04/Create Contact with CSV/i_Calendar_users icon' is clicked on

2023-06-07 14:46:05 - [MESSAGE][PASSED] - Object: 'Object Repository/Day-04/Create Contact with CSV/i_Calendar_users icon' is clicked on

2023-06-07 14:46:05 - [TEST_STEP][PASSED] - click(findTestObject("Object Repository/Day-04/Create Contact with CSV/button_Create")): Object: 'Object Repository/Day-04/Create Contact with CSV/button_Create' is clicked on

2023-06-07 14:46:06 - [MESSAGE][PASSED] - Object: 'Object Repository/Day-04/Create Contact with CSV/button_Create' is clicked on

2023-06-07 14:46:06 - [TEST_STEP][PASSED] - setText(findTestObject("Object Repository/Day-04/Create Contact with CSV/input_First Name_first_name"), FirstName): Text 'Deepansh' is set on object 'Object Repository/Day-04/Create Contact with CSV/input_First Name_first_name'

2023-06-07 14:46:08 - [MESSAGE][PASSED] - Text 'Deepansh' is set on object 'Object Repository/Day-04/Create Contact with CSV/input_First Name_first_name'

2023-06-07 14:46:08 - [TEST_STEP][PASSED] - setText(findTestObject("Object Repository/Day-04/Create Contact with CSV/input_Last Name_last_name"), LastName): Text 'Sahni' is set on object 'Object Repository/Day-04/Create Contact with CSV/input_Last Name_last_name'

2023-06-07 14:46:09 - [MESSAGE][PASSED] - Text 'Sahni' is set on object 'Object Repository/Day-04/Create Contact with CSV/input_Last Name_last_name'

2023-06-07 14:46:09 - [TEST_STEP][PASSED] - click(findTestObject("Object Repository/Day-04/Create Contact with CSV/button_Save")): Object: 'Object Repository/Day-04/Create Contact with CSV/button_Save' is clicked on

2023-06-07 14:46:09 - [MESSAGE][PASSED] - Object: 'Object Repository/Day-04/Create Contact with CSV/button_Save' is clicked on

2023-06-07 14:46:09 - [TEST_STEP][PASSED] - try: Text 'Deepansh Sahni' is present on page 

2023-06-07 14:46:09 - [TEST_STEP][PASSED] - verifyTextPresent(FirstName + " " + LastName, false): Text 'Deepansh Sahni' is present on page 

2023-06-07 14:46:11 - [MESSAGE][PASSED] - Text 'Deepansh Sahni' is present on page 

2023-06-07 14:46:11 - [TEST_STEP][PASSED] - Start tear down : logout: Method 'logout' complete successfully

2023-06-07 14:46:11 - [TEST_STEP][PASSED] - try: Text 'Forgot your password?' is present on page 

2023-06-07 14:46:11 - [TEST_STEP][PASSED] - waitForPageLoad(5): Wait for page load successfully

2023-06-07 14:46:11 - [MESSAGE][PASSED] - Wait for page load successfully

2023-06-07 14:46:11 - [TEST_STEP][PASSED] - click(findTestObject("Object Repository/Day-04/Create Contact with CSV/i_Free account_settings icon")): Object: 'Object Repository/Day-04/Create Contact with CSV/i_Free account_settings icon' is clicked on

2023-06-07 14:46:12 - [MESSAGE][PASSED] - Object: 'Object Repository/Day-04/Create Contact with CSV/i_Free account_settings icon' is clicked on

2023-06-07 14:46:12 - [TEST_STEP][PASSED] - click(findTestObject("Object Repository/Day-04/Create Contact with CSV/span_Log Out")): Object: 'Object Repository/Day-04/Create Contact with CSV/span_Log Out' is clicked on

2023-06-07 14:46:12 - [MESSAGE][PASSED] - Object: 'Object Repository/Day-04/Create Contact with CSV/span_Log Out' is clicked on

2023-06-07 14:46:12 - [TEST_STEP][PASSED] - waitForPageLoad(5): Wait for page load successfully

2023-06-07 14:46:12 - [MESSAGE][PASSED] - Wait for page load successfully

2023-06-07 14:46:12 - [TEST_STEP][PASSED] - verifyTextPresent("Forgot your password?", false): Text 'Forgot your password?' is present on page 

2023-06-07 14:46:14 - [MESSAGE][PASSED] - Text 'Forgot your password?' is present on page 

2023-06-07 14:46:14 - [MESSAGE][PASSED] - Method 'logout' complete successfully

2023-06-07 14:46:14 - [TEST_STEP][PASSED] - Start listener action : logout: null

2023-06-07 14:46:14 - [TEST_STEP][PASSED] - println("Testcase Run successfully."): null]]></system-out>
         <system-err><![CDATA[]]></system-err>
      </testcase>
      <system-out><![CDATA[2023-06-07 14:44:04 - [TEST_SUITE][PASSED] - createContactusingCSV: Test Cases/Day-04/createContactUsingCSV]]></system-out>
      <system-err><![CDATA[]]></system-err>
   </testsuite>
</testsuites>
