<?xml version="1.0" encoding="UTF-8"?>
<testsuites name="createUpdateDeleteContact" time="86.708" tests="3" failures="0" errors="0">
   <testsuite name="createUpdateDeleteContact" tests="3" failures="0" errors="0" time="86.708" skipped="0" timestamp="2023-06-08 09:57:14" hostname="deep - SF-CPU-460" id="Test Suites/Day-02/Cogmento/createUpdateDeleteContact">
      <properties>
         <property name="deviceName" value=""/>
         <property name="devicePlatform" value=""/>
         <property name="logFolder" value="/home/deep/git/KatalonProject/Reports/20230608_095702/Day-02/Cogmento/createUpdateDeleteContact/20230608_095703"/>
         <property name="logFiles" value="/home/deep/git/KatalonProject/Reports/20230608_095702/Day-02/Cogmento/createUpdateDeleteContact/20230608_095703/execution0.log"/>
         <property name="attachments" value=""/>
         <property name="hostName" value="deep - SF-CPU-460"/>
         <property name="os" value="Linux 64bit"/>
         <property name="katalonVersion" value="8.6.0.208"/>
         <property name="browser" value="Chrome 109.0.0.0"/>
         <property name="hostAddress" value="127.0.1.1"/>
         <property name="sessionId" value="76477019fef9766683a27c3672a11ab4"/>
         <property name="seleniumVersion" value="3.141.59"/>
         <property name="proxyInformation" value="ProxyInformation { proxyOption=NO_PROXY, proxyServerType=HTTP, username=, password=********, proxyServerAddress=, proxyServerPort=0, executionList=&quot;&quot;, isApplyToDesiredCapabilities=true }"/>
         <property name="platform" value="Linux"/>
      </properties>
      <testcase name="Test Cases/Day-02/Cogmento/CreateContact" time="39.548" classname="Test Cases/Day-02/Cogmento/CreateContact" status="PASSED">
         <system-out><![CDATA[2023-06-08 09:57:18 - [TEST_CASE][PASSED] - Test Cases/Day-02/Cogmento/CreateContact: Test Cases/Day-02/Cogmento/CreateContact

2023-06-08 09:57:18 - [TEST_STEP][PASSED] - Start listener action : maximize: Current window maximized

2023-06-08 09:57:18 - [TEST_STEP][PASSED] - maximizeWindow(): Current window maximized

2023-06-08 09:57:19 - [MESSAGE][PASSED] - Current window maximized

2023-06-08 09:57:19 - [TEST_STEP][PASSED] - navigateToUrl(URL): Navigate to 'https://ui.cogmento.com' successfully

2023-06-08 09:57:24 - [MESSAGE][PASSED] - Navigate to 'https://ui.cogmento.com' successfully

2023-06-08 09:57:24 - [TEST_STEP][PASSED] - username_object = "Object Repository/Day-02/Cogmento/createContact/input_Login_email": null

2023-06-08 09:57:24 - [TEST_STEP][PASSED] - password_object = "Object Repository/Day-02/Cogmento/createContact/input_Login_password": null

2023-06-08 09:57:24 - [TEST_STEP][PASSED] - loginBtn_object = "Object Repository/Day-02/Cogmento/createContact/div_Login": null

2023-06-08 09:57:24 - [TEST_STEP][PASSED] - com.LoginCogmento.Login(username_object, password_object, loginBtn_object, username, password): com.LoginCogmento.Login is PASSED

2023-06-08 09:57:25 - [MESSAGE][PASSED] - Text 'deep.p@simformsolutions.com' is set on object 'Object Repository/Day-02/Cogmento/createContact/input_Login_email'

2023-06-08 09:57:26 - [MESSAGE][PASSED] - Text 'Deep@123' is set on object 'Object Repository/Day-02/Cogmento/createContact/input_Login_password'

2023-06-08 09:57:27 - [MESSAGE][PASSED] - Object: 'Object Repository/Day-02/Cogmento/createContact/div_Login' is clicked on

2023-06-08 09:57:27 - [MESSAGE][PASSED] - com.LoginCogmento.Login is PASSED

2023-06-08 09:57:27 - [TEST_STEP][PASSED] - click(findTestObject("Object Repository/Day-02/Cogmento/createContact/i_Calendar_users icon")): Object: 'Object Repository/Day-02/Cogmento/createContact/i_Calendar_users icon' is clicked on

2023-06-08 09:57:31 - [MESSAGE][PASSED] - Object: 'Object Repository/Day-02/Cogmento/createContact/i_Calendar_users icon' is clicked on

2023-06-08 09:57:31 - [TEST_STEP][PASSED] - click(findTestObject("Object Repository/Day-02/Cogmento/createContact/button_Create")): Object: 'Object Repository/Day-02/Cogmento/createContact/button_Create' is clicked on

2023-06-08 09:57:33 - [MESSAGE][PASSED] - Object: 'Object Repository/Day-02/Cogmento/createContact/button_Create' is clicked on

2023-06-08 09:57:33 - [TEST_STEP][PASSED] - setText(findTestObject("Object Repository/Day-02/Cogmento/createContact/input_First Name_first_name"), firstName): Text 'Deep' is set on object 'Object Repository/Day-02/Cogmento/createContact/input_First Name_first_name'

2023-06-08 09:57:34 - [MESSAGE][PASSED] - Text 'Deep' is set on object 'Object Repository/Day-02/Cogmento/createContact/input_First Name_first_name'

2023-06-08 09:57:34 - [TEST_STEP][PASSED] - setText(findTestObject("Object Repository/Day-02/Cogmento/createContact/input_Last Name_last_name"), lastName): Text 'Patel' is set on object 'Object Repository/Day-02/Cogmento/createContact/input_Last Name_last_name'

2023-06-08 09:57:36 - [MESSAGE][PASSED] - Text 'Patel' is set on object 'Object Repository/Day-02/Cogmento/createContact/input_Last Name_last_name'

2023-06-08 09:57:36 - [TEST_STEP][PASSED] - setText(findTestObject("Object Repository/Day-02/Cogmento/createContact/input_Company_search"), company): Text 'Simform' is set on object 'Object Repository/Day-02/Cogmento/createContact/input_Company_search'

2023-06-08 09:57:37 - [MESSAGE][INFO] - Unable to find the element located by 'By.xpath: //input[@value='Simform']'. Please recheck the objects properties to make sure the desired element is located. 

2023-06-08 09:57:37 - [MESSAGE][WARNING] - [SELF-HEALING] Failed to find element with id 'Object Repository/Day-02/Cogmento/createContact/input_Company_search'. Try using Self-healing.

2023-06-08 09:57:37 - [MESSAGE][WARNING] - [SELF-HEALING] The current locator of test object 'Object Repository/Day-02/Cogmento/createContact/input_Company_search' was broken. Propose an alternative one: '//div[@id='main-content']/div/div[2]/form/div[2]/div[2]/div/div/input'.

2023-06-08 09:57:38 - [MESSAGE][INFO] - Unable to find the element located by 'By.xpath: //input[@value='Simform']'. Please recheck the objects properties to make sure the desired element is located. 

2023-06-08 09:57:38 - [MESSAGE][WARNING] - [SELF-HEALING] Failed to find element with id 'Object Repository/Day-02/Cogmento/createContact/input_Company_search'. Try using Self-healing.

2023-06-08 09:57:39 - [MESSAGE][WARNING] - [SELF-HEALING] The current locator of test object 'Object Repository/Day-02/Cogmento/createContact/input_Company_search' was broken. Propose an alternative one: '//div[@id='main-content']/div/div[2]/form/div[2]/div[2]/div/div/input'.

2023-06-08 09:57:39 - [MESSAGE][PASSED] - Text 'Simform' is set on object 'Object Repository/Day-02/Cogmento/createContact/input_Company_search'

2023-06-08 09:57:39 - [TEST_STEP][PASSED] - setText(findTestObject("Object Repository/Day-02/Cogmento/createContact/input_Email_value"), mailId): Text 'deep@gmail.com' is set on object 'Object Repository/Day-02/Cogmento/createContact/input_Email_value'

2023-06-08 09:57:41 - [MESSAGE][PASSED] - Text 'deep@gmail.com' is set on object 'Object Repository/Day-02/Cogmento/createContact/input_Email_value'

2023-06-08 09:57:41 - [TEST_STEP][PASSED] - click(findTestObject("Object Repository/Day-02/Cogmento/createContact/div_SelectLeadCustomerContactAffiliate")): Object: 'Object Repository/Day-02/Cogmento/createContact/div_SelectLeadCustomerContactAffiliate' is clicked on

2023-06-08 09:57:41 - [MESSAGE][PASSED] - Object: 'Object Repository/Day-02/Cogmento/createContact/div_SelectLeadCustomerContactAffiliate' is clicked on

2023-06-08 09:57:41 - [TEST_STEP][PASSED] - click(findTestObject("Object Repository/Day-02/Cogmento/createContact/div_Customer")): Object: 'Object Repository/Day-02/Cogmento/createContact/div_Customer' is clicked on

2023-06-08 09:57:42 - [MESSAGE][PASSED] - Object: 'Object Repository/Day-02/Cogmento/createContact/div_Customer' is clicked on

2023-06-08 09:57:42 - [TEST_STEP][PASSED] - click(findTestObject("Object Repository/Day-02/Cogmento/createContact/div_SelectNewActiveInactiveOn HoldTerminatedHot")): Object: 'Object Repository/Day-02/Cogmento/createContact/div_SelectNewActiveInactiveOn HoldTerminatedHot' is clicked on

2023-06-08 09:57:42 - [MESSAGE][PASSED] - Object: 'Object Repository/Day-02/Cogmento/createContact/div_SelectNewActiveInactiveOn HoldTerminatedHot' is clicked on

2023-06-08 09:57:42 - [TEST_STEP][PASSED] - click(findTestObject("Object Repository/Day-02/Cogmento/createContact/div_New")): Object: 'Object Repository/Day-02/Cogmento/createContact/div_New' is clicked on

2023-06-08 09:57:43 - [MESSAGE][PASSED] - Object: 'Object Repository/Day-02/Cogmento/createContact/div_New' is clicked on

2023-06-08 09:57:43 - [TEST_STEP][PASSED] - setText(findTestObject("Object Repository/Day-02/Cogmento/createContact/textarea_deep"), firstName + " " + lastName): Text 'Deep Patel' is set on object 'Object Repository/Day-02/Cogmento/createContact/textarea_deep'

2023-06-08 09:57:44 - [MESSAGE][PASSED] - Text 'Deep Patel' is set on object 'Object Repository/Day-02/Cogmento/createContact/textarea_deep'

2023-06-08 09:57:44 - [TEST_STEP][PASSED] - click(findTestObject("Object Repository/Day-02/Cogmento/createContact/label_Do not Text")): Object: 'Object Repository/Day-02/Cogmento/createContact/label_Do not Text' is clicked on

2023-06-08 09:57:45 - [MESSAGE][PASSED] - Object: 'Object Repository/Day-02/Cogmento/createContact/label_Do not Text' is clicked on

2023-06-08 09:57:45 - [TEST_STEP][PASSED] - setText(findTestObject("Object Repository/Day-02/Cogmento/createContact/input_Birthday_day"), "22"): Text '22' is set on object 'Object Repository/Day-02/Cogmento/createContact/input_Birthday_day'

2023-06-08 09:57:46 - [MESSAGE][PASSED] - Text '22' is set on object 'Object Repository/Day-02/Cogmento/createContact/input_Birthday_day'

2023-06-08 09:57:46 - [TEST_STEP][PASSED] - setText(findTestObject("Object Repository/Day-02/Cogmento/createContact/input_December_year"), "2002"): Text '2002' is set on object 'Object Repository/Day-02/Cogmento/createContact/input_December_year'

2023-06-08 09:57:47 - [MESSAGE][PASSED] - Text '2002' is set on object 'Object Repository/Day-02/Cogmento/createContact/input_December_year'

2023-06-08 09:57:47 - [TEST_STEP][PASSED] - click(findTestObject("Object Repository/Day-02/Cogmento/createContact/div_Month JanuaryFebruaryMarchAprilMayJuneJ_b508fe")): Object: 'Object Repository/Day-02/Cogmento/createContact/div_Month JanuaryFebruaryMarchAprilMayJuneJ_b508fe' is clicked on

2023-06-08 09:57:47 - [MESSAGE][PASSED] - Object: 'Object Repository/Day-02/Cogmento/createContact/div_Month JanuaryFebruaryMarchAprilMayJuneJ_b508fe' is clicked on

2023-06-08 09:57:47 - [TEST_STEP][PASSED] - click(findTestObject("Object Repository/Day-02/Cogmento/createContact/span_December")): Object: 'Object Repository/Day-02/Cogmento/createContact/span_December' is clicked on

2023-06-08 09:57:48 - [MESSAGE][PASSED] - Object: 'Object Repository/Day-02/Cogmento/createContact/span_December' is clicked on

2023-06-08 09:57:48 - [TEST_STEP][PASSED] - setText(findTestObject("Object Repository/Day-02/Cogmento/createContact/input_Image_image"), "/home/deep/Pictures/Wallpapers/Simform_Wallpaper4.png"): Text '/home/deep/Pictures/Wallpapers/Simform_Wallpaper4.png' is set on object 'Object Repository/Day-02/Cogmento/createContact/input_Image_image'

2023-06-08 09:57:49 - [MESSAGE][PASSED] - Text '/home/deep/Pictures/Wallpapers/Simform_Wallpaper4.png' is set on object 'Object Repository/Day-02/Cogmento/createContact/input_Image_image'

2023-06-08 09:57:49 - [TEST_STEP][PASSED] - click(findTestObject("Object Repository/Day-02/Cogmento/createContact/input_Identifier_identifier")): Object: 'Object Repository/Day-02/Cogmento/createContact/input_Identifier_identifier' is clicked on

2023-06-08 09:57:49 - [MESSAGE][PASSED] - Object: 'Object Repository/Day-02/Cogmento/createContact/input_Identifier_identifier' is clicked on

2023-06-08 09:57:49 - [TEST_STEP][PASSED] - click(findTestObject("Object Repository/Day-02/Cogmento/createContact/button_Save")): Object: 'Object Repository/Day-02/Cogmento/createContact/button_Save' is clicked on

2023-06-08 09:57:50 - [MESSAGE][PASSED] - Object: 'Object Repository/Day-02/Cogmento/createContact/button_Save' is clicked on

2023-06-08 09:57:50 - [TEST_STEP][PASSED] - click(findTestObject("Object Repository/Day-02/Cogmento/createContact/i_Home_home icon")): Object: 'Object Repository/Day-02/Cogmento/createContact/i_Home_home icon' is clicked on

2023-06-08 09:57:52 - [MESSAGE][PASSED] - Object: 'Object Repository/Day-02/Cogmento/createContact/i_Home_home icon' is clicked on

2023-06-08 09:57:52 - [TEST_STEP][PASSED] - click(findTestObject("Object Repository/Day-02/Cogmento/createContact/a_Deep Patel")): Object: 'Object Repository/Day-02/Cogmento/createContact/a_Deep Patel' is clicked on

2023-06-08 09:57:54 - [MESSAGE][PASSED] - Object: 'Object Repository/Day-02/Cogmento/createContact/a_Deep Patel' is clicked on

2023-06-08 09:57:54 - [TEST_STEP][PASSED] - click(findTestObject("Object Repository/Day-02/Cogmento/createContact/div_Record meta data")): Object: 'Object Repository/Day-02/Cogmento/createContact/div_Record meta data' is clicked on

2023-06-08 09:57:57 - [MESSAGE][PASSED] - Object: 'Object Repository/Day-02/Cogmento/createContact/div_Record meta data' is clicked on

2023-06-08 09:57:57 - [TEST_STEP][PASSED] - Start listener action : assertmessage: null

2023-06-08 09:57:57 - [TEST_STEP][PASSED] - println("Testcase Run successfully."): null]]></system-out>
         <system-err><![CDATA[]]></system-err>
      </testcase>
      <testcase name="Test Cases/Day-02/Cogmento/updateContact" time="28.879" classname="Test Cases/Day-02/Cogmento/updateContact" status="PASSED">
         <system-out><![CDATA[2023-06-08 09:57:57 - [TEST_CASE][PASSED] - Test Cases/Day-02/Cogmento/updateContact: Test Cases/Day-02/Cogmento/updateContact

2023-06-08 09:57:57 - [TEST_STEP][PASSED] - Start listener action : maximize: Current window maximized

2023-06-08 09:57:57 - [TEST_STEP][PASSED] - maximizeWindow(): Current window maximized

2023-06-08 09:57:57 - [MESSAGE][PASSED] - Current window maximized

2023-06-08 09:57:58 - [TEST_STEP][PASSED] - navigateToUrl("https://ui.cogmento.com/"): Navigate to 'https://ui.cogmento.com/' successfully

2023-06-08 09:57:59 - [MESSAGE][PASSED] - Navigate to 'https://ui.cogmento.com/' successfully

2023-06-08 09:57:59 - [TEST_STEP][PASSED] - username_object = "Object Repository/Day-02/Cogmento/createContact/input_Login_email": null

2023-06-08 09:57:59 - [TEST_STEP][PASSED] - password_object = "Object Repository/Day-02/Cogmento/createContact/input_Login_password": null

2023-06-08 09:57:59 - [TEST_STEP][PASSED] - loginBtn_object = "Object Repository/Day-02/Cogmento/createContact/div_Login": null

2023-06-08 09:57:59 - [TEST_STEP][PASSED] - com.LoginCogmento.Login(username_object, password_object, loginBtn_object, username, password): com.LoginCogmento.Login is PASSED

2023-06-08 09:58:02 - [MESSAGE][INFO] - Unable to find the element located by 'By.xpath: //input[@name='email']'. Please recheck the objects properties to make sure the desired element is located. 

2023-06-08 09:58:02 - [MESSAGE][WARNING] - [SELF-HEALING] Failed to find element with id 'Object Repository/Day-02/Cogmento/createContact/input_Login_email'. Try using Self-healing.

2023-06-08 09:58:02 - [MESSAGE][INFO] - [SELF-HEALING] Failed Locator: '//input[@name='email']'.

2023-06-08 09:58:02 - [MESSAGE][INFO] - [SELF-HEALING] Failed Locator: '//div[@id='ui']/div/div/form/div/div/div/input'.

2023-06-08 09:58:03 - [MESSAGE][INFO] - [SELF-HEALING] Working Locator: '//input'.

2023-06-08 09:58:04 - [MESSAGE][INFO] - [SELF-HEALING] Screenshot: /home/deep/git/KatalonProject/Reports/Self-healing/Object Repository/Day-02/Cogmento/createContact/input_Login_email_position.png

2023-06-08 09:58:04 - [MESSAGE][WARNING] - [SELF-HEALING] The current locator of test object 'Object Repository/Day-02/Cogmento/createContact/input_Login_email' was broken. Propose an alternative one: '//input'.

2023-06-08 09:58:05 - [MESSAGE][INFO] - Unable to find the element located by 'By.xpath: //input[@name='email']'. Please recheck the objects properties to make sure the desired element is located. 

2023-06-08 09:58:05 - [MESSAGE][WARNING] - [SELF-HEALING] Failed to find element with id 'Object Repository/Day-02/Cogmento/createContact/input_Login_email'. Try using Self-healing.

2023-06-08 09:58:05 - [MESSAGE][WARNING] - [SELF-HEALING] The current locator of test object 'Object Repository/Day-02/Cogmento/createContact/input_Login_email' was broken. Propose an alternative one: '//input'.

2023-06-08 09:58:06 - [MESSAGE][PASSED] - Text 'deep.p@simformsolutions.com' is set on object 'Object Repository/Day-02/Cogmento/createContact/input_Login_email'

2023-06-08 09:58:07 - [MESSAGE][INFO] - Unable to find the element located by 'By.xpath: //input[@name='password']'. Please recheck the objects properties to make sure the desired element is located. 

2023-06-08 09:58:07 - [MESSAGE][WARNING] - [SELF-HEALING] Failed to find element with id 'Object Repository/Day-02/Cogmento/createContact/input_Login_password'. Try using Self-healing.

2023-06-08 09:58:07 - [MESSAGE][INFO] - [SELF-HEALING] Failed Locator: '//input[@name='password']'.

2023-06-08 09:58:08 - [MESSAGE][INFO] - [SELF-HEALING] Failed Locator: '//div[@id='ui']/div/div/form/div/div[2]/div/input'.

2023-06-08 09:58:08 - [MESSAGE][INFO] - [SELF-HEALING] Working Locator: '//div[2]/div/input'.

2023-06-08 09:58:08 - [MESSAGE][INFO] - [SELF-HEALING] Screenshot: /home/deep/git/KatalonProject/Reports/Self-healing/Object Repository/Day-02/Cogmento/createContact/input_Login_password_position.png

2023-06-08 09:58:08 - [MESSAGE][WARNING] - [SELF-HEALING] The current locator of test object 'Object Repository/Day-02/Cogmento/createContact/input_Login_password' was broken. Propose an alternative one: '//div[2]/div/input'.

2023-06-08 09:58:09 - [MESSAGE][INFO] - Unable to find the element located by 'By.xpath: //input[@name='password']'. Please recheck the objects properties to make sure the desired element is located. 

2023-06-08 09:58:09 - [MESSAGE][WARNING] - [SELF-HEALING] Failed to find element with id 'Object Repository/Day-02/Cogmento/createContact/input_Login_password'. Try using Self-healing.

2023-06-08 09:58:10 - [MESSAGE][WARNING] - [SELF-HEALING] The current locator of test object 'Object Repository/Day-02/Cogmento/createContact/input_Login_password' was broken. Propose an alternative one: '//div[2]/div/input'.

2023-06-08 09:58:10 - [MESSAGE][PASSED] - Text 'Deep@123' is set on object 'Object Repository/Day-02/Cogmento/createContact/input_Login_password'

2023-06-08 09:58:11 - [MESSAGE][INFO] - Unable to find the element located by 'By.xpath: //div[@id='ui']/div/div/form/div/div[3]'. Please recheck the objects properties to make sure the desired element is located. 

2023-06-08 09:58:11 - [MESSAGE][WARNING] - [SELF-HEALING] Failed to find element with id 'Object Repository/Day-02/Cogmento/createContact/div_Login'. Try using Self-healing.

2023-06-08 09:58:11 - [MESSAGE][INFO] - [SELF-HEALING] Failed Locator: '//div[@id='ui']/div/div/form/div/div[3]'.

2023-06-08 09:58:12 - [MESSAGE][INFO] - [SELF-HEALING] Failed Locator: '(.//*[normalize-space(text()) and normalize-space(.)='Forgot your password?'])[1]/preceding::div[1]'.

2023-06-08 09:58:12 - [MESSAGE][INFO] - [SELF-HEALING] Failed Locator: '//*/text()[normalize-space(.)='Login']/parent::*'.

2023-06-08 09:58:12 - [MESSAGE][INFO] - [SELF-HEALING] Working Locator: '//div/div[3]'.

2023-06-08 09:58:12 - [MESSAGE][INFO] - [SELF-HEALING] Screenshot: /home/deep/git/KatalonProject/Reports/Self-healing/Object Repository/Day-02/Cogmento/createContact/div_Login_position.png

2023-06-08 09:58:13 - [MESSAGE][WARNING] - [SELF-HEALING] The current locator of test object 'Object Repository/Day-02/Cogmento/createContact/div_Login' was broken. Propose an alternative one: '//div/div[3]'.

2023-06-08 09:58:13 - [MESSAGE][PASSED] - Object: 'Object Repository/Day-02/Cogmento/createContact/div_Login' is clicked on

2023-06-08 09:58:13 - [MESSAGE][PASSED] - com.LoginCogmento.Login is PASSED

2023-06-08 09:58:13 - [TEST_STEP][PASSED] - click(findTestObject("Object Repository/Day-02/Cogmento/updateContact/a_Deep Patel")): Object: 'Object Repository/Day-02/Cogmento/updateContact/a_Deep Patel' is clicked on

2023-06-08 09:58:14 - [MESSAGE][INFO] - Unable to find the element located by 'By.xpath: //div[@id='main-content']/div/div/div/div/div[2]/div/div/div/div/div[2]/div[2]/div/span/a'. Please recheck the objects properties to make sure the desired element is located. 

2023-06-08 09:58:14 - [MESSAGE][WARNING] - [SELF-HEALING] Failed to find element with id 'Object Repository/Day-02/Cogmento/updateContact/a_Deep Patel'. Try using Self-healing.

2023-06-08 09:58:14 - [MESSAGE][INFO] - [SELF-HEALING] Failed Locator: '//div[@id='main-content']/div/div/div/div/div[2]/div/div/div/div/div[2]/div[2]/div/span/a'.

2023-06-08 09:58:15 - [MESSAGE][INFO] - [SELF-HEALING] Working Locator: '//a[contains(text(),'Deep Patel')]'.

2023-06-08 09:58:15 - [MESSAGE][INFO] - [SELF-HEALING] Screenshot: /home/deep/git/KatalonProject/Reports/Self-healing/Object Repository/Day-02/Cogmento/updateContact/a_Deep Patel_link.png

2023-06-08 09:58:15 - [MESSAGE][WARNING] - [SELF-HEALING] The current locator of test object 'Object Repository/Day-02/Cogmento/updateContact/a_Deep Patel' was broken. Propose an alternative one: '//a[contains(text(),'Deep Patel')]'.

2023-06-08 09:58:15 - [MESSAGE][PASSED] - Object: 'Object Repository/Day-02/Cogmento/updateContact/a_Deep Patel' is clicked on

2023-06-08 09:58:15 - [TEST_STEP][PASSED] - click(findTestObject("Object Repository/Day-02/Cogmento/updateContact/button_Deep Patel_ui icon button")): Object: 'Object Repository/Day-02/Cogmento/updateContact/button_Deep Patel_ui icon button' is clicked on

2023-06-08 09:58:17 - [MESSAGE][PASSED] - Object: 'Object Repository/Day-02/Cogmento/updateContact/button_Deep Patel_ui icon button' is clicked on

2023-06-08 09:58:17 - [TEST_STEP][PASSED] - clearText(findTestObject("Object Repository/Day-02/Cogmento/updateContact/input_Middle Name(s)_middle_name")): Text of object 'Object Repository/Day-02/Cogmento/updateContact/input_Middle Name(s)_middle_name' is cleared

2023-06-08 09:58:18 - [MESSAGE][PASSED] - Text of object 'Object Repository/Day-02/Cogmento/updateContact/input_Middle Name(s)_middle_name' is cleared

2023-06-08 09:58:18 - [TEST_STEP][PASSED] - setText(findTestObject("Object Repository/Day-02/Cogmento/updateContact/input_Middle Name(s)_middle_name"), "Rakeshbhai"): Text 'Rakeshbhai' is set on object 'Object Repository/Day-02/Cogmento/updateContact/input_Middle Name(s)_middle_name'

2023-06-08 09:58:19 - [MESSAGE][PASSED] - Text 'Rakeshbhai' is set on object 'Object Repository/Day-02/Cogmento/updateContact/input_Middle Name(s)_middle_name'

2023-06-08 09:58:19 - [TEST_STEP][PASSED] - click(findTestObject("Object Repository/Day-02/Cogmento/updateContact/i_Public_unlock icon")): Object: 'Object Repository/Day-02/Cogmento/updateContact/i_Public_unlock icon' is clicked on

2023-06-08 09:58:20 - [MESSAGE][PASSED] - Object: 'Object Repository/Day-02/Cogmento/updateContact/i_Public_unlock icon' is clicked on

2023-06-08 09:58:20 - [TEST_STEP][PASSED] - sendKeys(findTestObject("Object Repository/Day-02/Cogmento/updateContact/input_Tags_search"), Keys.chord(ENTER)): Keys 'ENTER + ' sent to object: 'Object Repository/Day-02/Cogmento/updateContact/input_Tags_search'

2023-06-08 09:58:21 - [MESSAGE][INFO] - Unable to find the element located by 'By.xpath: //input[@value='tester']'. Please recheck the objects properties to make sure the desired element is located. 

2023-06-08 09:58:21 - [MESSAGE][WARNING] - [SELF-HEALING] Failed to find element with id 'Object Repository/Day-02/Cogmento/updateContact/input_Tags_search'. Try using Self-healing.

2023-06-08 09:58:21 - [MESSAGE][WARNING] - [SELF-HEALING] The current locator of test object 'Object Repository/Day-02/Cogmento/updateContact/input_Tags_search' was broken. Propose an alternative one: '//div[@id='main-content']/div/div[2]/form/div[3]/div[2]/div/label[2]/div/input'.

2023-06-08 09:58:21 - [MESSAGE][PASSED] - Keys 'ENTER + ' sent to object: 'Object Repository/Day-02/Cogmento/updateContact/input_Tags_search'

2023-06-08 09:58:21 - [TEST_STEP][PASSED] - click(findTestObject("Object Repository/Day-02/Cogmento/updateContact/div_testerNo results found")): Object: 'Object Repository/Day-02/Cogmento/updateContact/div_testerNo results found' is clicked on

2023-06-08 09:58:22 - [MESSAGE][PASSED] - Object: 'Object Repository/Day-02/Cogmento/updateContact/div_testerNo results found' is clicked on

2023-06-08 09:58:22 - [TEST_STEP][PASSED] - click(findTestObject("Object Repository/Day-02/Cogmento/updateContact/label_Do not Call")): Object: 'Object Repository/Day-02/Cogmento/updateContact/label_Do not Call' is clicked on

2023-06-08 09:58:22 - [MESSAGE][PASSED] - Object: 'Object Repository/Day-02/Cogmento/updateContact/label_Do not Call' is clicked on

2023-06-08 09:58:22 - [TEST_STEP][PASSED] - click(findTestObject("Object Repository/Day-02/Cogmento/updateContact/label_Do not Email")): Object: 'Object Repository/Day-02/Cogmento/updateContact/label_Do not Email' is clicked on

2023-06-08 09:58:23 - [MESSAGE][PASSED] - Object: 'Object Repository/Day-02/Cogmento/updateContact/label_Do not Email' is clicked on

2023-06-08 09:58:23 - [TEST_STEP][PASSED] - click(findTestObject("Object Repository/Day-02/Cogmento/updateContact/button_Save")): Object: 'Object Repository/Day-02/Cogmento/updateContact/button_Save' is clicked on

2023-06-08 09:58:23 - [MESSAGE][PASSED] - Object: 'Object Repository/Day-02/Cogmento/updateContact/button_Save' is clicked on

2023-06-08 09:58:23 - [TEST_STEP][PASSED] - click(findTestObject("Object Repository/Day-02/Cogmento/updateContact/div_AccessOnly you can see this record")): Object: 'Object Repository/Day-02/Cogmento/updateContact/div_AccessOnly you can see this record' is clicked on

2023-06-08 09:58:25 - [MESSAGE][PASSED] - Object: 'Object Repository/Day-02/Cogmento/updateContact/div_AccessOnly you can see this record' is clicked on

2023-06-08 09:58:25 - [TEST_STEP][PASSED] - click(findTestObject("Object Repository/Day-02/Cogmento/updateContact/div_Do not CallYes")): Object: 'Object Repository/Day-02/Cogmento/updateContact/div_Do not CallYes' is clicked on

2023-06-08 09:58:25 - [MESSAGE][PASSED] - Object: 'Object Repository/Day-02/Cogmento/updateContact/div_Do not CallYes' is clicked on

2023-06-08 09:58:25 - [TEST_STEP][PASSED] - click(findTestObject("Object Repository/Day-02/Cogmento/updateContact/div_Do not Text")): Object: 'Object Repository/Day-02/Cogmento/updateContact/div_Do not Text' is clicked on

2023-06-08 09:58:26 - [MESSAGE][PASSED] - Object: 'Object Repository/Day-02/Cogmento/updateContact/div_Do not Text' is clicked on

2023-06-08 09:58:26 - [TEST_STEP][PASSED] - click(findTestObject("Object Repository/Day-02/Cogmento/updateContact/div_Do not Email")): Object: 'Object Repository/Day-02/Cogmento/updateContact/div_Do not Email' is clicked on

2023-06-08 09:58:26 - [MESSAGE][PASSED] - Object: 'Object Repository/Day-02/Cogmento/updateContact/div_Do not Email' is clicked on

2023-06-08 09:58:26 - [TEST_STEP][PASSED] - Start listener action : assertmessage: null

2023-06-08 09:58:26 - [TEST_STEP][PASSED] - println("Testcase Run successfully."): null]]></system-out>
         <system-err><![CDATA[]]></system-err>
      </testcase>
      <testcase name="Test Cases/Day-02/Cogmento/deleteContact" time="14.507" classname="Test Cases/Day-02/Cogmento/deleteContact" status="PASSED">
         <system-out><![CDATA[2023-06-08 09:58:26 - [TEST_CASE][PASSED] - Test Cases/Day-02/Cogmento/deleteContact: Test Cases/Day-02/Cogmento/deleteContact

2023-06-08 09:58:26 - [TEST_STEP][PASSED] - Start listener action : maximize: Current window maximized

2023-06-08 09:58:26 - [TEST_STEP][PASSED] - maximizeWindow(): Current window maximized

2023-06-08 09:58:26 - [MESSAGE][PASSED] - Current window maximized

2023-06-08 09:58:26 - [TEST_STEP][PASSED] - navigateToUrl("https://ui.cogmento.com/"): Navigate to 'https://ui.cogmento.com/' successfully

2023-06-08 09:58:28 - [MESSAGE][PASSED] - Navigate to 'https://ui.cogmento.com/' successfully

2023-06-08 09:58:28 - [TEST_STEP][PASSED] - username_object = "Object Repository/Day-02/Cogmento/createContact/input_Login_email": null

2023-06-08 09:58:28 - [TEST_STEP][PASSED] - password_object = "Object Repository/Day-02/Cogmento/createContact/input_Login_password": null

2023-06-08 09:58:28 - [TEST_STEP][PASSED] - loginBtn_object = "Object Repository/Day-02/Cogmento/createContact/div_Login": null

2023-06-08 09:58:28 - [TEST_STEP][PASSED] - com.LoginCogmento.Login(username_object, password_object, loginBtn_object, username, password): com.LoginCogmento.Login is PASSED

2023-06-08 09:58:30 - [MESSAGE][INFO] - Unable to find the element located by 'By.xpath: //input[@name='email']'. Please recheck the objects properties to make sure the desired element is located. 

2023-06-08 09:58:30 - [MESSAGE][WARNING] - [SELF-HEALING] Failed to find element with id 'Object Repository/Day-02/Cogmento/createContact/input_Login_email'. Try using Self-healing.

2023-06-08 09:58:31 - [MESSAGE][WARNING] - [SELF-HEALING] The current locator of test object 'Object Repository/Day-02/Cogmento/createContact/input_Login_email' was broken. Propose an alternative one: '//input'.

2023-06-08 09:58:32 - [MESSAGE][INFO] - Unable to find the element located by 'By.xpath: //input[@name='email']'. Please recheck the objects properties to make sure the desired element is located. 

2023-06-08 09:58:32 - [MESSAGE][WARNING] - [SELF-HEALING] Failed to find element with id 'Object Repository/Day-02/Cogmento/createContact/input_Login_email'. Try using Self-healing.

2023-06-08 09:58:32 - [MESSAGE][WARNING] - [SELF-HEALING] The current locator of test object 'Object Repository/Day-02/Cogmento/createContact/input_Login_email' was broken. Propose an alternative one: '//input'.

2023-06-08 09:58:32 - [MESSAGE][PASSED] - Text 'deep.p@simformsolutions.com' is set on object 'Object Repository/Day-02/Cogmento/createContact/input_Login_email'

2023-06-08 09:58:33 - [MESSAGE][INFO] - Unable to find the element located by 'By.xpath: //input[@name='password']'. Please recheck the objects properties to make sure the desired element is located. 

2023-06-08 09:58:33 - [MESSAGE][WARNING] - [SELF-HEALING] Failed to find element with id 'Object Repository/Day-02/Cogmento/createContact/input_Login_password'. Try using Self-healing.

2023-06-08 09:58:34 - [MESSAGE][WARNING] - [SELF-HEALING] The current locator of test object 'Object Repository/Day-02/Cogmento/createContact/input_Login_password' was broken. Propose an alternative one: '//div[2]/div/input'.

2023-06-08 09:58:35 - [MESSAGE][INFO] - Unable to find the element located by 'By.xpath: //input[@name='password']'. Please recheck the objects properties to make sure the desired element is located. 

2023-06-08 09:58:35 - [MESSAGE][WARNING] - [SELF-HEALING] Failed to find element with id 'Object Repository/Day-02/Cogmento/createContact/input_Login_password'. Try using Self-healing.

2023-06-08 09:58:35 - [MESSAGE][WARNING] - [SELF-HEALING] The current locator of test object 'Object Repository/Day-02/Cogmento/createContact/input_Login_password' was broken. Propose an alternative one: '//div[2]/div/input'.

2023-06-08 09:58:35 - [MESSAGE][PASSED] - Text 'Deep@123' is set on object 'Object Repository/Day-02/Cogmento/createContact/input_Login_password'

2023-06-08 09:58:37 - [MESSAGE][INFO] - Unable to find the element located by 'By.xpath: //div[@id='ui']/div/div/form/div/div[3]'. Please recheck the objects properties to make sure the desired element is located. 

2023-06-08 09:58:37 - [MESSAGE][WARNING] - [SELF-HEALING] Failed to find element with id 'Object Repository/Day-02/Cogmento/createContact/div_Login'. Try using Self-healing.

2023-06-08 09:58:37 - [MESSAGE][WARNING] - [SELF-HEALING] The current locator of test object 'Object Repository/Day-02/Cogmento/createContact/div_Login' was broken. Propose an alternative one: '//div/div[3]'.

2023-06-08 09:58:37 - [MESSAGE][PASSED] - Object: 'Object Repository/Day-02/Cogmento/createContact/div_Login' is clicked on

2023-06-08 09:58:37 - [MESSAGE][PASSED] - com.LoginCogmento.Login is PASSED

2023-06-08 09:58:37 - [TEST_STEP][PASSED] - click(findTestObject("Object Repository/Day-02/Cogmento/deleteContact/i_Calendar_users icon")): Object: 'Object Repository/Day-02/Cogmento/deleteContact/i_Calendar_users icon' is clicked on

2023-06-08 09:58:38 - [MESSAGE][PASSED] - Object: 'Object Repository/Day-02/Cogmento/deleteContact/i_Calendar_users icon' is clicked on

2023-06-08 09:58:38 - [TEST_STEP][PASSED] - click(findTestObject("Object Repository/Day-02/Cogmento/deleteContact/i_deepgmail.com_trash icon")): Object: 'Object Repository/Day-02/Cogmento/deleteContact/i_deepgmail.com_trash icon' is clicked on

2023-06-08 09:58:38 - [MESSAGE][PASSED] - Object: 'Object Repository/Day-02/Cogmento/deleteContact/i_deepgmail.com_trash icon' is clicked on

2023-06-08 09:58:38 - [TEST_STEP][PASSED] - click(findTestObject("Object Repository/Day-02/Cogmento/deleteContact/button_Delete")): Object: 'Object Repository/Day-02/Cogmento/deleteContact/button_Delete' is clicked on

2023-06-08 09:58:39 - [MESSAGE][PASSED] - Object: 'Object Repository/Day-02/Cogmento/deleteContact/button_Delete' is clicked on

2023-06-08 09:58:39 - [TEST_STEP][PASSED] - click(findTestObject("Object Repository/Day-02/Cogmento/deleteContact/td")): Object: 'Object Repository/Day-02/Cogmento/deleteContact/td' is clicked on

2023-06-08 09:58:41 - [MESSAGE][PASSED] - Object: 'Object Repository/Day-02/Cogmento/deleteContact/td' is clicked on

2023-06-08 09:58:41 - [TEST_STEP][PASSED] - Start listener action : assertmessage: null

2023-06-08 09:58:41 - [TEST_STEP][PASSED] - println("Testcase Run successfully."): null]]></system-out>
         <system-err><![CDATA[]]></system-err>
      </testcase>
      <system-out><![CDATA[2023-06-08 09:57:14 - [TEST_SUITE][PASSED] - createUpdateDeleteContact: Test Cases/Day-02/Cogmento/deleteContact]]></system-out>
      <system-err><![CDATA[]]></system-err>
   </testsuite>
</testsuites>
