<?xml version="1.0" encoding="UTF-8"?>
<testsuites name="createDeleteContact" time="63.651" tests="2" failures="0" errors="0">
   <testsuite name="createDeleteContact" tests="2" failures="0" errors="0" time="63.651" skipped="0" timestamp="2023-06-08 09:57:14" hostname="deep - SF-CPU-460" id="Test Suites/Day-02/Cogmento/createDeleteContact">
      <properties>
         <property name="deviceName" value=""/>
         <property name="devicePlatform" value=""/>
         <property name="logFolder" value="/home/deep/git/KatalonProject/Reports/20230608_095702/Day-02/Cogmento/createDeleteContact/20230608_095705"/>
         <property name="logFiles" value="/home/deep/git/KatalonProject/Reports/20230608_095702/Day-02/Cogmento/createDeleteContact/20230608_095705/execution0.log"/>
         <property name="attachments" value=""/>
         <property name="hostName" value="deep - SF-CPU-460"/>
         <property name="os" value="Linux 64bit"/>
         <property name="katalonVersion" value="8.6.0.208"/>
         <property name="browser" value="Chrome 109.0.0.0"/>
         <property name="hostAddress" value="127.0.1.1"/>
         <property name="sessionId" value="310d0b2f2ec91c889aa51f0189dc176c"/>
         <property name="seleniumVersion" value="3.141.59"/>
         <property name="proxyInformation" value="ProxyInformation { proxyOption=NO_PROXY, proxyServerType=HTTP, username=, password=********, proxyServerAddress=, proxyServerPort=0, executionList=&quot;&quot;, isApplyToDesiredCapabilities=true }"/>
         <property name="platform" value="Linux"/>
      </properties>
      <testcase name="Test Cases/Day-02/Cogmento/CreateContact" time="40.356" classname="Test Cases/Day-02/Cogmento/CreateContact" status="PASSED">
         <system-out><![CDATA[2023-06-08 09:57:19 - [TEST_CASE][PASSED] - Test Cases/Day-02/Cogmento/CreateContact: Test Cases/Day-02/Cogmento/CreateContact

2023-06-08 09:57:19 - [TEST_STEP][PASSED] - Start listener action : maximize: Current window maximized

2023-06-08 09:57:19 - [TEST_STEP][PASSED] - maximizeWindow(): Current window maximized

2023-06-08 09:57:19 - [MESSAGE][PASSED] - Current window maximized

2023-06-08 09:57:20 - [TEST_STEP][PASSED] - navigateToUrl(URL): Navigate to 'https://ui.cogmento.com' successfully

2023-06-08 09:57:24 - [MESSAGE][PASSED] - Navigate to 'https://ui.cogmento.com' successfully

2023-06-08 09:57:24 - [TEST_STEP][PASSED] - username_object = "Object Repository/Day-02/Cogmento/createContact/input_Login_email": null

2023-06-08 09:57:24 - [TEST_STEP][PASSED] - password_object = "Object Repository/Day-02/Cogmento/createContact/input_Login_password": null

2023-06-08 09:57:24 - [TEST_STEP][PASSED] - loginBtn_object = "Object Repository/Day-02/Cogmento/createContact/div_Login": null

2023-06-08 09:57:24 - [TEST_STEP][PASSED] - com.LoginCogmento.Login(username_object, password_object, loginBtn_object, username, password): com.LoginCogmento.Login is PASSED

2023-06-08 09:57:26 - [MESSAGE][PASSED] - Text 'deep.p@simformsolutions.com' is set on object 'Object Repository/Day-02/Cogmento/createContact/input_Login_email'

2023-06-08 09:57:27 - [MESSAGE][PASSED] - Text 'Deep@123' is set on object 'Object Repository/Day-02/Cogmento/createContact/input_Login_password'

2023-06-08 09:57:27 - [MESSAGE][PASSED] - Object: 'Object Repository/Day-02/Cogmento/createContact/div_Login' is clicked on

2023-06-08 09:57:27 - [MESSAGE][PASSED] - com.LoginCogmento.Login is PASSED

2023-06-08 09:57:27 - [TEST_STEP][PASSED] - click(findTestObject("Object Repository/Day-02/Cogmento/createContact/i_Calendar_users icon")): Object: 'Object Repository/Day-02/Cogmento/createContact/i_Calendar_users icon' is clicked on

2023-06-08 09:57:32 - [MESSAGE][PASSED] - Object: 'Object Repository/Day-02/Cogmento/createContact/i_Calendar_users icon' is clicked on

2023-06-08 09:57:32 - [TEST_STEP][PASSED] - click(findTestObject("Object Repository/Day-02/Cogmento/createContact/button_Create")): Object: 'Object Repository/Day-02/Cogmento/createContact/button_Create' is clicked on

2023-06-08 09:57:33 - [MESSAGE][PASSED] - Object: 'Object Repository/Day-02/Cogmento/createContact/button_Create' is clicked on

2023-06-08 09:57:33 - [TEST_STEP][PASSED] - setText(findTestObject("Object Repository/Day-02/Cogmento/createContact/input_First Name_first_name"), firstName): Text 'Deep' is set on object 'Object Repository/Day-02/Cogmento/createContact/input_First Name_first_name'

2023-06-08 09:57:35 - [MESSAGE][PASSED] - Text 'Deep' is set on object 'Object Repository/Day-02/Cogmento/createContact/input_First Name_first_name'

2023-06-08 09:57:35 - [TEST_STEP][PASSED] - setText(findTestObject("Object Repository/Day-02/Cogmento/createContact/input_Last Name_last_name"), lastName): Text 'Patel' is set on object 'Object Repository/Day-02/Cogmento/createContact/input_Last Name_last_name'

2023-06-08 09:57:36 - [MESSAGE][PASSED] - Text 'Patel' is set on object 'Object Repository/Day-02/Cogmento/createContact/input_Last Name_last_name'

2023-06-08 09:57:36 - [TEST_STEP][PASSED] - setText(findTestObject("Object Repository/Day-02/Cogmento/createContact/input_Company_search"), company): Text 'Simform' is set on object 'Object Repository/Day-02/Cogmento/createContact/input_Company_search'

2023-06-08 09:57:37 - [MESSAGE][INFO] - Unable to find the element located by 'By.xpath: //input[@value='Simform']'. Please recheck the objects properties to make sure the desired element is located. 

2023-06-08 09:57:37 - [MESSAGE][WARNING] - [SELF-HEALING] Failed to find element with id 'Object Repository/Day-02/Cogmento/createContact/input_Company_search'. Try using Self-healing.

2023-06-08 09:57:37 - [MESSAGE][WARNING] - [SELF-HEALING] The current locator of test object 'Object Repository/Day-02/Cogmento/createContact/input_Company_search' was broken. Propose an alternative one: '//div[@id='main-content']/div/div[2]/form/div[2]/div[2]/div/div/input'.

2023-06-08 09:57:39 - [MESSAGE][INFO] - Unable to find the element located by 'By.xpath: //input[@value='Simform']'. Please recheck the objects properties to make sure the desired element is located. 

2023-06-08 09:57:39 - [MESSAGE][WARNING] - [SELF-HEALING] Failed to find element with id 'Object Repository/Day-02/Cogmento/createContact/input_Company_search'. Try using Self-healing.

2023-06-08 09:57:39 - [MESSAGE][WARNING] - [SELF-HEALING] The current locator of test object 'Object Repository/Day-02/Cogmento/createContact/input_Company_search' was broken. Propose an alternative one: '//div[@id='main-content']/div/div[2]/form/div[2]/div[2]/div/div/input'.

2023-06-08 09:57:39 - [MESSAGE][PASSED] - Text 'Simform' is set on object 'Object Repository/Day-02/Cogmento/createContact/input_Company_search'

2023-06-08 09:57:39 - [TEST_STEP][PASSED] - setText(findTestObject("Object Repository/Day-02/Cogmento/createContact/input_Email_value"), mailId): Text 'deep@gmail.com' is set on object 'Object Repository/Day-02/Cogmento/createContact/input_Email_value'

2023-06-08 09:57:41 - [MESSAGE][PASSED] - Text 'deep@gmail.com' is set on object 'Object Repository/Day-02/Cogmento/createContact/input_Email_value'

2023-06-08 09:57:41 - [TEST_STEP][PASSED] - click(findTestObject("Object Repository/Day-02/Cogmento/createContact/div_SelectLeadCustomerContactAffiliate")): Object: 'Object Repository/Day-02/Cogmento/createContact/div_SelectLeadCustomerContactAffiliate' is clicked on

2023-06-08 09:57:42 - [MESSAGE][PASSED] - Object: 'Object Repository/Day-02/Cogmento/createContact/div_SelectLeadCustomerContactAffiliate' is clicked on

2023-06-08 09:57:42 - [TEST_STEP][PASSED] - click(findTestObject("Object Repository/Day-02/Cogmento/createContact/div_Customer")): Object: 'Object Repository/Day-02/Cogmento/createContact/div_Customer' is clicked on

2023-06-08 09:57:43 - [MESSAGE][PASSED] - Object: 'Object Repository/Day-02/Cogmento/createContact/div_Customer' is clicked on

2023-06-08 09:57:43 - [TEST_STEP][PASSED] - click(findTestObject("Object Repository/Day-02/Cogmento/createContact/div_SelectNewActiveInactiveOn HoldTerminatedHot")): Object: 'Object Repository/Day-02/Cogmento/createContact/div_SelectNewActiveInactiveOn HoldTerminatedHot' is clicked on

2023-06-08 09:57:43 - [MESSAGE][PASSED] - Object: 'Object Repository/Day-02/Cogmento/createContact/div_SelectNewActiveInactiveOn HoldTerminatedHot' is clicked on

2023-06-08 09:57:43 - [TEST_STEP][PASSED] - click(findTestObject("Object Repository/Day-02/Cogmento/createContact/div_New")): Object: 'Object Repository/Day-02/Cogmento/createContact/div_New' is clicked on

2023-06-08 09:57:44 - [MESSAGE][PASSED] - Object: 'Object Repository/Day-02/Cogmento/createContact/div_New' is clicked on

2023-06-08 09:57:44 - [TEST_STEP][PASSED] - setText(findTestObject("Object Repository/Day-02/Cogmento/createContact/textarea_deep"), firstName + " " + lastName): Text 'Deep Patel' is set on object 'Object Repository/Day-02/Cogmento/createContact/textarea_deep'

2023-06-08 09:57:45 - [MESSAGE][PASSED] - Text 'Deep Patel' is set on object 'Object Repository/Day-02/Cogmento/createContact/textarea_deep'

2023-06-08 09:57:45 - [TEST_STEP][PASSED] - click(findTestObject("Object Repository/Day-02/Cogmento/createContact/label_Do not Text")): Object: 'Object Repository/Day-02/Cogmento/createContact/label_Do not Text' is clicked on

2023-06-08 09:57:46 - [MESSAGE][PASSED] - Object: 'Object Repository/Day-02/Cogmento/createContact/label_Do not Text' is clicked on

2023-06-08 09:57:46 - [TEST_STEP][PASSED] - setText(findTestObject("Object Repository/Day-02/Cogmento/createContact/input_Birthday_day"), "22"): Text '22' is set on object 'Object Repository/Day-02/Cogmento/createContact/input_Birthday_day'

2023-06-08 09:57:46 - [MESSAGE][PASSED] - Text '22' is set on object 'Object Repository/Day-02/Cogmento/createContact/input_Birthday_day'

2023-06-08 09:57:46 - [TEST_STEP][PASSED] - setText(findTestObject("Object Repository/Day-02/Cogmento/createContact/input_December_year"), "2002"): Text '2002' is set on object 'Object Repository/Day-02/Cogmento/createContact/input_December_year'

2023-06-08 09:57:47 - [MESSAGE][PASSED] - Text '2002' is set on object 'Object Repository/Day-02/Cogmento/createContact/input_December_year'

2023-06-08 09:57:47 - [TEST_STEP][PASSED] - click(findTestObject("Object Repository/Day-02/Cogmento/createContact/div_Month JanuaryFebruaryMarchAprilMayJuneJ_b508fe")): Object: 'Object Repository/Day-02/Cogmento/createContact/div_Month JanuaryFebruaryMarchAprilMayJuneJ_b508fe' is clicked on

2023-06-08 09:57:48 - [MESSAGE][PASSED] - Object: 'Object Repository/Day-02/Cogmento/createContact/div_Month JanuaryFebruaryMarchAprilMayJuneJ_b508fe' is clicked on

2023-06-08 09:57:48 - [TEST_STEP][PASSED] - click(findTestObject("Object Repository/Day-02/Cogmento/createContact/span_December")): Object: 'Object Repository/Day-02/Cogmento/createContact/span_December' is clicked on

2023-06-08 09:57:48 - [MESSAGE][PASSED] - Object: 'Object Repository/Day-02/Cogmento/createContact/span_December' is clicked on

2023-06-08 09:57:48 - [TEST_STEP][PASSED] - setText(findTestObject("Object Repository/Day-02/Cogmento/createContact/input_Image_image"), "/home/deep/Pictures/Wallpapers/Simform_Wallpaper4.png"): Text '/home/deep/Pictures/Wallpapers/Simform_Wallpaper4.png' is set on object 'Object Repository/Day-02/Cogmento/createContact/input_Image_image'

2023-06-08 09:57:50 - [MESSAGE][PASSED] - Text '/home/deep/Pictures/Wallpapers/Simform_Wallpaper4.png' is set on object 'Object Repository/Day-02/Cogmento/createContact/input_Image_image'

2023-06-08 09:57:50 - [TEST_STEP][PASSED] - click(findTestObject("Object Repository/Day-02/Cogmento/createContact/input_Identifier_identifier")): Object: 'Object Repository/Day-02/Cogmento/createContact/input_Identifier_identifier' is clicked on

2023-06-08 09:57:50 - [MESSAGE][PASSED] - Object: 'Object Repository/Day-02/Cogmento/createContact/input_Identifier_identifier' is clicked on

2023-06-08 09:57:50 - [TEST_STEP][PASSED] - click(findTestObject("Object Repository/Day-02/Cogmento/createContact/button_Save")): Object: 'Object Repository/Day-02/Cogmento/createContact/button_Save' is clicked on

2023-06-08 09:57:51 - [MESSAGE][PASSED] - Object: 'Object Repository/Day-02/Cogmento/createContact/button_Save' is clicked on

2023-06-08 09:57:51 - [TEST_STEP][PASSED] - click(findTestObject("Object Repository/Day-02/Cogmento/createContact/i_Home_home icon")): Object: 'Object Repository/Day-02/Cogmento/createContact/i_Home_home icon' is clicked on

2023-06-08 09:57:54 - [MESSAGE][PASSED] - Object: 'Object Repository/Day-02/Cogmento/createContact/i_Home_home icon' is clicked on

2023-06-08 09:57:54 - [TEST_STEP][PASSED] - click(findTestObject("Object Repository/Day-02/Cogmento/createContact/a_Deep Patel")): Object: 'Object Repository/Day-02/Cogmento/createContact/a_Deep Patel' is clicked on

2023-06-08 09:57:57 - [MESSAGE][PASSED] - Object: 'Object Repository/Day-02/Cogmento/createContact/a_Deep Patel' is clicked on

2023-06-08 09:57:57 - [TEST_STEP][PASSED] - click(findTestObject("Object Repository/Day-02/Cogmento/createContact/div_Record meta data")): Object: 'Object Repository/Day-02/Cogmento/createContact/div_Record meta data' is clicked on

2023-06-08 09:57:59 - [MESSAGE][PASSED] - Object: 'Object Repository/Day-02/Cogmento/createContact/div_Record meta data' is clicked on

2023-06-08 09:57:59 - [TEST_STEP][PASSED] - Start listener action : assertmessage: null

2023-06-08 09:57:59 - [TEST_STEP][PASSED] - println("Testcase Run successfully."): null]]></system-out>
         <system-err><![CDATA[]]></system-err>
      </testcase>
      <testcase name="Test Cases/Day-02/Cogmento/deleteContact" time="18.499" classname="Test Cases/Day-02/Cogmento/deleteContact" status="PASSED">
         <system-out><![CDATA[2023-06-08 09:57:59 - [TEST_CASE][PASSED] - Test Cases/Day-02/Cogmento/deleteContact: Test Cases/Day-02/Cogmento/deleteContact

2023-06-08 09:57:59 - [TEST_STEP][PASSED] - Start listener action : maximize: Current window maximized

2023-06-08 09:57:59 - [TEST_STEP][PASSED] - maximizeWindow(): Current window maximized

2023-06-08 09:57:59 - [MESSAGE][PASSED] - Current window maximized

2023-06-08 09:58:00 - [TEST_STEP][PASSED] - navigateToUrl("https://ui.cogmento.com/"): Navigate to 'https://ui.cogmento.com/' successfully

2023-06-08 09:58:02 - [MESSAGE][PASSED] - Navigate to 'https://ui.cogmento.com/' successfully

2023-06-08 09:58:02 - [TEST_STEP][PASSED] - username_object = "Object Repository/Day-02/Cogmento/createContact/input_Login_email": null

2023-06-08 09:58:02 - [TEST_STEP][PASSED] - password_object = "Object Repository/Day-02/Cogmento/createContact/input_Login_password": null

2023-06-08 09:58:02 - [TEST_STEP][PASSED] - loginBtn_object = "Object Repository/Day-02/Cogmento/createContact/div_Login": null

2023-06-08 09:58:02 - [TEST_STEP][PASSED] - com.LoginCogmento.Login(username_object, password_object, loginBtn_object, username, password): com.LoginCogmento.Login is PASSED

2023-06-08 09:58:06 - [MESSAGE][INFO] - Unable to find the element located by 'By.xpath: //input[@name='email']'. Please recheck the objects properties to make sure the desired element is located. 

2023-06-08 09:58:06 - [MESSAGE][WARNING] - [SELF-HEALING] Failed to find element with id 'Object Repository/Day-02/Cogmento/createContact/input_Login_email'. Try using Self-healing.

2023-06-08 09:58:06 - [MESSAGE][WARNING] - [SELF-HEALING] The current locator of test object 'Object Repository/Day-02/Cogmento/createContact/input_Login_email' was broken. Propose an alternative one: '//input'.

2023-06-08 09:58:07 - [MESSAGE][INFO] - Unable to find the element located by 'By.xpath: //input[@name='email']'. Please recheck the objects properties to make sure the desired element is located. 

2023-06-08 09:58:07 - [MESSAGE][WARNING] - [SELF-HEALING] Failed to find element with id 'Object Repository/Day-02/Cogmento/createContact/input_Login_email'. Try using Self-healing.

2023-06-08 09:58:08 - [MESSAGE][WARNING] - [SELF-HEALING] The current locator of test object 'Object Repository/Day-02/Cogmento/createContact/input_Login_email' was broken. Propose an alternative one: '//input'.

2023-06-08 09:58:08 - [MESSAGE][PASSED] - Text 'deep.p@simformsolutions.com' is set on object 'Object Repository/Day-02/Cogmento/createContact/input_Login_email'

2023-06-08 09:58:09 - [MESSAGE][INFO] - Unable to find the element located by 'By.xpath: //input[@name='password']'. Please recheck the objects properties to make sure the desired element is located. 

2023-06-08 09:58:09 - [MESSAGE][WARNING] - [SELF-HEALING] Failed to find element with id 'Object Repository/Day-02/Cogmento/createContact/input_Login_password'. Try using Self-healing.

2023-06-08 09:58:09 - [MESSAGE][WARNING] - [SELF-HEALING] The current locator of test object 'Object Repository/Day-02/Cogmento/createContact/input_Login_password' was broken. Propose an alternative one: '//div[2]/div/input'.

2023-06-08 09:58:10 - [MESSAGE][INFO] - Unable to find the element located by 'By.xpath: //input[@name='password']'. Please recheck the objects properties to make sure the desired element is located. 

2023-06-08 09:58:10 - [MESSAGE][WARNING] - [SELF-HEALING] Failed to find element with id 'Object Repository/Day-02/Cogmento/createContact/input_Login_password'. Try using Self-healing.

2023-06-08 09:58:11 - [MESSAGE][WARNING] - [SELF-HEALING] The current locator of test object 'Object Repository/Day-02/Cogmento/createContact/input_Login_password' was broken. Propose an alternative one: '//div[2]/div/input'.

2023-06-08 09:58:11 - [MESSAGE][PASSED] - Text 'Deep@123' is set on object 'Object Repository/Day-02/Cogmento/createContact/input_Login_password'

2023-06-08 09:58:12 - [MESSAGE][INFO] - Unable to find the element located by 'By.xpath: //div[@id='ui']/div/div/form/div/div[3]'. Please recheck the objects properties to make sure the desired element is located. 

2023-06-08 09:58:12 - [MESSAGE][WARNING] - [SELF-HEALING] Failed to find element with id 'Object Repository/Day-02/Cogmento/createContact/div_Login'. Try using Self-healing.

2023-06-08 09:58:13 - [MESSAGE][INFO] - [SELF-HEALING] Failed Locator: '//div[@id='ui']/div/div/form/div/div[3]'.

2023-06-08 09:58:13 - [MESSAGE][INFO] - [SELF-HEALING] Failed Locator: '(.//*[normalize-space(text()) and normalize-space(.)='Forgot your password?'])[1]/preceding::div[1]'.

2023-06-08 09:58:13 - [MESSAGE][INFO] - [SELF-HEALING] Failed Locator: '//*/text()[normalize-space(.)='Login']/parent::*'.

2023-06-08 09:58:14 - [MESSAGE][INFO] - [SELF-HEALING] Working Locator: '//div/div[3]'.

2023-06-08 09:58:14 - [MESSAGE][INFO] - [SELF-HEALING] Screenshot: /home/deep/git/KatalonProject/Reports/Self-healing/Object Repository/Day-02/Cogmento/createContact/div_Login_position.png

2023-06-08 09:58:14 - [MESSAGE][WARNING] - [SELF-HEALING] The current locator of test object 'Object Repository/Day-02/Cogmento/createContact/div_Login' was broken. Propose an alternative one: '//div/div[3]'.

2023-06-08 09:58:14 - [MESSAGE][PASSED] - Object: 'Object Repository/Day-02/Cogmento/createContact/div_Login' is clicked on

2023-06-08 09:58:14 - [MESSAGE][PASSED] - com.LoginCogmento.Login is PASSED

2023-06-08 09:58:14 - [TEST_STEP][PASSED] - click(findTestObject("Object Repository/Day-02/Cogmento/deleteContact/i_Calendar_users icon")): Object: 'Object Repository/Day-02/Cogmento/deleteContact/i_Calendar_users icon' is clicked on

2023-06-08 09:58:15 - [MESSAGE][PASSED] - Object: 'Object Repository/Day-02/Cogmento/deleteContact/i_Calendar_users icon' is clicked on

2023-06-08 09:58:15 - [TEST_STEP][PASSED] - click(findTestObject("Object Repository/Day-02/Cogmento/deleteContact/i_deepgmail.com_trash icon")): Object: 'Object Repository/Day-02/Cogmento/deleteContact/i_deepgmail.com_trash icon' is clicked on

2023-06-08 09:58:16 - [MESSAGE][PASSED] - Object: 'Object Repository/Day-02/Cogmento/deleteContact/i_deepgmail.com_trash icon' is clicked on

2023-06-08 09:58:16 - [TEST_STEP][PASSED] - click(findTestObject("Object Repository/Day-02/Cogmento/deleteContact/button_Delete")): Object: 'Object Repository/Day-02/Cogmento/deleteContact/button_Delete' is clicked on

2023-06-08 09:58:16 - [MESSAGE][PASSED] - Object: 'Object Repository/Day-02/Cogmento/deleteContact/button_Delete' is clicked on

2023-06-08 09:58:16 - [TEST_STEP][PASSED] - click(findTestObject("Object Repository/Day-02/Cogmento/deleteContact/td")): Object: 'Object Repository/Day-02/Cogmento/deleteContact/td' is clicked on

2023-06-08 09:58:18 - [MESSAGE][PASSED] - Object: 'Object Repository/Day-02/Cogmento/deleteContact/td' is clicked on

2023-06-08 09:58:18 - [TEST_STEP][PASSED] - Start listener action : assertmessage: null

2023-06-08 09:58:18 - [TEST_STEP][PASSED] - println("Testcase Run successfully."): null]]></system-out>
         <system-err><![CDATA[]]></system-err>
      </testcase>
      <system-out><![CDATA[2023-06-08 09:57:14 - [TEST_SUITE][PASSED] - createDeleteContact: Test Cases/Day-02/Cogmento/deleteContact]]></system-out>
      <system-err><![CDATA[]]></system-err>
   </testsuite>
</testsuites>
