<?xml version="1.0" encoding="UTF-8"?>
<testsuites name="createContactusingCSV" time="53.834" tests="3" failures="0" errors="0">
   <testsuite name="createContactusingCSV" tests="3" failures="0" errors="0" time="53.834" skipped="0" timestamp="2023-06-08 15:48:20" hostname="deep - SF-CPU-460" id="Test Suites/Day-04/createContactusingCSV">
      <properties>
         <property name="deviceName" value=""/>
         <property name="devicePlatform" value=""/>
         <property name="logFolder" value="/home/deep/git/KatalonProject/Reports/20230608_154817/Day-04/createContactusingCSV/20230608_154818"/>
         <property name="logFiles" value="/home/deep/git/KatalonProject/Reports/20230608_154817/Day-04/createContactusingCSV/20230608_154818/execution0.log"/>
         <property name="attachments" value=""/>
         <property name="hostName" value="deep - SF-CPU-460"/>
         <property name="os" value="Linux 64bit"/>
         <property name="katalonVersion" value="8.6.0.208"/>
         <property name="browser" value="Chrome 109.0.0.0"/>
         <property name="hostAddress" value="127.0.1.1"/>
         <property name="sessionId" value="80518ff9e2c278272805277226f65471"/>
         <property name="seleniumVersion" value="3.141.59"/>
         <property name="proxyInformation" value="ProxyInformation { proxyOption=NO_PROXY, proxyServerType=HTTP, username=, password=********, proxyServerAddress=, proxyServerPort=0, executionList=&quot;&quot;, isApplyToDesiredCapabilities=true }"/>
         <property name="platform" value="Linux"/>
      </properties>
      <testcase name="Test Cases/Day-04/createContactUsingCSV" time="20.929" classname="Test Cases/Day-04/createContactUsingCSV" status="PASSED">
         <system-out><![CDATA[2023-06-08 15:48:21 - [TEST_CASE][PASSED] - Test Cases/Day-04/createContactUsingCSV: Test Cases/Day-04/createContactUsingCSV

2023-06-08 15:48:21 - [TEST_STEP][PASSED] - Start listener action : maximize: Current window maximized

2023-06-08 15:48:21 - [TEST_STEP][PASSED] - maximizeWindow(): Current window maximized

2023-06-08 15:48:21 - [MESSAGE][PASSED] - Current window maximized

2023-06-08 15:48:21 - [TEST_STEP][PASSED] - Start setup action : login: Method 'login' complete successfully

2023-06-08 15:48:22 - [TEST_STEP][PASSED] - navigateToUrl(URL): Navigate to 'https://ui.cogmento.com' successfully

2023-06-08 15:48:25 - [MESSAGE][PASSED] - Navigate to 'https://ui.cogmento.com' successfully

2023-06-08 15:48:25 - [TEST_STEP][PASSED] - username_object = "Object Repository/Day-02/Cogmento/createContact/input_Login_email": null

2023-06-08 15:48:25 - [TEST_STEP][PASSED] - password_object = "Object Repository/Day-02/Cogmento/createContact/input_Login_password": null

2023-06-08 15:48:25 - [TEST_STEP][PASSED] - loginBtn_object = "Object Repository/Day-02/Cogmento/createContact/div_Login": null

2023-06-08 15:48:25 - [TEST_STEP][PASSED] - com.LoginCogmento.Login(username_object, password_object, loginBtn_object, username, password): com.LoginCogmento.Login is PASSED

2023-06-08 15:48:26 - [MESSAGE][PASSED] - Text 'deep.p@simformsolutions.com' is set on object 'Object Repository/Day-02/Cogmento/createContact/input_Login_email'

2023-06-08 15:48:27 - [MESSAGE][PASSED] - Text 'Deep@123' is set on object 'Object Repository/Day-02/Cogmento/createContact/input_Login_password'

2023-06-08 15:48:27 - [MESSAGE][PASSED] - Object: 'Object Repository/Day-02/Cogmento/createContact/div_Login' is clicked on

2023-06-08 15:48:27 - [MESSAGE][PASSED] - com.LoginCogmento.Login is PASSED

2023-06-08 15:48:27 - [MESSAGE][PASSED] - Method 'login' complete successfully

2023-06-08 15:48:27 - [TEST_STEP][PASSED] - click(findTestObject("Object Repository/Day-04/Create Contact with CSV/i_Calendar_users icon")): Object: 'Object Repository/Day-04/Create Contact with CSV/i_Calendar_users icon' is clicked on

2023-06-08 15:48:31 - [MESSAGE][PASSED] - Object: 'Object Repository/Day-04/Create Contact with CSV/i_Calendar_users icon' is clicked on

2023-06-08 15:48:31 - [TEST_STEP][PASSED] - click(findTestObject("Object Repository/Day-04/Create Contact with CSV/button_Create")): Object: 'Object Repository/Day-04/Create Contact with CSV/button_Create' is clicked on

2023-06-08 15:48:33 - [MESSAGE][PASSED] - Object: 'Object Repository/Day-04/Create Contact with CSV/button_Create' is clicked on

2023-06-08 15:48:33 - [TEST_STEP][PASSED] - setText(findTestObject("Object Repository/Day-04/Create Contact with CSV/input_First Name_first_name"), FirstName): Text 'Deep' is set on object 'Object Repository/Day-04/Create Contact with CSV/input_First Name_first_name'

2023-06-08 15:48:34 - [MESSAGE][PASSED] - Text 'Deep' is set on object 'Object Repository/Day-04/Create Contact with CSV/input_First Name_first_name'

2023-06-08 15:48:34 - [TEST_STEP][PASSED] - setText(findTestObject("Object Repository/Day-04/Create Contact with CSV/input_Last Name_last_name"), LastName): Text 'Patel' is set on object 'Object Repository/Day-04/Create Contact with CSV/input_Last Name_last_name'

2023-06-08 15:48:35 - [MESSAGE][PASSED] - Text 'Patel' is set on object 'Object Repository/Day-04/Create Contact with CSV/input_Last Name_last_name'

2023-06-08 15:48:35 - [TEST_STEP][PASSED] - click(findTestObject("Object Repository/Day-04/Create Contact with CSV/button_Save")): Object: 'Object Repository/Day-04/Create Contact with CSV/button_Save' is clicked on

2023-06-08 15:48:35 - [MESSAGE][PASSED] - Object: 'Object Repository/Day-04/Create Contact with CSV/button_Save' is clicked on

2023-06-08 15:48:35 - [TEST_STEP][PASSED] - try: Text 'Deep Patel' is present on page 

2023-06-08 15:48:35 - [TEST_STEP][PASSED] - verifyTextPresent(FirstName + " " + LastName, false): Text 'Deep Patel' is present on page 

2023-06-08 15:48:38 - [MESSAGE][PASSED] - Text 'Deep Patel' is present on page 

2023-06-08 15:48:38 - [TEST_STEP][PASSED] - Start tear down : logout: Method 'logout' complete successfully

2023-06-08 15:48:38 - [TEST_STEP][PASSED] - try: Text 'Forgot your password?' is present on page 

2023-06-08 15:48:38 - [TEST_STEP][PASSED] - waitForPageLoad(5): Wait for page load successfully

2023-06-08 15:48:38 - [MESSAGE][PASSED] - Wait for page load successfully

2023-06-08 15:48:38 - [TEST_STEP][PASSED] - click(findTestObject("Object Repository/Day-04/Create Contact with CSV/i_Free account_settings icon")): Object: 'Object Repository/Day-04/Create Contact with CSV/i_Free account_settings icon' is clicked on

2023-06-08 15:48:38 - [MESSAGE][PASSED] - Object: 'Object Repository/Day-04/Create Contact with CSV/i_Free account_settings icon' is clicked on

2023-06-08 15:48:38 - [TEST_STEP][PASSED] - click(findTestObject("Object Repository/Day-04/Create Contact with CSV/span_Log Out")): Object: 'Object Repository/Day-04/Create Contact with CSV/span_Log Out' is clicked on

2023-06-08 15:48:39 - [MESSAGE][PASSED] - Object: 'Object Repository/Day-04/Create Contact with CSV/span_Log Out' is clicked on

2023-06-08 15:48:39 - [TEST_STEP][PASSED] - waitForPageLoad(5): Wait for page load successfully

2023-06-08 15:48:39 - [MESSAGE][PASSED] - Wait for page load successfully

2023-06-08 15:48:39 - [TEST_STEP][PASSED] - verifyTextPresent("Forgot your password?", false): Text 'Forgot your password?' is present on page 

2023-06-08 15:48:42 - [MESSAGE][PASSED] - Text 'Forgot your password?' is present on page 

2023-06-08 15:48:42 - [MESSAGE][PASSED] - Method 'logout' complete successfully

2023-06-08 15:48:42 - [TEST_STEP][PASSED] - Start listener action : assertmessage: null

2023-06-08 15:48:42 - [TEST_STEP][PASSED] - println("Testcase Run successfully."): null]]></system-out>
         <system-err><![CDATA[]]></system-err>
      </testcase>
      <testcase name="Test Cases/Day-04/createContactUsingCSV" time="16.093" classname="Test Cases/Day-04/createContactUsingCSV" status="PASSED">
         <system-out><![CDATA[2023-06-08 15:48:42 - [TEST_CASE][PASSED] - Test Cases/Day-04/createContactUsingCSV: Test Cases/Day-04/createContactUsingCSV

2023-06-08 15:48:42 - [TEST_STEP][PASSED] - Start listener action : maximize: Current window maximized

2023-06-08 15:48:42 - [TEST_STEP][PASSED] - maximizeWindow(): Current window maximized

2023-06-08 15:48:42 - [MESSAGE][PASSED] - Current window maximized

2023-06-08 15:48:42 - [TEST_STEP][PASSED] - Start setup action : login: Method 'login' complete successfully

2023-06-08 15:48:42 - [TEST_STEP][PASSED] - navigateToUrl(URL): Navigate to 'https://ui.cogmento.com' successfully

2023-06-08 15:48:43 - [MESSAGE][PASSED] - Navigate to 'https://ui.cogmento.com' successfully

2023-06-08 15:48:43 - [TEST_STEP][PASSED] - username_object = "Object Repository/Day-02/Cogmento/createContact/input_Login_email": null

2023-06-08 15:48:43 - [TEST_STEP][PASSED] - password_object = "Object Repository/Day-02/Cogmento/createContact/input_Login_password": null

2023-06-08 15:48:43 - [TEST_STEP][PASSED] - loginBtn_object = "Object Repository/Day-02/Cogmento/createContact/div_Login": null

2023-06-08 15:48:43 - [TEST_STEP][PASSED] - com.LoginCogmento.Login(username_object, password_object, loginBtn_object, username, password): com.LoginCogmento.Login is PASSED

2023-06-08 15:48:44 - [MESSAGE][PASSED] - Text 'deep.p@simformsolutions.com' is set on object 'Object Repository/Day-02/Cogmento/createContact/input_Login_email'

2023-06-08 15:48:45 - [MESSAGE][PASSED] - Text 'Deep@123' is set on object 'Object Repository/Day-02/Cogmento/createContact/input_Login_password'

2023-06-08 15:48:46 - [MESSAGE][PASSED] - Object: 'Object Repository/Day-02/Cogmento/createContact/div_Login' is clicked on

2023-06-08 15:48:46 - [MESSAGE][PASSED] - com.LoginCogmento.Login is PASSED

2023-06-08 15:48:46 - [MESSAGE][PASSED] - Method 'login' complete successfully

2023-06-08 15:48:46 - [TEST_STEP][PASSED] - click(findTestObject("Object Repository/Day-04/Create Contact with CSV/i_Calendar_users icon")): Object: 'Object Repository/Day-04/Create Contact with CSV/i_Calendar_users icon' is clicked on

2023-06-08 15:48:48 - [MESSAGE][PASSED] - Object: 'Object Repository/Day-04/Create Contact with CSV/i_Calendar_users icon' is clicked on

2023-06-08 15:48:48 - [TEST_STEP][PASSED] - click(findTestObject("Object Repository/Day-04/Create Contact with CSV/button_Create")): Object: 'Object Repository/Day-04/Create Contact with CSV/button_Create' is clicked on

2023-06-08 15:48:49 - [MESSAGE][PASSED] - Object: 'Object Repository/Day-04/Create Contact with CSV/button_Create' is clicked on

2023-06-08 15:48:49 - [TEST_STEP][PASSED] - setText(findTestObject("Object Repository/Day-04/Create Contact with CSV/input_First Name_first_name"), FirstName): Text 'Dharm' is set on object 'Object Repository/Day-04/Create Contact with CSV/input_First Name_first_name'

2023-06-08 15:48:51 - [MESSAGE][PASSED] - Text 'Dharm' is set on object 'Object Repository/Day-04/Create Contact with CSV/input_First Name_first_name'

2023-06-08 15:48:51 - [TEST_STEP][PASSED] - setText(findTestObject("Object Repository/Day-04/Create Contact with CSV/input_Last Name_last_name"), LastName): Text 'Patel' is set on object 'Object Repository/Day-04/Create Contact with CSV/input_Last Name_last_name'

2023-06-08 15:48:52 - [MESSAGE][PASSED] - Text 'Patel' is set on object 'Object Repository/Day-04/Create Contact with CSV/input_Last Name_last_name'

2023-06-08 15:48:52 - [TEST_STEP][PASSED] - click(findTestObject("Object Repository/Day-04/Create Contact with CSV/button_Save")): Object: 'Object Repository/Day-04/Create Contact with CSV/button_Save' is clicked on

2023-06-08 15:48:52 - [MESSAGE][PASSED] - Object: 'Object Repository/Day-04/Create Contact with CSV/button_Save' is clicked on

2023-06-08 15:48:52 - [TEST_STEP][PASSED] - try: Text 'Dharm Patel' is present on page 

2023-06-08 15:48:52 - [TEST_STEP][PASSED] - verifyTextPresent(FirstName + " " + LastName, false): Text 'Dharm Patel' is present on page 

2023-06-08 15:48:54 - [MESSAGE][PASSED] - Text 'Dharm Patel' is present on page 

2023-06-08 15:48:54 - [TEST_STEP][PASSED] - Start tear down : logout: Method 'logout' complete successfully

2023-06-08 15:48:54 - [TEST_STEP][PASSED] - try: Text 'Forgot your password?' is present on page 

2023-06-08 15:48:54 - [TEST_STEP][PASSED] - waitForPageLoad(5): Wait for page load successfully

2023-06-08 15:48:54 - [MESSAGE][PASSED] - Wait for page load successfully

2023-06-08 15:48:54 - [TEST_STEP][PASSED] - click(findTestObject("Object Repository/Day-04/Create Contact with CSV/i_Free account_settings icon")): Object: 'Object Repository/Day-04/Create Contact with CSV/i_Free account_settings icon' is clicked on

2023-06-08 15:48:55 - [MESSAGE][PASSED] - Object: 'Object Repository/Day-04/Create Contact with CSV/i_Free account_settings icon' is clicked on

2023-06-08 15:48:55 - [TEST_STEP][PASSED] - click(findTestObject("Object Repository/Day-04/Create Contact with CSV/span_Log Out")): Object: 'Object Repository/Day-04/Create Contact with CSV/span_Log Out' is clicked on

2023-06-08 15:48:55 - [MESSAGE][PASSED] - Object: 'Object Repository/Day-04/Create Contact with CSV/span_Log Out' is clicked on

2023-06-08 15:48:55 - [TEST_STEP][PASSED] - waitForPageLoad(5): Wait for page load successfully

2023-06-08 15:48:55 - [MESSAGE][PASSED] - Wait for page load successfully

2023-06-08 15:48:55 - [TEST_STEP][PASSED] - verifyTextPresent("Forgot your password?", false): Text 'Forgot your password?' is present on page 

2023-06-08 15:48:58 - [MESSAGE][PASSED] - Text 'Forgot your password?' is present on page 

2023-06-08 15:48:58 - [MESSAGE][PASSED] - Method 'logout' complete successfully

2023-06-08 15:48:58 - [TEST_STEP][PASSED] - Start listener action : assertmessage: null

2023-06-08 15:48:58 - [TEST_STEP][PASSED] - println("Testcase Run successfully."): null]]></system-out>
         <system-err><![CDATA[]]></system-err>
      </testcase>
      <testcase name="Test Cases/Day-04/createContactUsingCSV" time="15.618" classname="Test Cases/Day-04/createContactUsingCSV" status="PASSED">
         <system-out><![CDATA[2023-06-08 15:48:58 - [TEST_CASE][PASSED] - Test Cases/Day-04/createContactUsingCSV: Test Cases/Day-04/createContactUsingCSV

2023-06-08 15:48:58 - [TEST_STEP][PASSED] - Start listener action : maximize: Current window maximized

2023-06-08 15:48:58 - [TEST_STEP][PASSED] - maximizeWindow(): Current window maximized

2023-06-08 15:48:58 - [MESSAGE][PASSED] - Current window maximized

2023-06-08 15:48:58 - [TEST_STEP][PASSED] - Start setup action : login: Method 'login' complete successfully

2023-06-08 15:48:58 - [TEST_STEP][PASSED] - navigateToUrl(URL): Navigate to 'https://ui.cogmento.com' successfully

2023-06-08 15:49:00 - [MESSAGE][PASSED] - Navigate to 'https://ui.cogmento.com' successfully

2023-06-08 15:49:00 - [TEST_STEP][PASSED] - username_object = "Object Repository/Day-02/Cogmento/createContact/input_Login_email": null

2023-06-08 15:49:00 - [TEST_STEP][PASSED] - password_object = "Object Repository/Day-02/Cogmento/createContact/input_Login_password": null

2023-06-08 15:49:00 - [TEST_STEP][PASSED] - loginBtn_object = "Object Repository/Day-02/Cogmento/createContact/div_Login": null

2023-06-08 15:49:00 - [TEST_STEP][PASSED] - com.LoginCogmento.Login(username_object, password_object, loginBtn_object, username, password): com.LoginCogmento.Login is PASSED

2023-06-08 15:49:00 - [MESSAGE][PASSED] - Text 'deep.p@simformsolutions.com' is set on object 'Object Repository/Day-02/Cogmento/createContact/input_Login_email'

2023-06-08 15:49:01 - [MESSAGE][PASSED] - Text 'Deep@123' is set on object 'Object Repository/Day-02/Cogmento/createContact/input_Login_password'

2023-06-08 15:49:02 - [MESSAGE][PASSED] - Object: 'Object Repository/Day-02/Cogmento/createContact/div_Login' is clicked on

2023-06-08 15:49:02 - [MESSAGE][PASSED] - com.LoginCogmento.Login is PASSED

2023-06-08 15:49:02 - [MESSAGE][PASSED] - Method 'login' complete successfully

2023-06-08 15:49:02 - [TEST_STEP][PASSED] - click(findTestObject("Object Repository/Day-04/Create Contact with CSV/i_Calendar_users icon")): Object: 'Object Repository/Day-04/Create Contact with CSV/i_Calendar_users icon' is clicked on

2023-06-08 15:49:04 - [MESSAGE][PASSED] - Object: 'Object Repository/Day-04/Create Contact with CSV/i_Calendar_users icon' is clicked on

2023-06-08 15:49:04 - [TEST_STEP][PASSED] - click(findTestObject("Object Repository/Day-04/Create Contact with CSV/button_Create")): Object: 'Object Repository/Day-04/Create Contact with CSV/button_Create' is clicked on

2023-06-08 15:49:05 - [MESSAGE][PASSED] - Object: 'Object Repository/Day-04/Create Contact with CSV/button_Create' is clicked on

2023-06-08 15:49:05 - [TEST_STEP][PASSED] - setText(findTestObject("Object Repository/Day-04/Create Contact with CSV/input_First Name_first_name"), FirstName): Text 'Kunj' is set on object 'Object Repository/Day-04/Create Contact with CSV/input_First Name_first_name'

2023-06-08 15:49:06 - [MESSAGE][PASSED] - Text 'Kunj' is set on object 'Object Repository/Day-04/Create Contact with CSV/input_First Name_first_name'

2023-06-08 15:49:06 - [TEST_STEP][PASSED] - setText(findTestObject("Object Repository/Day-04/Create Contact with CSV/input_Last Name_last_name"), LastName): Text 'Kaneria' is set on object 'Object Repository/Day-04/Create Contact with CSV/input_Last Name_last_name'

2023-06-08 15:49:08 - [MESSAGE][PASSED] - Text 'Kaneria' is set on object 'Object Repository/Day-04/Create Contact with CSV/input_Last Name_last_name'

2023-06-08 15:49:08 - [TEST_STEP][PASSED] - click(findTestObject("Object Repository/Day-04/Create Contact with CSV/button_Save")): Object: 'Object Repository/Day-04/Create Contact with CSV/button_Save' is clicked on

2023-06-08 15:49:08 - [MESSAGE][PASSED] - Object: 'Object Repository/Day-04/Create Contact with CSV/button_Save' is clicked on

2023-06-08 15:49:08 - [TEST_STEP][PASSED] - try: Text 'Kunj Kaneria' is present on page 

2023-06-08 15:49:08 - [TEST_STEP][PASSED] - verifyTextPresent(FirstName + " " + LastName, false): Text 'Kunj Kaneria' is present on page 

2023-06-08 15:49:10 - [MESSAGE][PASSED] - Text 'Kunj Kaneria' is present on page 

2023-06-08 15:49:10 - [TEST_STEP][PASSED] - Start tear down : logout: Method 'logout' complete successfully

2023-06-08 15:49:10 - [TEST_STEP][PASSED] - try: Text 'Forgot your password?' is present on page 

2023-06-08 15:49:10 - [TEST_STEP][PASSED] - waitForPageLoad(5): Wait for page load successfully

2023-06-08 15:49:10 - [MESSAGE][PASSED] - Wait for page load successfully

2023-06-08 15:49:10 - [TEST_STEP][PASSED] - click(findTestObject("Object Repository/Day-04/Create Contact with CSV/i_Free account_settings icon")): Object: 'Object Repository/Day-04/Create Contact with CSV/i_Free account_settings icon' is clicked on

2023-06-08 15:49:10 - [MESSAGE][PASSED] - Object: 'Object Repository/Day-04/Create Contact with CSV/i_Free account_settings icon' is clicked on

2023-06-08 15:49:10 - [TEST_STEP][PASSED] - click(findTestObject("Object Repository/Day-04/Create Contact with CSV/span_Log Out")): Object: 'Object Repository/Day-04/Create Contact with CSV/span_Log Out' is clicked on

2023-06-08 15:49:11 - [MESSAGE][PASSED] - Object: 'Object Repository/Day-04/Create Contact with CSV/span_Log Out' is clicked on

2023-06-08 15:49:11 - [TEST_STEP][PASSED] - waitForPageLoad(5): Wait for page load successfully

2023-06-08 15:49:11 - [MESSAGE][PASSED] - Wait for page load successfully

2023-06-08 15:49:11 - [TEST_STEP][PASSED] - verifyTextPresent("Forgot your password?", false): Text 'Forgot your password?' is present on page 

2023-06-08 15:49:14 - [MESSAGE][PASSED] - Text 'Forgot your password?' is present on page 

2023-06-08 15:49:14 - [MESSAGE][PASSED] - Method 'logout' complete successfully

2023-06-08 15:49:14 - [TEST_STEP][PASSED] - Start listener action : assertmessage: null

2023-06-08 15:49:14 - [TEST_STEP][PASSED] - println("Testcase Run successfully."): null]]></system-out>
         <system-err><![CDATA[]]></system-err>
      </testcase>
      <system-out><![CDATA[2023-06-08 15:48:20 - [TEST_SUITE][PASSED] - createContactusingCSV: Test Cases/Day-04/createContactUsingCSV]]></system-out>
      <system-err><![CDATA[]]></system-err>
   </testsuite>
</testsuites>
